Resetting modules to system default. Reseting $MODULEPATH back to system default. All extra directories will be removed from $MODULEPATH.
if main
Create path : ./save/
Create path : ./save/fig
solver.train called here
Epoch [1/100], Step [20/320], Loss: 0.0035, Time: 28.1s
Epoch [1/100], Step [40/320], Loss: 0.0029, Time: 41.4s
Epoch [1/100], Step [60/320], Loss: 0.0026, Time: 54.8s
Epoch [1/100], Step [80/320], Loss: 0.0030, Time: 68.1s
Epoch [1/100], Step [100/320], Loss: 0.0026, Time: 81.5s
Epoch [1/100], Step [120/320], Loss: 0.0025, Time: 94.8s
Epoch [1/100], Step [140/320], Loss: 0.0023, Time: 108.1s
Epoch [1/100], Step [160/320], Loss: 0.0023, Time: 121.5s
Epoch [1/100], Step [180/320], Loss: 0.0030, Time: 134.9s
Epoch [1/100], Step [200/320], Loss: 0.0015, Time: 148.2s
Epoch [1/100], Step [220/320], Loss: 0.0021, Time: 161.6s
Epoch [1/100], Step [240/320], Loss: 0.0018, Time: 175.0s
Epoch [1/100], Step [260/320], Loss: 0.0024, Time: 188.3s
Epoch [1/100], Step [280/320], Loss: 0.0022, Time: 201.7s
Epoch [1/100], Step [300/320], Loss: 0.0019, Time: 215.1s
Epoch [1/100], Step [320/320], Loss: 0.0022, Time: 228.4s
Epoch [2/100], Step [20/320], Loss: 0.0019, Time: 242.4s
Epoch [2/100], Step [40/320], Loss: 0.0012, Time: 255.8s
Epoch [2/100], Step [60/320], Loss: 0.0023, Time: 269.1s
Epoch [2/100], Step [80/320], Loss: 0.0016, Time: 282.5s
Epoch [2/100], Step [100/320], Loss: 0.0015, Time: 295.9s
Epoch [2/100], Step [120/320], Loss: 0.0026, Time: 309.3s
Epoch [2/100], Step [140/320], Loss: 0.0019, Time: 322.6s
Epoch [2/100], Step [160/320], Loss: 0.0016, Time: 336.0s
Epoch [2/100], Step [180/320], Loss: 0.0014, Time: 349.4s
Epoch [2/100], Step [200/320], Loss: 0.0019, Time: 362.8s
Epoch [2/100], Step [220/320], Loss: 0.0015, Time: 376.1s
Epoch [2/100], Step [240/320], Loss: 0.0019, Time: 389.5s
Epoch [2/100], Step [260/320], Loss: 0.0020, Time: 402.9s
Epoch [2/100], Step [280/320], Loss: 0.0018, Time: 416.3s
Epoch [2/100], Step [300/320], Loss: 0.0014, Time: 429.6s
Epoch [2/100], Step [320/320], Loss: 0.0016, Time: 443.0s
Epoch [3/100], Step [20/320], Loss: 0.0022, Time: 457.0s
Epoch [3/100], Step [40/320], Loss: 0.0017, Time: 470.3s
Epoch [3/100], Step [60/320], Loss: 0.0015, Time: 483.7s
Epoch [3/100], Step [80/320], Loss: 0.0020, Time: 497.1s
Epoch [3/100], Step [100/320], Loss: 0.0016, Time: 510.4s
Epoch [3/100], Step [120/320], Loss: 0.0013, Time: 523.8s
Epoch [3/100], Step [140/320], Loss: 0.0016, Time: 537.2s
Epoch [3/100], Step [160/320], Loss: 0.0014, Time: 550.6s
Epoch [3/100], Step [180/320], Loss: 0.0020, Time: 563.9s
Epoch [3/100], Step [200/320], Loss: 0.0019, Time: 577.3s
Epoch [3/100], Step [220/320], Loss: 0.0020, Time: 590.7s
Epoch [3/100], Step [240/320], Loss: 0.0025, Time: 604.0s
Epoch [3/100], Step [260/320], Loss: 0.0016, Time: 617.4s
Epoch [3/100], Step [280/320], Loss: 0.0016, Time: 630.7s
Epoch [3/100], Step [300/320], Loss: 0.0015, Time: 644.1s
Epoch [3/100], Step [320/320], Loss: 0.0016, Time: 657.5s
Epoch [4/100], Step [20/320], Loss: 0.0019, Time: 671.4s
Epoch [4/100], Step [40/320], Loss: 0.0012, Time: 684.8s
Epoch [4/100], Step [60/320], Loss: 0.0019, Time: 698.3s
Epoch [4/100], Step [80/320], Loss: 0.0018, Time: 711.6s
Epoch [4/100], Step [100/320], Loss: 0.0012, Time: 725.0s
Epoch [4/100], Step [120/320], Loss: 0.0021, Time: 738.4s
Epoch [4/100], Step [140/320], Loss: 0.0016, Time: 751.8s
Epoch [4/100], Step [160/320], Loss: 0.0017, Time: 765.2s
Epoch [4/100], Step [180/320], Loss: 0.0011, Time: 778.5s
Epoch [4/100], Step [200/320], Loss: 0.0019, Time: 791.9s
Epoch [4/100], Step [220/320], Loss: 0.0018, Time: 805.3s
Epoch [4/100], Step [240/320], Loss: 0.0015, Time: 818.7s
Epoch [4/100], Step [260/320], Loss: 0.0014, Time: 832.1s
Epoch [4/100], Step [280/320], Loss: 0.0020, Time: 845.4s
Epoch [4/100], Step [300/320], Loss: 0.0013, Time: 858.8s
Epoch [4/100], Step [320/320], Loss: 0.0014, Time: 872.2s
Epoch [5/100], Step [20/320], Loss: 0.0013, Time: 886.2s
Epoch [5/100], Step [40/320], Loss: 0.0020, Time: 899.6s
Epoch [5/100], Step [60/320], Loss: 0.0011, Time: 912.9s
Epoch [5/100], Step [80/320], Loss: 0.0014, Time: 926.3s
Epoch [5/100], Step [100/320], Loss: 0.0011, Time: 939.7s
Epoch [5/100], Step [120/320], Loss: 0.0012, Time: 953.1s
Epoch [5/100], Step [140/320], Loss: 0.0014, Time: 966.4s
Epoch [5/100], Step [160/320], Loss: 0.0016, Time: 979.8s
Epoch [5/100], Step [180/320], Loss: 0.0011, Time: 993.2s
Epoch [5/100], Step [200/320], Loss: 0.0018, Time: 1006.5s
Epoch [5/100], Step [220/320], Loss: 0.0011, Time: 1019.9s
Epoch [5/100], Step [240/320], Loss: 0.0018, Time: 1033.3s
Epoch [5/100], Step [260/320], Loss: 0.0021, Time: 1046.6s
Epoch [5/100], Step [280/320], Loss: 0.0013, Time: 1060.0s
Epoch [5/100], Step [300/320], Loss: 0.0013, Time: 1073.4s
Epoch [5/100], Step [320/320], Loss: 0.0015, Time: 1086.7s
Epoch [6/100], Step [20/320], Loss: 0.0012, Time: 1100.7s
Epoch [6/100], Step [40/320], Loss: 0.0013, Time: 1114.0s
Epoch [6/100], Step [60/320], Loss: 0.0010, Time: 1127.3s
Epoch [6/100], Step [80/320], Loss: 0.0016, Time: 1140.7s
Epoch [6/100], Step [100/320], Loss: 0.0016, Time: 1154.1s
Epoch [6/100], Step [120/320], Loss: 0.0014, Time: 1167.4s
Epoch [6/100], Step [140/320], Loss: 0.0015, Time: 1180.8s
Epoch [6/100], Step [160/320], Loss: 0.0014, Time: 1194.1s
Epoch [6/100], Step [180/320], Loss: 0.0015, Time: 1207.5s
Epoch [6/100], Step [200/320], Loss: 0.0010, Time: 1220.9s
Epoch [6/100], Step [220/320], Loss: 0.0013, Time: 1234.3s
Epoch [6/100], Step [240/320], Loss: 0.0025, Time: 1247.6s
Epoch [6/100], Step [260/320], Loss: 0.0013, Time: 1261.0s
Epoch [6/100], Step [280/320], Loss: 0.0008, Time: 1274.4s
Epoch [6/100], Step [300/320], Loss: 0.0013, Time: 1287.8s
Epoch [6/100], Step [320/320], Loss: 0.0017, Time: 1301.1s
Epoch [7/100], Step [20/320], Loss: 0.0011, Time: 1315.1s
Epoch [7/100], Step [40/320], Loss: 0.0017, Time: 1328.5s
Epoch [7/100], Step [60/320], Loss: 0.0014, Time: 1341.9s
Epoch [7/100], Step [80/320], Loss: 0.0014, Time: 1355.3s
Epoch [7/100], Step [100/320], Loss: 0.0015, Time: 1368.7s
Epoch [7/100], Step [120/320], Loss: 0.0009, Time: 1382.1s
Epoch [7/100], Step [140/320], Loss: 0.0011, Time: 1395.5s
Epoch [7/100], Step [160/320], Loss: 0.0011, Time: 1408.8s
Epoch [7/100], Step [180/320], Loss: 0.0026, Time: 1422.2s
Epoch [7/100], Step [200/320], Loss: 0.0015, Time: 1435.6s
Epoch [7/100], Step [220/320], Loss: 0.0014, Time: 1449.0s
Epoch [7/100], Step [240/320], Loss: 0.0015, Time: 1462.4s
Epoch [7/100], Step [260/320], Loss: 0.0014, Time: 1475.8s
Epoch [7/100], Step [280/320], Loss: 0.0015, Time: 1489.2s
Epoch [7/100], Step [300/320], Loss: 0.0010, Time: 1502.6s
Epoch [7/100], Step [320/320], Loss: 0.0011, Time: 1515.9s
Epoch [8/100], Step [20/320], Loss: 0.0013, Time: 1529.9s
Epoch [8/100], Step [40/320], Loss: 0.0010, Time: 1543.3s
Epoch [8/100], Step [60/320], Loss: 0.0011, Time: 1556.7s
Epoch [8/100], Step [80/320], Loss: 0.0013, Time: 1570.1s
Epoch [8/100], Step [100/320], Loss: 0.0010, Time: 1583.5s
Epoch [8/100], Step [120/320], Loss: 0.0014, Time: 1596.9s
Epoch [8/100], Step [140/320], Loss: 0.0010, Time: 1610.3s
Epoch [8/100], Step [160/320], Loss: 0.0016, Time: 1623.7s
Epoch [8/100], Step [180/320], Loss: 0.0009, Time: 1637.1s
Epoch [8/100], Step [200/320], Loss: 0.0011, Time: 1650.5s
Epoch [8/100], Step [220/320], Loss: 0.0012, Time: 1663.9s
Epoch [8/100], Step [240/320], Loss: 0.0015, Time: 1677.3s
Epoch [8/100], Step [260/320], Loss: 0.0016, Time: 1690.7s
Epoch [8/100], Step [280/320], Loss: 0.0012, Time: 1704.0s
Epoch [8/100], Step [300/320], Loss: 0.0015, Time: 1717.4s
Epoch [8/100], Step [320/320], Loss: 0.0010, Time: 1730.8s
Epoch [9/100], Step [20/320], Loss: 0.0009, Time: 1744.7s
Epoch [9/100], Step [40/320], Loss: 0.0015, Time: 1758.1s
Epoch [9/100], Step [60/320], Loss: 0.0014, Time: 1771.4s
Epoch [9/100], Step [80/320], Loss: 0.0013, Time: 1784.7s
Epoch [9/100], Step [100/320], Loss: 0.0016, Time: 1798.1s
Epoch [9/100], Step [120/320], Loss: 0.0009, Time: 1811.4s
Epoch [9/100], Step [140/320], Loss: 0.0010, Time: 1824.8s
Epoch [9/100], Step [160/320], Loss: 0.0013, Time: 1838.2s
Epoch [9/100], Step [180/320], Loss: 0.0018, Time: 1851.5s
Epoch [9/100], Step [200/320], Loss: 0.0011, Time: 1864.8s
Epoch [9/100], Step [220/320], Loss: 0.0011, Time: 1878.2s
Epoch [9/100], Step [240/320], Loss: 0.0011, Time: 1891.5s
Epoch [9/100], Step [260/320], Loss: 0.0014, Time: 1904.9s
Epoch [9/100], Step [280/320], Loss: 0.0015, Time: 1918.2s
Epoch [9/100], Step [300/320], Loss: 0.0012, Time: 1931.6s
Epoch [9/100], Step [320/320], Loss: 0.0014, Time: 1944.9s
Epoch [10/100], Step [20/320], Loss: 0.0014, Time: 1958.9s
Epoch [10/100], Step [40/320], Loss: 0.0010, Time: 1972.2s
Epoch [10/100], Step [60/320], Loss: 0.0009, Time: 1985.6s
Epoch [10/100], Step [80/320], Loss: 0.0011, Time: 1998.9s
Epoch [10/100], Step [100/320], Loss: 0.0014, Time: 2012.3s
Epoch [10/100], Step [120/320], Loss: 0.0007, Time: 2025.7s
Epoch [10/100], Step [140/320], Loss: 0.0012, Time: 2039.0s
Epoch [10/100], Step [160/320], Loss: 0.0012, Time: 2052.4s
Epoch [10/100], Step [180/320], Loss: 0.0014, Time: 2065.8s
Epoch [10/100], Step [200/320], Loss: 0.0012, Time: 2079.1s
Epoch [10/100], Step [220/320], Loss: 0.0009, Time: 2092.5s
Epoch [10/100], Step [240/320], Loss: 0.0017, Time: 2105.9s
Epoch [10/100], Step [260/320], Loss: 0.0010, Time: 2119.3s
Epoch [10/100], Step [280/320], Loss: 0.0008, Time: 2132.6s
Epoch [10/100], Step [300/320], Loss: 0.0009, Time: 2146.0s
Epoch [10/100], Step [320/320], Loss: 0.0013, Time: 2159.4s
Epoch [11/100], Step [20/320], Loss: 0.0011, Time: 2173.3s
Epoch [11/100], Step [40/320], Loss: 0.0016, Time: 2186.7s
Epoch [11/100], Step [60/320], Loss: 0.0015, Time: 2200.1s
Epoch [11/100], Step [80/320], Loss: 0.0009, Time: 2213.5s
Epoch [11/100], Step [100/320], Loss: 0.0014, Time: 2226.8s
Epoch [11/100], Step [120/320], Loss: 0.0012, Time: 2240.2s
Epoch [11/100], Step [140/320], Loss: 0.0018, Time: 2253.6s
Epoch [11/100], Step [160/320], Loss: 0.0010, Time: 2267.0s
Epoch [11/100], Step [180/320], Loss: 0.0012, Time: 2280.4s
Epoch [11/100], Step [200/320], Loss: 0.0010, Time: 2293.8s
Epoch [11/100], Step [220/320], Loss: 0.0011, Time: 2307.1s
Epoch [11/100], Step [240/320], Loss: 0.0007, Time: 2320.5s
Epoch [11/100], Step [260/320], Loss: 0.0015, Time: 2333.9s
Epoch [11/100], Step [280/320], Loss: 0.0013, Time: 2347.2s
Epoch [11/100], Step [300/320], Loss: 0.0012, Time: 2360.6s
Epoch [11/100], Step [320/320], Loss: 0.0009, Time: 2374.0s
Epoch [12/100], Step [20/320], Loss: 0.0008, Time: 2388.0s
Epoch [12/100], Step [40/320], Loss: 0.0008, Time: 2401.4s
Epoch [12/100], Step [60/320], Loss: 0.0008, Time: 2414.7s
Epoch [12/100], Step [80/320], Loss: 0.0011, Time: 2428.1s
Epoch [12/100], Step [100/320], Loss: 0.0015, Time: 2441.5s
Epoch [12/100], Step [120/320], Loss: 0.0018, Time: 2454.9s
Epoch [12/100], Step [140/320], Loss: 0.0010, Time: 2468.3s
Epoch [12/100], Step [160/320], Loss: 0.0013, Time: 2481.7s
Epoch [12/100], Step [180/320], Loss: 0.0009, Time: 2495.0s
Epoch [12/100], Step [200/320], Loss: 0.0014, Time: 2508.4s
Epoch [12/100], Step [220/320], Loss: 0.0013, Time: 2521.8s
Epoch [12/100], Step [240/320], Loss: 0.0009, Time: 2535.2s
Epoch [12/100], Step [260/320], Loss: 0.0012, Time: 2548.6s
Epoch [12/100], Step [280/320], Loss: 0.0009, Time: 2562.0s
Epoch [12/100], Step [300/320], Loss: 0.0009, Time: 2575.3s
Epoch [12/100], Step [320/320], Loss: 0.0009, Time: 2588.7s
Epoch [13/100], Step [20/320], Loss: 0.0012, Time: 2602.7s
Epoch [13/100], Step [40/320], Loss: 0.0008, Time: 2616.1s
Epoch [13/100], Step [60/320], Loss: 0.0008, Time: 2629.5s
Epoch [13/100], Step [80/320], Loss: 0.0008, Time: 2642.9s
Epoch [13/100], Step [100/320], Loss: 0.0015, Time: 2656.2s
Epoch [13/100], Step [120/320], Loss: 0.0010, Time: 2669.6s
Epoch [13/100], Step [140/320], Loss: 0.0011, Time: 2683.0s
Epoch [13/100], Step [160/320], Loss: 0.0012, Time: 2696.4s
Epoch [13/100], Step [180/320], Loss: 0.0013, Time: 2709.8s
Epoch [13/100], Step [200/320], Loss: 0.0010, Time: 2723.2s
Epoch [13/100], Step [220/320], Loss: 0.0013, Time: 2736.5s
Epoch [13/100], Step [240/320], Loss: 0.0020, Time: 2749.9s
Epoch [13/100], Step [260/320], Loss: 0.0012, Time: 2763.3s
Epoch [13/100], Step [280/320], Loss: 0.0010, Time: 2776.6s
Epoch [13/100], Step [300/320], Loss: 0.0009, Time: 2790.0s
Epoch [13/100], Step [320/320], Loss: 0.0013, Time: 2803.4s
Epoch [14/100], Step [20/320], Loss: 0.0010, Time: 2817.3s
Epoch [14/100], Step [40/320], Loss: 0.0011, Time: 2830.7s
Epoch [14/100], Step [60/320], Loss: 0.0012, Time: 2844.1s
Epoch [14/100], Step [80/320], Loss: 0.0010, Time: 2857.4s
Epoch [14/100], Step [100/320], Loss: 0.0013, Time: 2870.8s
Epoch [14/100], Step [120/320], Loss: 0.0010, Time: 2884.1s
Epoch [14/100], Step [140/320], Loss: 0.0013, Time: 2897.5s
Epoch [14/100], Step [160/320], Loss: 0.0016, Time: 2910.9s
Epoch [14/100], Step [180/320], Loss: 0.0009, Time: 2924.2s
Epoch [14/100], Step [200/320], Loss: 0.0014, Time: 2937.6s
Epoch [14/100], Step [220/320], Loss: 0.0012, Time: 2951.0s
Epoch [14/100], Step [240/320], Loss: 0.0013, Time: 2964.3s
Epoch [14/100], Step [260/320], Loss: 0.0013, Time: 2977.7s
Epoch [14/100], Step [280/320], Loss: 0.0012, Time: 2991.1s
Epoch [14/100], Step [300/320], Loss: 0.0007, Time: 3004.4s
Epoch [14/100], Step [320/320], Loss: 0.0011, Time: 3017.8s
Epoch [15/100], Step [20/320], Loss: 0.0009, Time: 3031.8s
Epoch [15/100], Step [40/320], Loss: 0.0009, Time: 3045.1s
Epoch [15/100], Step [60/320], Loss: 0.0009, Time: 3058.5s
Epoch [15/100], Step [80/320], Loss: 0.0009, Time: 3071.9s
Epoch [15/100], Step [100/320], Loss: 0.0010, Time: 3085.3s
Epoch [15/100], Step [120/320], Loss: 0.0011, Time: 3098.7s
Epoch [15/100], Step [140/320], Loss: 0.0011, Time: 3112.0s
Epoch [15/100], Step [160/320], Loss: 0.0009, Time: 3125.4s
Epoch [15/100], Step [180/320], Loss: 0.0011, Time: 3138.8s
Epoch [15/100], Step [200/320], Loss: 0.0012, Time: 3152.2s
Epoch [15/100], Step [220/320], Loss: 0.0015, Time: 3165.6s
Epoch [15/100], Step [240/320], Loss: 0.0013, Time: 3179.1s
Epoch [15/100], Step [260/320], Loss: 0.0012, Time: 3192.5s
Epoch [15/100], Step [280/320], Loss: 0.0012, Time: 3205.9s
Epoch [15/100], Step [300/320], Loss: 0.0010, Time: 3219.3s
Epoch [15/100], Step [320/320], Loss: 0.0010, Time: 3232.8s
Epoch [16/100], Step [20/320], Loss: 0.0009, Time: 3246.8s
Epoch [16/100], Step [40/320], Loss: 0.0012, Time: 3260.3s
Epoch [16/100], Step [60/320], Loss: 0.0014, Time: 3273.7s
Epoch [16/100], Step [80/320], Loss: 0.0014, Time: 3287.1s
Epoch [16/100], Step [100/320], Loss: 0.0009, Time: 3300.6s
Epoch [16/100], Step [120/320], Loss: 0.0009, Time: 3314.0s
Epoch [16/100], Step [140/320], Loss: 0.0011, Time: 3327.4s
Epoch [16/100], Step [160/320], Loss: 0.0011, Time: 3340.9s
Epoch [16/100], Step [180/320], Loss: 0.0007, Time: 3354.3s
Epoch [16/100], Step [200/320], Loss: 0.0014, Time: 3367.7s
Epoch [16/100], Step [220/320], Loss: 0.0019, Time: 3381.2s
Epoch [16/100], Step [240/320], Loss: 0.0010, Time: 3394.6s
Epoch [16/100], Step [260/320], Loss: 0.0006, Time: 3408.1s
Epoch [16/100], Step [280/320], Loss: 0.0011, Time: 3421.5s
Epoch [16/100], Step [300/320], Loss: 0.0010, Time: 3435.0s
Epoch [16/100], Step [320/320], Loss: 0.0009, Time: 3448.4s
Epoch [17/100], Step [20/320], Loss: 0.0008, Time: 3462.4s
Epoch [17/100], Step [40/320], Loss: 0.0008, Time: 3475.8s
Epoch [17/100], Step [60/320], Loss: 0.0013, Time: 3489.2s
Epoch [17/100], Step [80/320], Loss: 0.0009, Time: 3502.6s
Epoch [17/100], Step [100/320], Loss: 0.0010, Time: 3516.0s
Epoch [17/100], Step [120/320], Loss: 0.0011, Time: 3529.4s
Epoch [17/100], Step [140/320], Loss: 0.0010, Time: 3542.8s
Epoch [17/100], Step [160/320], Loss: 0.0012, Time: 3556.2s
Epoch [17/100], Step [180/320], Loss: 0.0014, Time: 3569.6s
Epoch [17/100], Step [200/320], Loss: 0.0011, Time: 3583.0s
Epoch [17/100], Step [220/320], Loss: 0.0009, Time: 3596.4s
Epoch [17/100], Step [240/320], Loss: 0.0006, Time: 3609.8s
Epoch [17/100], Step [260/320], Loss: 0.0009, Time: 3623.3s
Epoch [17/100], Step [280/320], Loss: 0.0011, Time: 3636.7s
Epoch [17/100], Step [300/320], Loss: 0.0006, Time: 3650.1s
Epoch [17/100], Step [320/320], Loss: 0.0020, Time: 3663.6s
Epoch [18/100], Step [20/320], Loss: 0.0006, Time: 3677.6s
Epoch [18/100], Step [40/320], Loss: 0.0012, Time: 3691.1s
Epoch [18/100], Step [60/320], Loss: 0.0011, Time: 3704.5s
Epoch [18/100], Step [80/320], Loss: 0.0011, Time: 3717.9s
Epoch [18/100], Step [100/320], Loss: 0.0010, Time: 3731.3s
Epoch [18/100], Step [120/320], Loss: 0.0010, Time: 3744.7s
Epoch [18/100], Step [140/320], Loss: 0.0008, Time: 3758.1s
Epoch [18/100], Step [160/320], Loss: 0.0007, Time: 3771.5s
Epoch [18/100], Step [180/320], Loss: 0.0018, Time: 3784.9s
Epoch [18/100], Step [200/320], Loss: 0.0017, Time: 3798.2s
Epoch [18/100], Step [220/320], Loss: 0.0013, Time: 3811.6s
Epoch [18/100], Step [240/320], Loss: 0.0014, Time: 3825.0s
Epoch [18/100], Step [260/320], Loss: 0.0010, Time: 3838.4s
Epoch [18/100], Step [280/320], Loss: 0.0011, Time: 3851.7s
Epoch [18/100], Step [300/320], Loss: 0.0012, Time: 3865.1s
Epoch [18/100], Step [320/320], Loss: 0.0009, Time: 3878.5s
Epoch [19/100], Step [20/320], Loss: 0.0010, Time: 3892.4s
Epoch [19/100], Step [40/320], Loss: 0.0012, Time: 3905.8s
Epoch [19/100], Step [60/320], Loss: 0.0011, Time: 3919.1s
Epoch [19/100], Step [80/320], Loss: 0.0012, Time: 3932.5s
Epoch [19/100], Step [100/320], Loss: 0.0012, Time: 3945.8s
Epoch [19/100], Step [120/320], Loss: 0.0011, Time: 3959.2s
Epoch [19/100], Step [140/320], Loss: 0.0009, Time: 3972.6s
Epoch [19/100], Step [160/320], Loss: 0.0008, Time: 3985.9s
Epoch [19/100], Step [180/320], Loss: 0.0013, Time: 3999.3s
Epoch [19/100], Step [200/320], Loss: 0.0011, Time: 4012.6s
Epoch [19/100], Step [220/320], Loss: 0.0011, Time: 4026.0s
Epoch [19/100], Step [240/320], Loss: 0.0009, Time: 4039.3s
Epoch [19/100], Step [260/320], Loss: 0.0008, Time: 4054.1s
Epoch [19/100], Step [280/320], Loss: 0.0008, Time: 4067.5s
Epoch [19/100], Step [300/320], Loss: 0.0011, Time: 4080.9s
Epoch [19/100], Step [320/320], Loss: 0.0010, Time: 4094.2s
Epoch [20/100], Step [20/320], Loss: 0.0014, Time: 4108.2s
Epoch [20/100], Step [40/320], Loss: 0.0014, Time: 4121.6s
Epoch [20/100], Step [60/320], Loss: 0.0010, Time: 4135.0s
Epoch [20/100], Step [80/320], Loss: 0.0008, Time: 4148.3s
Epoch [20/100], Step [100/320], Loss: 0.0012, Time: 4161.7s
Epoch [20/100], Step [120/320], Loss: 0.0008, Time: 4175.1s
Epoch [20/100], Step [140/320], Loss: 0.0008, Time: 4188.5s
Epoch [20/100], Step [160/320], Loss: 0.0013, Time: 4201.8s
Epoch [20/100], Step [180/320], Loss: 0.0007, Time: 4215.2s
Epoch [20/100], Step [200/320], Loss: 0.0005, Time: 4228.6s
Epoch [20/100], Step [220/320], Loss: 0.0010, Time: 4241.9s
Epoch [20/100], Step [240/320], Loss: 0.0011, Time: 4255.3s
Epoch [20/100], Step [260/320], Loss: 0.0016, Time: 4268.7s
Epoch [20/100], Step [280/320], Loss: 0.0009, Time: 4282.1s
Epoch [20/100], Step [300/320], Loss: 0.0014, Time: 4295.4s
Epoch [20/100], Step [320/320], Loss: 0.0008, Time: 4308.8s
Epoch [21/100], Step [20/320], Loss: 0.0014, Time: 4322.7s
Epoch [21/100], Step [40/320], Loss: 0.0010, Time: 4336.1s
Epoch [21/100], Step [60/320], Loss: 0.0007, Time: 4349.5s
Epoch [21/100], Step [80/320], Loss: 0.0021, Time: 4362.9s
Epoch [21/100], Step [100/320], Loss: 0.0010, Time: 4376.3s
Epoch [21/100], Step [120/320], Loss: 0.0012, Time: 4389.8s
Epoch [21/100], Step [140/320], Loss: 0.0011, Time: 4403.2s
Epoch [21/100], Step [160/320], Loss: 0.0012, Time: 4416.6s
Epoch [21/100], Step [180/320], Loss: 0.0014, Time: 4430.0s
Epoch [21/100], Step [200/320], Loss: 0.0012, Time: 4443.4s
Epoch [21/100], Step [220/320], Loss: 0.0010, Time: 4456.8s
Epoch [21/100], Step [240/320], Loss: 0.0008, Time: 4470.2s
Epoch [21/100], Step [260/320], Loss: 0.0007, Time: 4483.5s
Epoch [21/100], Step [280/320], Loss: 0.0009, Time: 4496.9s
Epoch [21/100], Step [300/320], Loss: 0.0012, Time: 4510.3s
Epoch [21/100], Step [320/320], Loss: 0.0008, Time: 4523.7s
Epoch [22/100], Step [20/320], Loss: 0.0011, Time: 4537.7s
Epoch [22/100], Step [40/320], Loss: 0.0012, Time: 4551.0s
Epoch [22/100], Step [60/320], Loss: 0.0009, Time: 4564.4s
Epoch [22/100], Step [80/320], Loss: 0.0009, Time: 4577.7s
Epoch [22/100], Step [100/320], Loss: 0.0011, Time: 4591.0s
Epoch [22/100], Step [120/320], Loss: 0.0011, Time: 4604.4s
Epoch [22/100], Step [140/320], Loss: 0.0026, Time: 4617.7s
Epoch [22/100], Step [160/320], Loss: 0.0014, Time: 4631.1s
Epoch [22/100], Step [180/320], Loss: 0.0010, Time: 4644.4s
Epoch [22/100], Step [200/320], Loss: 0.0008, Time: 4657.8s
Epoch [22/100], Step [220/320], Loss: 0.0011, Time: 4671.1s
Epoch [22/100], Step [240/320], Loss: 0.0010, Time: 4684.5s
Epoch [22/100], Step [260/320], Loss: 0.0011, Time: 4697.8s
Epoch [22/100], Step [280/320], Loss: 0.0009, Time: 4711.2s
Epoch [22/100], Step [300/320], Loss: 0.0014, Time: 4724.5s
Epoch [22/100], Step [320/320], Loss: 0.0012, Time: 4737.9s
Epoch [23/100], Step [20/320], Loss: 0.0013, Time: 4751.8s
Epoch [23/100], Step [40/320], Loss: 0.0011, Time: 4765.2s
Epoch [23/100], Step [60/320], Loss: 0.0010, Time: 4778.6s
Epoch [23/100], Step [80/320], Loss: 0.0008, Time: 4792.0s
Epoch [23/100], Step [100/320], Loss: 0.0009, Time: 4805.4s
Epoch [23/100], Step [120/320], Loss: 0.0012, Time: 4818.8s
Epoch [23/100], Step [140/320], Loss: 0.0010, Time: 4832.2s
Epoch [23/100], Step [160/320], Loss: 0.0012, Time: 4845.5s
Epoch [23/100], Step [180/320], Loss: 0.0009, Time: 4858.9s
Epoch [23/100], Step [200/320], Loss: 0.0008, Time: 4872.3s
Epoch [23/100], Step [220/320], Loss: 0.0010, Time: 4885.6s
Epoch [23/100], Step [240/320], Loss: 0.0009, Time: 4899.0s
Epoch [23/100], Step [260/320], Loss: 0.0010, Time: 4912.4s
Epoch [23/100], Step [280/320], Loss: 0.0016, Time: 4925.8s
Epoch [23/100], Step [300/320], Loss: 0.0012, Time: 4939.1s
Epoch [23/100], Step [320/320], Loss: 0.0009, Time: 4952.5s
Epoch [24/100], Step [20/320], Loss: 0.0010, Time: 4966.4s
Epoch [24/100], Step [40/320], Loss: 0.0008, Time: 4979.8s
Epoch [24/100], Step [60/320], Loss: 0.0011, Time: 4993.2s
Epoch [24/100], Step [80/320], Loss: 0.0006, Time: 5006.6s
Epoch [24/100], Step [100/320], Loss: 0.0010, Time: 5020.0s
Epoch [24/100], Step [120/320], Loss: 0.0007, Time: 5033.4s
Epoch [24/100], Step [140/320], Loss: 0.0011, Time: 5046.8s
Epoch [24/100], Step [160/320], Loss: 0.0009, Time: 5060.2s
Epoch [24/100], Step [180/320], Loss: 0.0010, Time: 5073.6s
Epoch [24/100], Step [200/320], Loss: 0.0011, Time: 5087.0s
Epoch [24/100], Step [220/320], Loss: 0.0015, Time: 5100.4s
Epoch [24/100], Step [240/320], Loss: 0.0014, Time: 5113.8s
Epoch [24/100], Step [260/320], Loss: 0.0015, Time: 5127.2s
Epoch [24/100], Step [280/320], Loss: 0.0011, Time: 5140.6s
Epoch [24/100], Step [300/320], Loss: 0.0009, Time: 5154.0s
Epoch [24/100], Step [320/320], Loss: 0.0011, Time: 5167.4s
Epoch [25/100], Step [20/320], Loss: 0.0010, Time: 5181.3s
Epoch [25/100], Step [40/320], Loss: 0.0012, Time: 5194.7s
Epoch [25/100], Step [60/320], Loss: 0.0010, Time: 5208.1s
Epoch [25/100], Step [80/320], Loss: 0.0012, Time: 5221.5s
Epoch [25/100], Step [100/320], Loss: 0.0008, Time: 5234.9s
Epoch [25/100], Step [120/320], Loss: 0.0011, Time: 5248.2s
Epoch [25/100], Step [140/320], Loss: 0.0010, Time: 5261.6s
Epoch [25/100], Step [160/320], Loss: 0.0007, Time: 5275.0s
Epoch [25/100], Step [180/320], Loss: 0.0011, Time: 5288.4s
Epoch [25/100], Step [200/320], Loss: 0.0011, Time: 5301.7s
Epoch [25/100], Step [220/320], Loss: 0.0008, Time: 5315.1s
Epoch [25/100], Step [240/320], Loss: 0.0009, Time: 5328.5s
Epoch [25/100], Step [260/320], Loss: 0.0011, Time: 5341.9s
Epoch [25/100], Step [280/320], Loss: 0.0010, Time: 5355.2s
Epoch [25/100], Step [300/320], Loss: 0.0008, Time: 5368.6s
Epoch [25/100], Step [320/320], Loss: 0.0009, Time: 5382.0s
Epoch [26/100], Step [20/320], Loss: 0.0011, Time: 5396.0s
Epoch [26/100], Step [40/320], Loss: 0.0010, Time: 5409.4s
Epoch [26/100], Step [60/320], Loss: 0.0009, Time: 5422.7s
Epoch [26/100], Step [80/320], Loss: 0.0009, Time: 5436.1s
Epoch [26/100], Step [100/320], Loss: 0.0008, Time: 5449.5s
Epoch [26/100], Step [120/320], Loss: 0.0011, Time: 5462.9s
Epoch [26/100], Step [140/320], Loss: 0.0008, Time: 5476.2s
Epoch [26/100], Step [160/320], Loss: 0.0010, Time: 5489.6s
Epoch [26/100], Step [180/320], Loss: 0.0009, Time: 5503.0s
Epoch [26/100], Step [200/320], Loss: 0.0010, Time: 5516.3s
Epoch [26/100], Step [220/320], Loss: 0.0010, Time: 5529.7s
Epoch [26/100], Step [240/320], Loss: 0.0010, Time: 5543.1s
Epoch [26/100], Step [260/320], Loss: 0.0010, Time: 5556.5s
Epoch [26/100], Step [280/320], Loss: 0.0007, Time: 5569.9s
Epoch [26/100], Step [300/320], Loss: 0.0008, Time: 5583.3s
Epoch [26/100], Step [320/320], Loss: 0.0010, Time: 5596.7s
Epoch [27/100], Step [20/320], Loss: 0.0006, Time: 5610.7s
Epoch [27/100], Step [40/320], Loss: 0.0010, Time: 5624.0s
Epoch [27/100], Step [60/320], Loss: 0.0011, Time: 5637.4s
Epoch [27/100], Step [80/320], Loss: 0.0009, Time: 5650.8s
Epoch [27/100], Step [100/320], Loss: 0.0015, Time: 5664.1s
Epoch [27/100], Step [120/320], Loss: 0.0013, Time: 5677.5s
Epoch [27/100], Step [140/320], Loss: 0.0005, Time: 5690.8s
Epoch [27/100], Step [160/320], Loss: 0.0013, Time: 5704.2s
Epoch [27/100], Step [180/320], Loss: 0.0014, Time: 5717.5s
Epoch [27/100], Step [200/320], Loss: 0.0011, Time: 5730.9s
Epoch [27/100], Step [220/320], Loss: 0.0011, Time: 5744.2s
Epoch [27/100], Step [240/320], Loss: 0.0012, Time: 5757.6s
Epoch [27/100], Step [260/320], Loss: 0.0010, Time: 5771.0s
Epoch [27/100], Step [280/320], Loss: 0.0007, Time: 5784.3s
Epoch [27/100], Step [300/320], Loss: 0.0009, Time: 5797.7s
Epoch [27/100], Step [320/320], Loss: 0.0006, Time: 5811.0s
Epoch [28/100], Step [20/320], Loss: 0.0009, Time: 5825.0s
Epoch [28/100], Step [40/320], Loss: 0.0010, Time: 5838.4s
Epoch [28/100], Step [60/320], Loss: 0.0010, Time: 5851.8s
Epoch [28/100], Step [80/320], Loss: 0.0015, Time: 5865.2s
Epoch [28/100], Step [100/320], Loss: 0.0010, Time: 5878.5s
Epoch [28/100], Step [120/320], Loss: 0.0008, Time: 5891.9s
Epoch [28/100], Step [140/320], Loss: 0.0007, Time: 5905.3s
Epoch [28/100], Step [160/320], Loss: 0.0009, Time: 5918.7s
Epoch [28/100], Step [180/320], Loss: 0.0009, Time: 5932.1s
Epoch [28/100], Step [200/320], Loss: 0.0009, Time: 5945.4s
Epoch [28/100], Step [220/320], Loss: 0.0009, Time: 5958.8s
Epoch [28/100], Step [240/320], Loss: 0.0008, Time: 5972.2s
Epoch [28/100], Step [260/320], Loss: 0.0009, Time: 5985.6s
Epoch [28/100], Step [280/320], Loss: 0.0008, Time: 5999.0s
Epoch [28/100], Step [300/320], Loss: 0.0013, Time: 6012.3s
Epoch [28/100], Step [320/320], Loss: 0.0010, Time: 6025.7s
Epoch [29/100], Step [20/320], Loss: 0.0012, Time: 6039.7s
Epoch [29/100], Step [40/320], Loss: 0.0008, Time: 6053.1s
Epoch [29/100], Step [60/320], Loss: 0.0010, Time: 6066.6s
Epoch [29/100], Step [80/320], Loss: 0.0006, Time: 6080.0s
Epoch [29/100], Step [100/320], Loss: 0.0011, Time: 6093.3s
Epoch [29/100], Step [120/320], Loss: 0.0007, Time: 6106.7s
Epoch [29/100], Step [140/320], Loss: 0.0008, Time: 6120.1s
Epoch [29/100], Step [160/320], Loss: 0.0018, Time: 6133.5s
Epoch [29/100], Step [180/320], Loss: 0.0008, Time: 6146.9s
Epoch [29/100], Step [200/320], Loss: 0.0013, Time: 6160.2s
Epoch [29/100], Step [220/320], Loss: 0.0007, Time: 6173.6s
Epoch [29/100], Step [240/320], Loss: 0.0008, Time: 6187.0s
Epoch [29/100], Step [260/320], Loss: 0.0009, Time: 6200.3s
Epoch [29/100], Step [280/320], Loss: 0.0007, Time: 6213.7s
Epoch [29/100], Step [300/320], Loss: 0.0006, Time: 6227.1s
Epoch [29/100], Step [320/320], Loss: 0.0008, Time: 6240.4s
Epoch [30/100], Step [20/320], Loss: 0.0009, Time: 6254.4s
Epoch [30/100], Step [40/320], Loss: 0.0011, Time: 6267.8s
Epoch [30/100], Step [60/320], Loss: 0.0015, Time: 6281.2s
Epoch [30/100], Step [80/320], Loss: 0.0012, Time: 6294.5s
Epoch [30/100], Step [100/320], Loss: 0.0011, Time: 6307.9s
Epoch [30/100], Step [120/320], Loss: 0.0011, Time: 6321.2s
Epoch [30/100], Step [140/320], Loss: 0.0016, Time: 6334.6s
Epoch [30/100], Step [160/320], Loss: 0.0007, Time: 6348.0s
Epoch [30/100], Step [180/320], Loss: 0.0009, Time: 6361.3s
Epoch [30/100], Step [200/320], Loss: 0.0010, Time: 6374.7s
Epoch [30/100], Step [220/320], Loss: 0.0012, Time: 6388.0s
Epoch [30/100], Step [240/320], Loss: 0.0012, Time: 6401.4s
Epoch [30/100], Step [260/320], Loss: 0.0014, Time: 6414.7s
Epoch [30/100], Step [280/320], Loss: 0.0011, Time: 6428.1s
Epoch [30/100], Step [300/320], Loss: 0.0013, Time: 6441.4s
Epoch [30/100], Step [320/320], Loss: 0.0009, Time: 6454.8s
Epoch [31/100], Step [20/320], Loss: 0.0010, Time: 6468.8s
Epoch [31/100], Step [40/320], Loss: 0.0012, Time: 6482.2s
Epoch [31/100], Step [60/320], Loss: 0.0009, Time: 6495.5s
Epoch [31/100], Step [80/320], Loss: 0.0010, Time: 6508.9s
Epoch [31/100], Step [100/320], Loss: 0.0009, Time: 6522.3s
Epoch [31/100], Step [120/320], Loss: 0.0007, Time: 6535.7s
Epoch [31/100], Step [140/320], Loss: 0.0012, Time: 6549.1s
Epoch [31/100], Step [160/320], Loss: 0.0009, Time: 6562.5s
Epoch [31/100], Step [180/320], Loss: 0.0012, Time: 6575.8s
Epoch [31/100], Step [200/320], Loss: 0.0009, Time: 6589.2s
Epoch [31/100], Step [220/320], Loss: 0.0007, Time: 6602.6s
Epoch [31/100], Step [240/320], Loss: 0.0008, Time: 6616.0s
Epoch [31/100], Step [260/320], Loss: 0.0005, Time: 6629.4s
Epoch [31/100], Step [280/320], Loss: 0.0008, Time: 6642.7s
Epoch [31/100], Step [300/320], Loss: 0.0010, Time: 6656.1s
Epoch [31/100], Step [320/320], Loss: 0.0008, Time: 6669.5s
Epoch [32/100], Step [20/320], Loss: 0.0010, Time: 6683.5s
Epoch [32/100], Step [40/320], Loss: 0.0008, Time: 6696.9s
Epoch [32/100], Step [60/320], Loss: 0.0008, Time: 6710.2s
Epoch [32/100], Step [80/320], Loss: 0.0008, Time: 6723.6s
Epoch [32/100], Step [100/320], Loss: 0.0010, Time: 6737.1s
Epoch [32/100], Step [120/320], Loss: 0.0010, Time: 6750.5s
Epoch [32/100], Step [140/320], Loss: 0.0008, Time: 6763.9s
Epoch [32/100], Step [160/320], Loss: 0.0009, Time: 6777.3s
Epoch [32/100], Step [180/320], Loss: 0.0011, Time: 6790.7s
Epoch [32/100], Step [200/320], Loss: 0.0008, Time: 6804.1s
Epoch [32/100], Step [220/320], Loss: 0.0008, Time: 6817.5s
Epoch [32/100], Step [240/320], Loss: 0.0010, Time: 6830.9s
Epoch [32/100], Step [260/320], Loss: 0.0007, Time: 6844.2s
Epoch [32/100], Step [280/320], Loss: 0.0009, Time: 6857.6s
Epoch [32/100], Step [300/320], Loss: 0.0009, Time: 6871.0s
Epoch [32/100], Step [320/320], Loss: 0.0009, Time: 6884.4s
Epoch [33/100], Step [20/320], Loss: 0.0009, Time: 6898.4s
Epoch [33/100], Step [40/320], Loss: 0.0007, Time: 6911.8s
Epoch [33/100], Step [60/320], Loss: 0.0009, Time: 6925.2s
Epoch [33/100], Step [80/320], Loss: 0.0013, Time: 6938.5s
Epoch [33/100], Step [100/320], Loss: 0.0012, Time: 6951.9s
Epoch [33/100], Step [120/320], Loss: 0.0008, Time: 6965.3s
Epoch [33/100], Step [140/320], Loss: 0.0019, Time: 6978.6s
Epoch [33/100], Step [160/320], Loss: 0.0011, Time: 6992.0s
Epoch [33/100], Step [180/320], Loss: 0.0009, Time: 7005.4s
Epoch [33/100], Step [200/320], Loss: 0.0007, Time: 7018.7s
Epoch [33/100], Step [220/320], Loss: 0.0008, Time: 7032.1s
Epoch [33/100], Step [240/320], Loss: 0.0009, Time: 7045.4s
Epoch [33/100], Step [260/320], Loss: 0.0011, Time: 7058.8s
Epoch [33/100], Step [280/320], Loss: 0.0010, Time: 7072.2s
Epoch [33/100], Step [300/320], Loss: 0.0006, Time: 7085.5s
Epoch [33/100], Step [320/320], Loss: 0.0010, Time: 7098.9s
Epoch [34/100], Step [20/320], Loss: 0.0011, Time: 7112.9s
Epoch [34/100], Step [40/320], Loss: 0.0009, Time: 7126.3s
Epoch [34/100], Step [60/320], Loss: 0.0010, Time: 7139.7s
Epoch [34/100], Step [80/320], Loss: 0.0008, Time: 7153.1s
Epoch [34/100], Step [100/320], Loss: 0.0009, Time: 7166.4s
Epoch [34/100], Step [120/320], Loss: 0.0008, Time: 7179.8s
Epoch [34/100], Step [140/320], Loss: 0.0009, Time: 7193.2s
Epoch [34/100], Step [160/320], Loss: 0.0008, Time: 7206.6s
Epoch [34/100], Step [180/320], Loss: 0.0018, Time: 7220.0s
Epoch [34/100], Step [200/320], Loss: 0.0012, Time: 7233.3s
Epoch [34/100], Step [220/320], Loss: 0.0009, Time: 7246.7s
Epoch [34/100], Step [240/320], Loss: 0.0006, Time: 7260.1s
Epoch [34/100], Step [260/320], Loss: 0.0007, Time: 7273.5s
Epoch [34/100], Step [280/320], Loss: 0.0009, Time: 7286.9s
Epoch [34/100], Step [300/320], Loss: 0.0007, Time: 7300.3s
Epoch [34/100], Step [320/320], Loss: 0.0011, Time: 7313.6s
Epoch [35/100], Step [20/320], Loss: 0.0009, Time: 7327.6s
Epoch [35/100], Step [40/320], Loss: 0.0012, Time: 7341.0s
Epoch [35/100], Step [60/320], Loss: 0.0008, Time: 7354.3s
Epoch [35/100], Step [80/320], Loss: 0.0011, Time: 7367.7s
Epoch [35/100], Step [100/320], Loss: 0.0009, Time: 7381.1s
Epoch [35/100], Step [120/320], Loss: 0.0009, Time: 7394.5s
Epoch [35/100], Step [140/320], Loss: 0.0012, Time: 7407.9s
Epoch [35/100], Step [160/320], Loss: 0.0010, Time: 7421.2s
Epoch [35/100], Step [180/320], Loss: 0.0009, Time: 7434.6s
Epoch [35/100], Step [200/320], Loss: 0.0009, Time: 7448.0s
Epoch [35/100], Step [220/320], Loss: 0.0010, Time: 7461.4s
Epoch [35/100], Step [240/320], Loss: 0.0007, Time: 7474.7s
Epoch [35/100], Step [260/320], Loss: 0.0010, Time: 7488.1s
Epoch [35/100], Step [280/320], Loss: 0.0007, Time: 7501.5s
Epoch [35/100], Step [300/320], Loss: 0.0007, Time: 7514.9s
Epoch [35/100], Step [320/320], Loss: 0.0010, Time: 7528.2s
Epoch [36/100], Step [20/320], Loss: 0.0009, Time: 7542.2s
Epoch [36/100], Step [40/320], Loss: 0.0011, Time: 7555.6s
Epoch [36/100], Step [60/320], Loss: 0.0015, Time: 7569.0s
Epoch [36/100], Step [80/320], Loss: 0.0009, Time: 7582.4s
Epoch [36/100], Step [100/320], Loss: 0.0012, Time: 7595.8s
Epoch [36/100], Step [120/320], Loss: 0.0011, Time: 7609.2s
Epoch [36/100], Step [140/320], Loss: 0.0014, Time: 7622.5s
Epoch [36/100], Step [160/320], Loss: 0.0010, Time: 7635.9s
Epoch [36/100], Step [180/320], Loss: 0.0010, Time: 7649.3s
Epoch [36/100], Step [200/320], Loss: 0.0009, Time: 7662.7s
Epoch [36/100], Step [220/320], Loss: 0.0007, Time: 7676.1s
Epoch [36/100], Step [240/320], Loss: 0.0008, Time: 7689.4s
Epoch [36/100], Step [260/320], Loss: 0.0009, Time: 7702.8s
Epoch [36/100], Step [280/320], Loss: 0.0009, Time: 7716.2s
Epoch [36/100], Step [300/320], Loss: 0.0008, Time: 7729.6s
Epoch [36/100], Step [320/320], Loss: 0.0011, Time: 7742.9s
Epoch [37/100], Step [20/320], Loss: 0.0008, Time: 7756.9s
Epoch [37/100], Step [40/320], Loss: 0.0008, Time: 7770.3s
Epoch [37/100], Step [60/320], Loss: 0.0010, Time: 7783.6s
Epoch [37/100], Step [80/320], Loss: 0.0009, Time: 7797.0s
Epoch [37/100], Step [100/320], Loss: 0.0010, Time: 7810.4s
Epoch [37/100], Step [120/320], Loss: 0.0011, Time: 7823.8s
Epoch [37/100], Step [140/320], Loss: 0.0007, Time: 7837.1s
Epoch [37/100], Step [160/320], Loss: 0.0008, Time: 7850.5s
Epoch [37/100], Step [180/320], Loss: 0.0011, Time: 7863.9s
Epoch [37/100], Step [200/320], Loss: 0.0006, Time: 7877.2s
Epoch [37/100], Step [220/320], Loss: 0.0010, Time: 7890.6s
Epoch [37/100], Step [240/320], Loss: 0.0008, Time: 7904.0s
Epoch [37/100], Step [260/320], Loss: 0.0011, Time: 7917.4s
Epoch [37/100], Step [280/320], Loss: 0.0009, Time: 7930.7s
Epoch [37/100], Step [300/320], Loss: 0.0007, Time: 7944.1s
Epoch [37/100], Step [320/320], Loss: 0.0008, Time: 7957.5s
Epoch [38/100], Step [20/320], Loss: 0.0011, Time: 7971.5s
Epoch [38/100], Step [40/320], Loss: 0.0019, Time: 7984.9s
Epoch [38/100], Step [60/320], Loss: 0.0005, Time: 7998.3s
Epoch [38/100], Step [80/320], Loss: 0.0009, Time: 8011.7s
Epoch [38/100], Step [100/320], Loss: 0.0008, Time: 8025.1s
Epoch [38/100], Step [120/320], Loss: 0.0011, Time: 8038.5s
Epoch [38/100], Step [140/320], Loss: 0.0010, Time: 8051.9s
Epoch [38/100], Step [160/320], Loss: 0.0009, Time: 8065.3s
Epoch [38/100], Step [180/320], Loss: 0.0009, Time: 8078.7s
Epoch [38/100], Step [200/320], Loss: 0.0008, Time: 8092.1s
Epoch [38/100], Step [220/320], Loss: 0.0006, Time: 8105.5s
Epoch [38/100], Step [240/320], Loss: 0.0009, Time: 8118.9s
Epoch [38/100], Step [260/320], Loss: 0.0007, Time: 8132.3s
Epoch [38/100], Step [280/320], Loss: 0.0007, Time: 8145.7s
Epoch [38/100], Step [300/320], Loss: 0.0010, Time: 8159.0s
Epoch [38/100], Step [320/320], Loss: 0.0010, Time: 8172.4s
Epoch [39/100], Step [20/320], Loss: 0.0018, Time: 8186.4s
Epoch [39/100], Step [40/320], Loss: 0.0009, Time: 8199.8s
Epoch [39/100], Step [60/320], Loss: 0.0009, Time: 8213.1s
Epoch [39/100], Step [80/320], Loss: 0.0008, Time: 8226.5s
Epoch [39/100], Step [100/320], Loss: 0.0007, Time: 8239.9s
Epoch [39/100], Step [120/320], Loss: 0.0010, Time: 8253.3s
Epoch [39/100], Step [140/320], Loss: 0.0011, Time: 8266.6s
Epoch [39/100], Step [160/320], Loss: 0.0006, Time: 8280.0s
Epoch [39/100], Step [180/320], Loss: 0.0009, Time: 8293.4s
Epoch [39/100], Step [200/320], Loss: 0.0007, Time: 8306.7s
Epoch [39/100], Step [220/320], Loss: 0.0007, Time: 8320.1s
Epoch [39/100], Step [240/320], Loss: 0.0009, Time: 8333.5s
Epoch [39/100], Step [260/320], Loss: 0.0009, Time: 8346.8s
Epoch [39/100], Step [280/320], Loss: 0.0009, Time: 8360.2s
Epoch [39/100], Step [300/320], Loss: 0.0012, Time: 8373.6s
Epoch [39/100], Step [320/320], Loss: 0.0006, Time: 8386.9s
Epoch [40/100], Step [20/320], Loss: 0.0007, Time: 8400.9s
Epoch [40/100], Step [40/320], Loss: 0.0008, Time: 8414.3s
Epoch [40/100], Step [60/320], Loss: 0.0010, Time: 8427.7s
Epoch [40/100], Step [80/320], Loss: 0.0008, Time: 8441.1s
Epoch [40/100], Step [100/320], Loss: 0.0006, Time: 8454.5s
Epoch [40/100], Step [120/320], Loss: 0.0006, Time: 8467.9s
Epoch [40/100], Step [140/320], Loss: 0.0009, Time: 8481.2s
Epoch [40/100], Step [160/320], Loss: 0.0010, Time: 8494.6s
Epoch [40/100], Step [180/320], Loss: 0.0009, Time: 8508.0s
Epoch [40/100], Step [200/320], Loss: 0.0010, Time: 8521.4s
Epoch [40/100], Step [220/320], Loss: 0.0011, Time: 8534.8s
Epoch [40/100], Step [240/320], Loss: 0.0007, Time: 8548.2s
Epoch [40/100], Step [260/320], Loss: 0.0012, Time: 8561.5s
Epoch [40/100], Step [280/320], Loss: 0.0012, Time: 8574.9s
Epoch [40/100], Step [300/320], Loss: 0.0010, Time: 8588.3s
Epoch [40/100], Step [320/320], Loss: 0.0008, Time: 8601.7s
Epoch [41/100], Step [20/320], Loss: 0.0008, Time: 8615.7s
Epoch [41/100], Step [40/320], Loss: 0.0008, Time: 8629.0s
Epoch [41/100], Step [60/320], Loss: 0.0007, Time: 8642.4s
Epoch [41/100], Step [80/320], Loss: 0.0011, Time: 8655.7s
Epoch [41/100], Step [100/320], Loss: 0.0010, Time: 8669.1s
Epoch [41/100], Step [120/320], Loss: 0.0010, Time: 8682.5s
Epoch [41/100], Step [140/320], Loss: 0.0007, Time: 8695.8s
Epoch [41/100], Step [160/320], Loss: 0.0007, Time: 8709.2s
Epoch [41/100], Step [180/320], Loss: 0.0010, Time: 8722.5s
Epoch [41/100], Step [200/320], Loss: 0.0008, Time: 8735.9s
Epoch [41/100], Step [220/320], Loss: 0.0007, Time: 8749.5s
Epoch [41/100], Step [240/320], Loss: 0.0009, Time: 8762.9s
Epoch [41/100], Step [260/320], Loss: 0.0005, Time: 8776.2s
Epoch [41/100], Step [280/320], Loss: 0.0009, Time: 8789.6s
Epoch [41/100], Step [300/320], Loss: 0.0009, Time: 8803.0s
Epoch [41/100], Step [320/320], Loss: 0.0009, Time: 8816.3s
Epoch [42/100], Step [20/320], Loss: 0.0009, Time: 8830.3s
Epoch [42/100], Step [40/320], Loss: 0.0007, Time: 8843.7s
Epoch [42/100], Step [60/320], Loss: 0.0012, Time: 8857.1s
Epoch [42/100], Step [80/320], Loss: 0.0010, Time: 8870.4s
Epoch [42/100], Step [100/320], Loss: 0.0011, Time: 8883.8s
Epoch [42/100], Step [120/320], Loss: 0.0008, Time: 8897.1s
Epoch [42/100], Step [140/320], Loss: 0.0010, Time: 8910.5s
Epoch [42/100], Step [160/320], Loss: 0.0007, Time: 8923.9s
Epoch [42/100], Step [180/320], Loss: 0.0008, Time: 8937.2s
Epoch [42/100], Step [200/320], Loss: 0.0007, Time: 8950.6s
Epoch [42/100], Step [220/320], Loss: 0.0008, Time: 8963.9s
Epoch [42/100], Step [240/320], Loss: 0.0011, Time: 8977.3s
Epoch [42/100], Step [260/320], Loss: 0.0017, Time: 8990.6s
Epoch [42/100], Step [280/320], Loss: 0.0010, Time: 9004.0s
Epoch [42/100], Step [300/320], Loss: 0.0010, Time: 9017.4s
Epoch [42/100], Step [320/320], Loss: 0.0012, Time: 9030.7s
Epoch [43/100], Step [20/320], Loss: 0.0008, Time: 9044.8s
Epoch [43/100], Step [40/320], Loss: 0.0015, Time: 9058.2s
Epoch [43/100], Step [60/320], Loss: 0.0007, Time: 9071.5s
Epoch [43/100], Step [80/320], Loss: 0.0008, Time: 9084.9s
Epoch [43/100], Step [100/320], Loss: 0.0007, Time: 9098.3s
Epoch [43/100], Step [120/320], Loss: 0.0005, Time: 9111.7s
Epoch [43/100], Step [140/320], Loss: 0.0009, Time: 9125.1s
Epoch [43/100], Step [160/320], Loss: 0.0009, Time: 9138.4s
Epoch [43/100], Step [180/320], Loss: 0.0012, Time: 9151.8s
Epoch [43/100], Step [200/320], Loss: 0.0009, Time: 9165.2s
Epoch [43/100], Step [220/320], Loss: 0.0012, Time: 9178.6s
Epoch [43/100], Step [240/320], Loss: 0.0012, Time: 9191.9s
Epoch [43/100], Step [260/320], Loss: 0.0009, Time: 9205.3s
Epoch [43/100], Step [280/320], Loss: 0.0008, Time: 9218.7s
Epoch [43/100], Step [300/320], Loss: 0.0011, Time: 9232.0s
Epoch [43/100], Step [320/320], Loss: 0.0013, Time: 9245.4s
Epoch [44/100], Step [20/320], Loss: 0.0006, Time: 9259.4s
Epoch [44/100], Step [40/320], Loss: 0.0007, Time: 9272.8s
Epoch [44/100], Step [60/320], Loss: 0.0010, Time: 9286.2s
Epoch [44/100], Step [80/320], Loss: 0.0011, Time: 9299.6s
Epoch [44/100], Step [100/320], Loss: 0.0008, Time: 9313.0s
Epoch [44/100], Step [120/320], Loss: 0.0012, Time: 9326.4s
Epoch [44/100], Step [140/320], Loss: 0.0012, Time: 9339.8s
Epoch [44/100], Step [160/320], Loss: 0.0009, Time: 9353.1s
Epoch [44/100], Step [180/320], Loss: 0.0010, Time: 9366.5s
Epoch [44/100], Step [200/320], Loss: 0.0009, Time: 9379.9s
Epoch [44/100], Step [220/320], Loss: 0.0009, Time: 9393.3s
Epoch [44/100], Step [240/320], Loss: 0.0008, Time: 9406.6s
Epoch [44/100], Step [260/320], Loss: 0.0016, Time: 9420.0s
Epoch [44/100], Step [280/320], Loss: 0.0013, Time: 9433.4s
Epoch [44/100], Step [300/320], Loss: 0.0010, Time: 9446.8s
Epoch [44/100], Step [320/320], Loss: 0.0009, Time: 9460.2s
Epoch [45/100], Step [20/320], Loss: 0.0009, Time: 9474.2s
Epoch [45/100], Step [40/320], Loss: 0.0013, Time: 9487.5s
Epoch [45/100], Step [60/320], Loss: 0.0007, Time: 9500.9s
Epoch [45/100], Step [80/320], Loss: 0.0016, Time: 9514.3s
Epoch [45/100], Step [100/320], Loss: 0.0009, Time: 9527.6s
Epoch [45/100], Step [120/320], Loss: 0.0009, Time: 9541.0s
Epoch [45/100], Step [140/320], Loss: 0.0009, Time: 9554.4s
Epoch [45/100], Step [160/320], Loss: 0.0006, Time: 9567.7s
Epoch [45/100], Step [180/320], Loss: 0.0012, Time: 9581.1s
Epoch [45/100], Step [200/320], Loss: 0.0009, Time: 9594.4s
Epoch [45/100], Step [220/320], Loss: 0.0007, Time: 9607.8s
Epoch [45/100], Step [240/320], Loss: 0.0006, Time: 9621.1s
Epoch [45/100], Step [260/320], Loss: 0.0007, Time: 9634.5s
Epoch [45/100], Step [280/320], Loss: 0.0009, Time: 9647.8s
Epoch [45/100], Step [300/320], Loss: 0.0010, Time: 9661.2s
Epoch [45/100], Step [320/320], Loss: 0.0009, Time: 9674.5s
Epoch [46/100], Step [20/320], Loss: 0.0010, Time: 9688.5s
Epoch [46/100], Step [40/320], Loss: 0.0011, Time: 9701.9s
Epoch [46/100], Step [60/320], Loss: 0.0010, Time: 9715.3s
Epoch [46/100], Step [80/320], Loss: 0.0007, Time: 9728.7s
Epoch [46/100], Step [100/320], Loss: 0.0009, Time: 9742.1s
Epoch [46/100], Step [120/320], Loss: 0.0010, Time: 9755.5s
Epoch [46/100], Step [140/320], Loss: 0.0008, Time: 9768.9s
Epoch [46/100], Step [160/320], Loss: 0.0009, Time: 9782.2s
Epoch [46/100], Step [180/320], Loss: 0.0017, Time: 9795.6s
Epoch [46/100], Step [200/320], Loss: 0.0009, Time: 9809.0s
Epoch [46/100], Step [220/320], Loss: 0.0011, Time: 9822.4s
Epoch [46/100], Step [240/320], Loss: 0.0009, Time: 9835.8s
Epoch [46/100], Step [260/320], Loss: 0.0010, Time: 9849.2s
Epoch [46/100], Step [280/320], Loss: 0.0008, Time: 9862.6s
Epoch [46/100], Step [300/320], Loss: 0.0010, Time: 9876.0s
Epoch [46/100], Step [320/320], Loss: 0.0010, Time: 9889.4s
Epoch [47/100], Step [20/320], Loss: 0.0008, Time: 9903.3s
Epoch [47/100], Step [40/320], Loss: 0.0008, Time: 9916.7s
Epoch [47/100], Step [60/320], Loss: 0.0009, Time: 9930.1s
Epoch [47/100], Step [80/320], Loss: 0.0011, Time: 9943.5s
Epoch [47/100], Step [100/320], Loss: 0.0007, Time: 9956.9s
Epoch [47/100], Step [120/320], Loss: 0.0006, Time: 9970.3s
Epoch [47/100], Step [140/320], Loss: 0.0010, Time: 9983.7s
Epoch [47/100], Step [160/320], Loss: 0.0010, Time: 9997.0s
Epoch [47/100], Step [180/320], Loss: 0.0012, Time: 10010.4s
Epoch [47/100], Step [200/320], Loss: 0.0008, Time: 10023.7s
Epoch [47/100], Step [220/320], Loss: 0.0007, Time: 10037.1s
Epoch [47/100], Step [240/320], Loss: 0.0009, Time: 10050.5s
Epoch [47/100], Step [260/320], Loss: 0.0012, Time: 10063.9s
Epoch [47/100], Step [280/320], Loss: 0.0012, Time: 10077.2s
Epoch [47/100], Step [300/320], Loss: 0.0023, Time: 10090.7s
Epoch [47/100], Step [320/320], Loss: 0.0012, Time: 10104.0s
Epoch [48/100], Step [20/320], Loss: 0.0013, Time: 10118.0s
Epoch [48/100], Step [40/320], Loss: 0.0007, Time: 10131.4s
Epoch [48/100], Step [60/320], Loss: 0.0011, Time: 10144.7s
Epoch [48/100], Step [80/320], Loss: 0.0010, Time: 10158.1s
Epoch [48/100], Step [100/320], Loss: 0.0012, Time: 10171.5s
Epoch [48/100], Step [120/320], Loss: 0.0007, Time: 10184.8s
Epoch [48/100], Step [140/320], Loss: 0.0011, Time: 10198.2s
Epoch [48/100], Step [160/320], Loss: 0.0009, Time: 10211.6s
Epoch [48/100], Step [180/320], Loss: 0.0009, Time: 10224.9s
Epoch [48/100], Step [200/320], Loss: 0.0009, Time: 10238.3s
Epoch [48/100], Step [220/320], Loss: 0.0011, Time: 10251.6s
Epoch [48/100], Step [240/320], Loss: 0.0009, Time: 10265.0s
Epoch [48/100], Step [260/320], Loss: 0.0007, Time: 10278.4s
Epoch [48/100], Step [280/320], Loss: 0.0014, Time: 10291.7s
Epoch [48/100], Step [300/320], Loss: 0.0008, Time: 10305.1s
Epoch [48/100], Step [320/320], Loss: 0.0010, Time: 10318.5s
Epoch [49/100], Step [20/320], Loss: 0.0006, Time: 10332.4s
Epoch [49/100], Step [40/320], Loss: 0.0007, Time: 10345.8s
Epoch [49/100], Step [60/320], Loss: 0.0007, Time: 10359.2s
Epoch [49/100], Step [80/320], Loss: 0.0010, Time: 10372.5s
Epoch [49/100], Step [100/320], Loss: 0.0006, Time: 10385.9s
Epoch [49/100], Step [120/320], Loss: 0.0010, Time: 10399.3s
Epoch [49/100], Step [140/320], Loss: 0.0010, Time: 10412.6s
Epoch [49/100], Step [160/320], Loss: 0.0010, Time: 10426.0s
Epoch [49/100], Step [180/320], Loss: 0.0008, Time: 10439.3s
Epoch [49/100], Step [200/320], Loss: 0.0007, Time: 10452.7s
Epoch [49/100], Step [220/320], Loss: 0.0010, Time: 10466.1s
Epoch [49/100], Step [240/320], Loss: 0.0008, Time: 10479.4s
Epoch [49/100], Step [260/320], Loss: 0.0011, Time: 10492.8s
Epoch [49/100], Step [280/320], Loss: 0.0008, Time: 10506.1s
Epoch [49/100], Step [300/320], Loss: 0.0015, Time: 10519.5s
Epoch [49/100], Step [320/320], Loss: 0.0009, Time: 10532.8s
Epoch [50/100], Step [20/320], Loss: 0.0008, Time: 10546.8s
Epoch [50/100], Step [40/320], Loss: 0.0010, Time: 10560.2s
Epoch [50/100], Step [60/320], Loss: 0.0009, Time: 10573.6s
Epoch [50/100], Step [80/320], Loss: 0.0007, Time: 10587.0s
Epoch [50/100], Step [100/320], Loss: 0.0013, Time: 10600.4s
Epoch [50/100], Step [120/320], Loss: 0.0007, Time: 10613.8s
Epoch [50/100], Step [140/320], Loss: 0.0009, Time: 10627.2s
Epoch [50/100], Step [160/320], Loss: 0.0008, Time: 10640.6s
Epoch [50/100], Step [180/320], Loss: 0.0008, Time: 10654.0s
Epoch [50/100], Step [200/320], Loss: 0.0010, Time: 10667.4s
Epoch [50/100], Step [220/320], Loss: 0.0011, Time: 10680.8s
Epoch [50/100], Step [240/320], Loss: 0.0007, Time: 10694.2s
Epoch [50/100], Step [260/320], Loss: 0.0008, Time: 10707.6s
Epoch [50/100], Step [280/320], Loss: 0.0015, Time: 10721.0s
Epoch [50/100], Step [300/320], Loss: 0.0009, Time: 10734.4s
Epoch [50/100], Step [320/320], Loss: 0.0005, Time: 10747.8s
Epoch [51/100], Step [20/320], Loss: 0.0007, Time: 10761.9s
Epoch [51/100], Step [40/320], Loss: 0.0015, Time: 10775.2s
Epoch [51/100], Step [60/320], Loss: 0.0009, Time: 10788.6s
Epoch [51/100], Step [80/320], Loss: 0.0008, Time: 10802.0s
Epoch [51/100], Step [100/320], Loss: 0.0012, Time: 10815.3s
Epoch [51/100], Step [120/320], Loss: 0.0007, Time: 10828.7s
Epoch [51/100], Step [140/320], Loss: 0.0013, Time: 10842.0s
Epoch [51/100], Step [160/320], Loss: 0.0009, Time: 10855.4s
Epoch [51/100], Step [180/320], Loss: 0.0008, Time: 10868.8s
Epoch [51/100], Step [200/320], Loss: 0.0011, Time: 10882.1s
Epoch [51/100], Step [220/320], Loss: 0.0007, Time: 10895.5s
Epoch [51/100], Step [240/320], Loss: 0.0006, Time: 10908.9s
Epoch [51/100], Step [260/320], Loss: 0.0010, Time: 10922.2s
Epoch [51/100], Step [280/320], Loss: 0.0011, Time: 10935.6s
Epoch [51/100], Step [300/320], Loss: 0.0015, Time: 10948.9s
Epoch [51/100], Step [320/320], Loss: 0.0010, Time: 10962.3s
Epoch [52/100], Step [20/320], Loss: 0.0010, Time: 10976.3s
Epoch [52/100], Step [40/320], Loss: 0.0013, Time: 10989.6s
Epoch [52/100], Step [60/320], Loss: 0.0008, Time: 11003.0s
Epoch [52/100], Step [80/320], Loss: 0.0008, Time: 11016.3s
Epoch [52/100], Step [100/320], Loss: 0.0007, Time: 11029.7s
Epoch [52/100], Step [120/320], Loss: 0.0005, Time: 11043.1s
Epoch [52/100], Step [140/320], Loss: 0.0012, Time: 11056.5s
Epoch [52/100], Step [160/320], Loss: 0.0009, Time: 11069.8s
Epoch [52/100], Step [180/320], Loss: 0.0007, Time: 11083.2s
Epoch [52/100], Step [200/320], Loss: 0.0013, Time: 11096.6s
Epoch [52/100], Step [220/320], Loss: 0.0011, Time: 11109.9s
Epoch [52/100], Step [240/320], Loss: 0.0007, Time: 11123.3s
Epoch [52/100], Step [260/320], Loss: 0.0007, Time: 11136.7s
Epoch [52/100], Step [280/320], Loss: 0.0007, Time: 11150.0s
Epoch [52/100], Step [300/320], Loss: 0.0008, Time: 11163.4s
Epoch [52/100], Step [320/320], Loss: 0.0018, Time: 11176.8s
Epoch [53/100], Step [20/320], Loss: 0.0008, Time: 11190.8s
Epoch [53/100], Step [40/320], Loss: 0.0007, Time: 11204.1s
Epoch [53/100], Step [60/320], Loss: 0.0008, Time: 11217.5s
Epoch [53/100], Step [80/320], Loss: 0.0010, Time: 11230.9s
Epoch [53/100], Step [100/320], Loss: 0.0006, Time: 11244.3s
Epoch [53/100], Step [120/320], Loss: 0.0007, Time: 11257.6s
Epoch [53/100], Step [140/320], Loss: 0.0011, Time: 11271.0s
Epoch [53/100], Step [160/320], Loss: 0.0011, Time: 11284.4s
Epoch [53/100], Step [180/320], Loss: 0.0010, Time: 11297.8s
Epoch [53/100], Step [200/320], Loss: 0.0009, Time: 11311.1s
Epoch [53/100], Step [220/320], Loss: 0.0010, Time: 11324.5s
Epoch [53/100], Step [240/320], Loss: 0.0011, Time: 11337.9s
Epoch [53/100], Step [260/320], Loss: 0.0007, Time: 11351.2s
Epoch [53/100], Step [280/320], Loss: 0.0009, Time: 11364.6s
Epoch [53/100], Step [300/320], Loss: 0.0007, Time: 11378.0s
Epoch [53/100], Step [320/320], Loss: 0.0012, Time: 11391.4s
Epoch [54/100], Step [20/320], Loss: 0.0009, Time: 11405.4s
Epoch [54/100], Step [40/320], Loss: 0.0011, Time: 11418.8s
Epoch [54/100], Step [60/320], Loss: 0.0008, Time: 11432.2s
Epoch [54/100], Step [80/320], Loss: 0.0009, Time: 11445.6s
Epoch [54/100], Step [100/320], Loss: 0.0006, Time: 11458.9s
Epoch [54/100], Step [120/320], Loss: 0.0011, Time: 11472.3s
Epoch [54/100], Step [140/320], Loss: 0.0007, Time: 11485.7s
Epoch [54/100], Step [160/320], Loss: 0.0016, Time: 11499.1s
Epoch [54/100], Step [180/320], Loss: 0.0008, Time: 11512.5s
Epoch [54/100], Step [200/320], Loss: 0.0008, Time: 11525.9s
Epoch [54/100], Step [220/320], Loss: 0.0007, Time: 11539.3s
Epoch [54/100], Step [240/320], Loss: 0.0009, Time: 11552.7s
Epoch [54/100], Step [260/320], Loss: 0.0008, Time: 11566.1s
Epoch [54/100], Step [280/320], Loss: 0.0009, Time: 11579.5s
Epoch [54/100], Step [300/320], Loss: 0.0009, Time: 11592.9s
Epoch [54/100], Step [320/320], Loss: 0.0009, Time: 11606.3s
Epoch [55/100], Step [20/320], Loss: 0.0009, Time: 11620.3s
Epoch [55/100], Step [40/320], Loss: 0.0010, Time: 11633.7s
Epoch [55/100], Step [60/320], Loss: 0.0008, Time: 11647.1s
Epoch [55/100], Step [80/320], Loss: 0.0008, Time: 11660.5s
Epoch [55/100], Step [100/320], Loss: 0.0017, Time: 11673.8s
Epoch [55/100], Step [120/320], Loss: 0.0009, Time: 11687.2s
Epoch [55/100], Step [140/320], Loss: 0.0007, Time: 11700.6s
Epoch [55/100], Step [160/320], Loss: 0.0008, Time: 11714.0s
Epoch [55/100], Step [180/320], Loss: 0.0007, Time: 11727.4s
Epoch [55/100], Step [200/320], Loss: 0.0012, Time: 11740.7s
Epoch [55/100], Step [220/320], Loss: 0.0010, Time: 11754.1s
Epoch [55/100], Step [240/320], Loss: 0.0008, Time: 11767.5s
Epoch [55/100], Step [260/320], Loss: 0.0008, Time: 11780.8s
Epoch [55/100], Step [280/320], Loss: 0.0007, Time: 11794.2s
Epoch [55/100], Step [300/320], Loss: 0.0008, Time: 11807.6s
Epoch [55/100], Step [320/320], Loss: 0.0007, Time: 11821.0s
Epoch [56/100], Step [20/320], Loss: 0.0011, Time: 11834.9s
Epoch [56/100], Step [40/320], Loss: 0.0004, Time: 11848.3s
Epoch [56/100], Step [60/320], Loss: 0.0009, Time: 11861.7s
Epoch [56/100], Step [80/320], Loss: 0.0008, Time: 11875.1s
Epoch [56/100], Step [100/320], Loss: 0.0008, Time: 11888.4s
Epoch [56/100], Step [120/320], Loss: 0.0008, Time: 11901.8s
Epoch [56/100], Step [140/320], Loss: 0.0008, Time: 11915.2s
Epoch [56/100], Step [160/320], Loss: 0.0008, Time: 11928.5s
Epoch [56/100], Step [180/320], Loss: 0.0008, Time: 11941.9s
Epoch [56/100], Step [200/320], Loss: 0.0008, Time: 11955.3s
Epoch [56/100], Step [220/320], Loss: 0.0008, Time: 11968.6s
Epoch [56/100], Step [240/320], Loss: 0.0008, Time: 11982.0s
Epoch [56/100], Step [260/320], Loss: 0.0007, Time: 11995.3s
Epoch [56/100], Step [280/320], Loss: 0.0014, Time: 12008.7s
Epoch [56/100], Step [300/320], Loss: 0.0010, Time: 12022.1s
Epoch [56/100], Step [320/320], Loss: 0.0011, Time: 12035.4s
Epoch [57/100], Step [20/320], Loss: 0.0006, Time: 12049.4s
Epoch [57/100], Step [40/320], Loss: 0.0008, Time: 12062.8s
Epoch [57/100], Step [60/320], Loss: 0.0014, Time: 12076.1s
Epoch [57/100], Step [80/320], Loss: 0.0013, Time: 12089.5s
Epoch [57/100], Step [100/320], Loss: 0.0008, Time: 12103.0s
Epoch [57/100], Step [120/320], Loss: 0.0009, Time: 12116.4s
Epoch [57/100], Step [140/320], Loss: 0.0010, Time: 12129.8s
Epoch [57/100], Step [160/320], Loss: 0.0006, Time: 12143.2s
Epoch [57/100], Step [180/320], Loss: 0.0010, Time: 12156.5s
Epoch [57/100], Step [200/320], Loss: 0.0008, Time: 12169.9s
Epoch [57/100], Step [220/320], Loss: 0.0011, Time: 12183.3s
Epoch [57/100], Step [240/320], Loss: 0.0006, Time: 12196.7s
Epoch [57/100], Step [260/320], Loss: 0.0006, Time: 12210.1s
Epoch [57/100], Step [280/320], Loss: 0.0012, Time: 12223.5s
Epoch [57/100], Step [300/320], Loss: 0.0008, Time: 12236.8s
Epoch [57/100], Step [320/320], Loss: 0.0013, Time: 12250.2s
Epoch [58/100], Step [20/320], Loss: 0.0005, Time: 12264.2s
Epoch [58/100], Step [40/320], Loss: 0.0008, Time: 12277.6s
Epoch [58/100], Step [60/320], Loss: 0.0009, Time: 12290.9s
Epoch [58/100], Step [80/320], Loss: 0.0005, Time: 12304.3s
Epoch [58/100], Step [100/320], Loss: 0.0008, Time: 12317.7s
Epoch [58/100], Step [120/320], Loss: 0.0009, Time: 12331.0s
Epoch [58/100], Step [140/320], Loss: 0.0008, Time: 12344.4s
Epoch [58/100], Step [160/320], Loss: 0.0009, Time: 12357.8s
Epoch [58/100], Step [180/320], Loss: 0.0009, Time: 12371.1s
Epoch [58/100], Step [200/320], Loss: 0.0011, Time: 12384.5s
Epoch [58/100], Step [220/320], Loss: 0.0009, Time: 12397.8s
Epoch [58/100], Step [240/320], Loss: 0.0008, Time: 12411.2s
Epoch [58/100], Step [260/320], Loss: 0.0009, Time: 12424.5s
Epoch [58/100], Step [280/320], Loss: 0.0015, Time: 12437.9s
Epoch [58/100], Step [300/320], Loss: 0.0006, Time: 12451.3s
Epoch [58/100], Step [320/320], Loss: 0.0008, Time: 12464.6s
Epoch [59/100], Step [20/320], Loss: 0.0008, Time: 12478.6s
Epoch [59/100], Step [40/320], Loss: 0.0010, Time: 12491.9s
Epoch [59/100], Step [60/320], Loss: 0.0010, Time: 12505.3s
Epoch [59/100], Step [80/320], Loss: 0.0014, Time: 12518.6s
Epoch [59/100], Step [100/320], Loss: 0.0007, Time: 12531.9s
Epoch [59/100], Step [120/320], Loss: 0.0010, Time: 12545.3s
Epoch [59/100], Step [140/320], Loss: 0.0007, Time: 12558.6s
Epoch [59/100], Step [160/320], Loss: 0.0008, Time: 12572.0s
Epoch [59/100], Step [180/320], Loss: 0.0013, Time: 12585.3s
Epoch [59/100], Step [200/320], Loss: 0.0007, Time: 12598.6s
Epoch [59/100], Step [220/320], Loss: 0.0018, Time: 12612.0s
Epoch [59/100], Step [240/320], Loss: 0.0008, Time: 12625.3s
Epoch [59/100], Step [260/320], Loss: 0.0010, Time: 12638.6s
Epoch [59/100], Step [280/320], Loss: 0.0011, Time: 12652.0s
Epoch [59/100], Step [300/320], Loss: 0.0009, Time: 12665.3s
Epoch [59/100], Step [320/320], Loss: 0.0009, Time: 12678.7s
Epoch [60/100], Step [20/320], Loss: 0.0010, Time: 12692.6s
Epoch [60/100], Step [40/320], Loss: 0.0007, Time: 12706.0s
Epoch [60/100], Step [60/320], Loss: 0.0008, Time: 12719.4s
Epoch [60/100], Step [80/320], Loss: 0.0008, Time: 12732.7s
Epoch [60/100], Step [100/320], Loss: 0.0009, Time: 12746.1s
Epoch [60/100], Step [120/320], Loss: 0.0008, Time: 12759.4s
Epoch [60/100], Step [140/320], Loss: 0.0008, Time: 12772.8s
Epoch [60/100], Step [160/320], Loss: 0.0008, Time: 12786.2s
Epoch [60/100], Step [180/320], Loss: 0.0012, Time: 12799.5s
Epoch [60/100], Step [200/320], Loss: 0.0007, Time: 12812.9s
Epoch [60/100], Step [220/320], Loss: 0.0011, Time: 12826.3s
Epoch [60/100], Step [240/320], Loss: 0.0008, Time: 12839.6s
Epoch [60/100], Step [260/320], Loss: 0.0012, Time: 12853.0s
Epoch [60/100], Step [280/320], Loss: 0.0009, Time: 12866.3s
Epoch [60/100], Step [300/320], Loss: 0.0008, Time: 12879.7s
Epoch [60/100], Step [320/320], Loss: 0.0007, Time: 12893.0s
Epoch [61/100], Step [20/320], Loss: 0.0010, Time: 12907.0s
Epoch [61/100], Step [40/320], Loss: 0.0011, Time: 12920.4s
Epoch [61/100], Step [60/320], Loss: 0.0008, Time: 12933.8s
Epoch [61/100], Step [80/320], Loss: 0.0012, Time: 12947.1s
Epoch [61/100], Step [100/320], Loss: 0.0012, Time: 12960.5s
Epoch [61/100], Step [120/320], Loss: 0.0007, Time: 12973.9s
Epoch [61/100], Step [140/320], Loss: 0.0008, Time: 12987.3s
Epoch [61/100], Step [160/320], Loss: 0.0008, Time: 13000.6s
Epoch [61/100], Step [180/320], Loss: 0.0011, Time: 13014.0s
Epoch [61/100], Step [200/320], Loss: 0.0007, Time: 13027.4s
Epoch [61/100], Step [220/320], Loss: 0.0010, Time: 13040.8s
Epoch [61/100], Step [240/320], Loss: 0.0007, Time: 13054.2s
Epoch [61/100], Step [260/320], Loss: 0.0005, Time: 13067.5s
Epoch [61/100], Step [280/320], Loss: 0.0007, Time: 13080.9s
Epoch [61/100], Step [300/320], Loss: 0.0007, Time: 13094.2s
Epoch [61/100], Step [320/320], Loss: 0.0010, Time: 13107.6s
Epoch [62/100], Step [20/320], Loss: 0.0011, Time: 13121.6s
Epoch [62/100], Step [40/320], Loss: 0.0006, Time: 13134.9s
Epoch [62/100], Step [60/320], Loss: 0.0008, Time: 13148.3s
Epoch [62/100], Step [80/320], Loss: 0.0010, Time: 13161.6s
Epoch [62/100], Step [100/320], Loss: 0.0006, Time: 13175.0s
Epoch [62/100], Step [120/320], Loss: 0.0010, Time: 13188.4s
Epoch [62/100], Step [140/320], Loss: 0.0008, Time: 13201.7s
Epoch [62/100], Step [160/320], Loss: 0.0006, Time: 13215.1s
Epoch [62/100], Step [180/320], Loss: 0.0010, Time: 13228.4s
Epoch [62/100], Step [200/320], Loss: 0.0009, Time: 13241.8s
Epoch [62/100], Step [220/320], Loss: 0.0009, Time: 13255.2s
Epoch [62/100], Step [240/320], Loss: 0.0010, Time: 13268.5s
Epoch [62/100], Step [260/320], Loss: 0.0011, Time: 13281.9s
Epoch [62/100], Step [280/320], Loss: 0.0012, Time: 13295.2s
Epoch [62/100], Step [300/320], Loss: 0.0011, Time: 13308.6s
Epoch [62/100], Step [320/320], Loss: 0.0007, Time: 13322.0s
Epoch [63/100], Step [20/320], Loss: 0.0008, Time: 13335.9s
Epoch [63/100], Step [40/320], Loss: 0.0008, Time: 13349.3s
Epoch [63/100], Step [60/320], Loss: 0.0007, Time: 13362.7s
Epoch [63/100], Step [80/320], Loss: 0.0020, Time: 13376.0s
Epoch [63/100], Step [100/320], Loss: 0.0010, Time: 13389.4s
Epoch [63/100], Step [120/320], Loss: 0.0014, Time: 13402.8s
Epoch [63/100], Step [140/320], Loss: 0.0010, Time: 13416.1s
Epoch [63/100], Step [160/320], Loss: 0.0012, Time: 13429.5s
Epoch [63/100], Step [180/320], Loss: 0.0009, Time: 13442.9s
Epoch [63/100], Step [200/320], Loss: 0.0010, Time: 13456.3s
Epoch [63/100], Step [220/320], Loss: 0.0009, Time: 13469.7s
Epoch [63/100], Step [240/320], Loss: 0.0005, Time: 13483.0s
Epoch [63/100], Step [260/320], Loss: 0.0007, Time: 13496.4s
Epoch [63/100], Step [280/320], Loss: 0.0009, Time: 13509.8s
Epoch [63/100], Step [300/320], Loss: 0.0011, Time: 13523.1s
Epoch [63/100], Step [320/320], Loss: 0.0013, Time: 13536.5s
Epoch [64/100], Step [20/320], Loss: 0.0008, Time: 13550.5s
Epoch [64/100], Step [40/320], Loss: 0.0007, Time: 13563.9s
Epoch [64/100], Step [60/320], Loss: 0.0007, Time: 13577.3s
Epoch [64/100], Step [80/320], Loss: 0.0007, Time: 13590.6s
Epoch [64/100], Step [100/320], Loss: 0.0007, Time: 13604.0s
Epoch [64/100], Step [120/320], Loss: 0.0008, Time: 13617.4s
Epoch [64/100], Step [140/320], Loss: 0.0006, Time: 13630.8s
Epoch [64/100], Step [160/320], Loss: 0.0006, Time: 13644.2s
Epoch [64/100], Step [180/320], Loss: 0.0009, Time: 13657.6s
Epoch [64/100], Step [200/320], Loss: 0.0005, Time: 13670.9s
Epoch [64/100], Step [220/320], Loss: 0.0009, Time: 13684.3s
Epoch [64/100], Step [240/320], Loss: 0.0013, Time: 13697.7s
Epoch [64/100], Step [260/320], Loss: 0.0008, Time: 13711.1s
Epoch [64/100], Step [280/320], Loss: 0.0008, Time: 13724.4s
Epoch [64/100], Step [300/320], Loss: 0.0007, Time: 13737.8s
Epoch [64/100], Step [320/320], Loss: 0.0011, Time: 13751.2s
Epoch [65/100], Step [20/320], Loss: 0.0006, Time: 13765.1s
Epoch [65/100], Step [40/320], Loss: 0.0009, Time: 13778.5s
Epoch [65/100], Step [60/320], Loss: 0.0007, Time: 13791.9s
Epoch [65/100], Step [80/320], Loss: 0.0009, Time: 13805.3s
Epoch [65/100], Step [100/320], Loss: 0.0010, Time: 13818.7s
Epoch [65/100], Step [120/320], Loss: 0.0012, Time: 13832.0s
Epoch [65/100], Step [140/320], Loss: 0.0010, Time: 13845.4s
Epoch [65/100], Step [160/320], Loss: 0.0007, Time: 13858.8s
Epoch [65/100], Step [180/320], Loss: 0.0008, Time: 13872.2s
Epoch [65/100], Step [200/320], Loss: 0.0009, Time: 13885.6s
Epoch [65/100], Step [220/320], Loss: 0.0009, Time: 13899.0s
Epoch [65/100], Step [240/320], Loss: 0.0009, Time: 13912.4s
Epoch [65/100], Step [260/320], Loss: 0.0009, Time: 13925.7s
Epoch [65/100], Step [280/320], Loss: 0.0010, Time: 13939.1s
Epoch [65/100], Step [300/320], Loss: 0.0008, Time: 13952.5s
Epoch [65/100], Step [320/320], Loss: 0.0005, Time: 13965.9s
Epoch [66/100], Step [20/320], Loss: 0.0009, Time: 13979.8s
Epoch [66/100], Step [40/320], Loss: 0.0009, Time: 13993.2s
Epoch [66/100], Step [60/320], Loss: 0.0010, Time: 14006.6s
Epoch [66/100], Step [80/320], Loss: 0.0007, Time: 14020.0s
Epoch [66/100], Step [100/320], Loss: 0.0008, Time: 14033.3s
Epoch [66/100], Step [120/320], Loss: 0.0014, Time: 14046.7s
Epoch [66/100], Step [140/320], Loss: 0.0008, Time: 14060.1s
Epoch [66/100], Step [160/320], Loss: 0.0013, Time: 14073.4s
Epoch [66/100], Step [180/320], Loss: 0.0009, Time: 14086.8s
Epoch [66/100], Step [200/320], Loss: 0.0011, Time: 14100.2s
Epoch [66/100], Step [220/320], Loss: 0.0009, Time: 14113.6s
Epoch [66/100], Step [240/320], Loss: 0.0007, Time: 14126.9s
Epoch [66/100], Step [260/320], Loss: 0.0010, Time: 14140.3s
Epoch [66/100], Step [280/320], Loss: 0.0010, Time: 14153.6s
Epoch [66/100], Step [300/320], Loss: 0.0007, Time: 14167.0s
Epoch [66/100], Step [320/320], Loss: 0.0005, Time: 14180.4s
Epoch [67/100], Step [20/320], Loss: 0.0007, Time: 14194.4s
Epoch [67/100], Step [40/320], Loss: 0.0007, Time: 14207.7s
Epoch [67/100], Step [60/320], Loss: 0.0008, Time: 14221.1s
Epoch [67/100], Step [80/320], Loss: 0.0009, Time: 14234.5s
Epoch [67/100], Step [100/320], Loss: 0.0012, Time: 14247.8s
Epoch [67/100], Step [120/320], Loss: 0.0017, Time: 14261.2s
Epoch [67/100], Step [140/320], Loss: 0.0009, Time: 14274.6s
Epoch [67/100], Step [160/320], Loss: 0.0006, Time: 14288.0s
Epoch [67/100], Step [180/320], Loss: 0.0008, Time: 14301.4s
Epoch [67/100], Step [200/320], Loss: 0.0007, Time: 14314.7s
Epoch [67/100], Step [220/320], Loss: 0.0007, Time: 14328.1s
Epoch [67/100], Step [240/320], Loss: 0.0010, Time: 14341.5s
Epoch [67/100], Step [260/320], Loss: 0.0007, Time: 14354.9s
Epoch [67/100], Step [280/320], Loss: 0.0011, Time: 14368.2s
Epoch [67/100], Step [300/320], Loss: 0.0007, Time: 14381.6s
Epoch [67/100], Step [320/320], Loss: 0.0007, Time: 14395.0s
Epoch [68/100], Step [20/320], Loss: 0.0009, Time: 14409.0s
Epoch [68/100], Step [40/320], Loss: 0.0008, Time: 14422.4s
Epoch [68/100], Step [60/320], Loss: 0.0007, Time: 14435.8s
Epoch [68/100], Step [80/320], Loss: 0.0008, Time: 14449.2s
Epoch [68/100], Step [100/320], Loss: 0.0007, Time: 14462.5s
Epoch [68/100], Step [120/320], Loss: 0.0010, Time: 14475.9s
Epoch [68/100], Step [140/320], Loss: 0.0008, Time: 14489.3s
Epoch [68/100], Step [160/320], Loss: 0.0006, Time: 14502.7s
Epoch [68/100], Step [180/320], Loss: 0.0008, Time: 14516.1s
Epoch [68/100], Step [200/320], Loss: 0.0007, Time: 14529.5s
Epoch [68/100], Step [220/320], Loss: 0.0011, Time: 14542.9s
Epoch [68/100], Step [240/320], Loss: 0.0007, Time: 14556.2s
Epoch [68/100], Step [260/320], Loss: 0.0008, Time: 14569.6s
Epoch [68/100], Step [280/320], Loss: 0.0007, Time: 14583.0s
Epoch [68/100], Step [300/320], Loss: 0.0007, Time: 14596.4s
Epoch [68/100], Step [320/320], Loss: 0.0007, Time: 14609.8s
Epoch [69/100], Step [20/320], Loss: 0.0006, Time: 14623.7s
Epoch [69/100], Step [40/320], Loss: 0.0012, Time: 14637.1s
Epoch [69/100], Step [60/320], Loss: 0.0011, Time: 14650.5s
Epoch [69/100], Step [80/320], Loss: 0.0006, Time: 14663.8s
Epoch [69/100], Step [100/320], Loss: 0.0008, Time: 14677.2s
Epoch [69/100], Step [120/320], Loss: 0.0007, Time: 14690.6s
Epoch [69/100], Step [140/320], Loss: 0.0008, Time: 14703.9s
Epoch [69/100], Step [160/320], Loss: 0.0009, Time: 14717.3s
Epoch [69/100], Step [180/320], Loss: 0.0009, Time: 14730.6s
Epoch [69/100], Step [200/320], Loss: 0.0012, Time: 14744.0s
Epoch [69/100], Step [220/320], Loss: 0.0005, Time: 14757.3s
Epoch [69/100], Step [240/320], Loss: 0.0010, Time: 14770.7s
Epoch [69/100], Step [260/320], Loss: 0.0009, Time: 14784.1s
Epoch [69/100], Step [280/320], Loss: 0.0007, Time: 14797.4s
Epoch [69/100], Step [300/320], Loss: 0.0013, Time: 14810.8s
Epoch [69/100], Step [320/320], Loss: 0.0007, Time: 14824.1s
Epoch [70/100], Step [20/320], Loss: 0.0008, Time: 14838.1s
Epoch [70/100], Step [40/320], Loss: 0.0005, Time: 14851.4s
Epoch [70/100], Step [60/320], Loss: 0.0008, Time: 14864.8s
Epoch [70/100], Step [80/320], Loss: 0.0008, Time: 14878.2s
Epoch [70/100], Step [100/320], Loss: 0.0010, Time: 14891.6s
Epoch [70/100], Step [120/320], Loss: 0.0006, Time: 14905.0s
Epoch [70/100], Step [140/320], Loss: 0.0014, Time: 14918.4s
Epoch [70/100], Step [160/320], Loss: 0.0015, Time: 14931.8s
Epoch [70/100], Step [180/320], Loss: 0.0007, Time: 14945.2s
Epoch [70/100], Step [200/320], Loss: 0.0006, Time: 14958.6s
Epoch [70/100], Step [220/320], Loss: 0.0006, Time: 14972.0s
Epoch [70/100], Step [240/320], Loss: 0.0006, Time: 14985.4s
Epoch [70/100], Step [260/320], Loss: 0.0010, Time: 14998.8s
Epoch [70/100], Step [280/320], Loss: 0.0007, Time: 15012.2s
Epoch [70/100], Step [300/320], Loss: 0.0004, Time: 15025.6s
Epoch [70/100], Step [320/320], Loss: 0.0005, Time: 15039.0s
Epoch [71/100], Step [20/320], Loss: 0.0006, Time: 15053.0s
Epoch [71/100], Step [40/320], Loss: 0.0010, Time: 15066.3s
Epoch [71/100], Step [60/320], Loss: 0.0005, Time: 15079.7s
Epoch [71/100], Step [80/320], Loss: 0.0008, Time: 15093.1s
Epoch [71/100], Step [100/320], Loss: 0.0012, Time: 15106.4s
Epoch [71/100], Step [120/320], Loss: 0.0007, Time: 15119.8s
Epoch [71/100], Step [140/320], Loss: 0.0008, Time: 15133.2s
Epoch [71/100], Step [160/320], Loss: 0.0009, Time: 15146.6s
Epoch [71/100], Step [180/320], Loss: 0.0008, Time: 15159.9s
Epoch [71/100], Step [200/320], Loss: 0.0007, Time: 15173.3s
Epoch [71/100], Step [220/320], Loss: 0.0007, Time: 15186.7s
Epoch [71/100], Step [240/320], Loss: 0.0006, Time: 15200.0s
Epoch [71/100], Step [260/320], Loss: 0.0009, Time: 15213.4s
Epoch [71/100], Step [280/320], Loss: 0.0013, Time: 15226.7s
Epoch [71/100], Step [300/320], Loss: 0.0009, Time: 15240.1s
Epoch [71/100], Step [320/320], Loss: 0.0005, Time: 15253.5s
Epoch [72/100], Step [20/320], Loss: 0.0007, Time: 15267.4s
Epoch [72/100], Step [40/320], Loss: 0.0014, Time: 15280.8s
Epoch [72/100], Step [60/320], Loss: 0.0007, Time: 15294.2s
Epoch [72/100], Step [80/320], Loss: 0.0006, Time: 15307.6s
Epoch [72/100], Step [100/320], Loss: 0.0007, Time: 15321.0s
Epoch [72/100], Step [120/320], Loss: 0.0006, Time: 15334.4s
Epoch [72/100], Step [140/320], Loss: 0.0010, Time: 15347.8s
Epoch [72/100], Step [160/320], Loss: 0.0008, Time: 15361.2s
Epoch [72/100], Step [180/320], Loss: 0.0008, Time: 15374.5s
Epoch [72/100], Step [200/320], Loss: 0.0007, Time: 15387.9s
Epoch [72/100], Step [220/320], Loss: 0.0008, Time: 15401.3s
Epoch [72/100], Step [240/320], Loss: 0.0007, Time: 15414.7s
Epoch [72/100], Step [260/320], Loss: 0.0010, Time: 15428.1s
Epoch [72/100], Step [280/320], Loss: 0.0008, Time: 15441.5s
Epoch [72/100], Step [300/320], Loss: 0.0012, Time: 15454.9s
Epoch [72/100], Step [320/320], Loss: 0.0007, Time: 15468.3s
Epoch [73/100], Step [20/320], Loss: 0.0007, Time: 15482.3s
Epoch [73/100], Step [40/320], Loss: 0.0005, Time: 15495.6s
Epoch [73/100], Step [60/320], Loss: 0.0012, Time: 15509.0s
Epoch [73/100], Step [80/320], Loss: 0.0010, Time: 15522.3s
Epoch [73/100], Step [100/320], Loss: 0.0006, Time: 15535.7s
Epoch [73/100], Step [120/320], Loss: 0.0008, Time: 15549.1s
Epoch [73/100], Step [140/320], Loss: 0.0006, Time: 15562.5s
Epoch [73/100], Step [160/320], Loss: 0.0006, Time: 15575.8s
Epoch [73/100], Step [180/320], Loss: 0.0007, Time: 15589.2s
Epoch [73/100], Step [200/320], Loss: 0.0006, Time: 15602.6s
Epoch [73/100], Step [220/320], Loss: 0.0008, Time: 15615.9s
Epoch [73/100], Step [240/320], Loss: 0.0007, Time: 15629.3s
Epoch [73/100], Step [260/320], Loss: 0.0006, Time: 15642.7s
Epoch [73/100], Step [280/320], Loss: 0.0005, Time: 15656.1s
Epoch [73/100], Step [300/320], Loss: 0.0008, Time: 15669.4s
Epoch [73/100], Step [320/320], Loss: 0.0011, Time: 15682.8s
Epoch [74/100], Step [20/320], Loss: 0.0011, Time: 15696.8s
Epoch [74/100], Step [40/320], Loss: 0.0006, Time: 15710.2s
Epoch [74/100], Step [60/320], Loss: 0.0009, Time: 15723.6s
Epoch [74/100], Step [80/320], Loss: 0.0009, Time: 15736.9s
Epoch [74/100], Step [100/320], Loss: 0.0009, Time: 15750.3s
Epoch [74/100], Step [120/320], Loss: 0.0008, Time: 15763.7s
Epoch [74/100], Step [140/320], Loss: 0.0012, Time: 15777.1s
Epoch [74/100], Step [160/320], Loss: 0.0010, Time: 15790.4s
Epoch [74/100], Step [180/320], Loss: 0.0007, Time: 15803.8s
Epoch [74/100], Step [200/320], Loss: 0.0008, Time: 15817.2s
Epoch [74/100], Step [220/320], Loss: 0.0008, Time: 15830.6s
Epoch [74/100], Step [240/320], Loss: 0.0007, Time: 15844.0s
Epoch [74/100], Step [260/320], Loss: 0.0011, Time: 15857.4s
Epoch [74/100], Step [280/320], Loss: 0.0007, Time: 15870.7s
Epoch [74/100], Step [300/320], Loss: 0.0009, Time: 15884.1s
Epoch [74/100], Step [320/320], Loss: 0.0010, Time: 15897.5s
Epoch [75/100], Step [20/320], Loss: 0.0009, Time: 15911.5s
Epoch [75/100], Step [40/320], Loss: 0.0007, Time: 15924.9s
Epoch [75/100], Step [60/320], Loss: 0.0005, Time: 15938.2s
Epoch [75/100], Step [80/320], Loss: 0.0009, Time: 15951.6s
Epoch [75/100], Step [100/320], Loss: 0.0008, Time: 15965.0s
Epoch [75/100], Step [120/320], Loss: 0.0009, Time: 15978.4s
Epoch [75/100], Step [140/320], Loss: 0.0009, Time: 15991.8s
Epoch [75/100], Step [160/320], Loss: 0.0009, Time: 16005.1s
Epoch [75/100], Step [180/320], Loss: 0.0011, Time: 16018.5s
Epoch [75/100], Step [200/320], Loss: 0.0010, Time: 16031.9s
Epoch [75/100], Step [220/320], Loss: 0.0005, Time: 16045.2s
Epoch [75/100], Step [240/320], Loss: 0.0007, Time: 16058.6s
Epoch [75/100], Step [260/320], Loss: 0.0007, Time: 16072.0s
Epoch [75/100], Step [280/320], Loss: 0.0007, Time: 16085.3s
Epoch [75/100], Step [300/320], Loss: 0.0007, Time: 16098.7s
Epoch [75/100], Step [320/320], Loss: 0.0010, Time: 16112.1s
Epoch [76/100], Step [20/320], Loss: 0.0008, Time: 16126.3s
Epoch [76/100], Step [40/320], Loss: 0.0009, Time: 16139.6s
Epoch [76/100], Step [60/320], Loss: 0.0009, Time: 16153.0s
Epoch [76/100], Step [80/320], Loss: 0.0008, Time: 16166.4s
Epoch [76/100], Step [100/320], Loss: 0.0007, Time: 16179.8s
Epoch [76/100], Step [120/320], Loss: 0.0006, Time: 16193.2s
Epoch [76/100], Step [140/320], Loss: 0.0007, Time: 16206.5s
Epoch [76/100], Step [160/320], Loss: 0.0012, Time: 16219.9s
Epoch [76/100], Step [180/320], Loss: 0.0009, Time: 16233.3s
Epoch [76/100], Step [200/320], Loss: 0.0009, Time: 16246.6s
Epoch [76/100], Step [220/320], Loss: 0.0010, Time: 16260.0s
Epoch [76/100], Step [240/320], Loss: 0.0009, Time: 16273.3s
Epoch [76/100], Step [260/320], Loss: 0.0011, Time: 16286.7s
Epoch [76/100], Step [280/320], Loss: 0.0010, Time: 16300.1s
Epoch [76/100], Step [300/320], Loss: 0.0008, Time: 16313.4s
Epoch [76/100], Step [320/320], Loss: 0.0012, Time: 16326.8s
Epoch [77/100], Step [20/320], Loss: 0.0007, Time: 16340.7s
Epoch [77/100], Step [40/320], Loss: 0.0009, Time: 16354.1s
Epoch [77/100], Step [60/320], Loss: 0.0010, Time: 16367.4s
Epoch [77/100], Step [80/320], Loss: 0.0005, Time: 16380.8s
Epoch [77/100], Step [100/320], Loss: 0.0009, Time: 16394.1s
Epoch [77/100], Step [120/320], Loss: 0.0008, Time: 16407.5s
Epoch [77/100], Step [140/320], Loss: 0.0010, Time: 16420.8s
Epoch [77/100], Step [160/320], Loss: 0.0007, Time: 16434.2s
Epoch [77/100], Step [180/320], Loss: 0.0008, Time: 16447.6s
Epoch [77/100], Step [200/320], Loss: 0.0008, Time: 16460.9s
Epoch [77/100], Step [220/320], Loss: 0.0006, Time: 16474.3s
Epoch [77/100], Step [240/320], Loss: 0.0007, Time: 16487.6s
Epoch [77/100], Step [260/320], Loss: 0.0008, Time: 16501.0s
Epoch [77/100], Step [280/320], Loss: 0.0008, Time: 16514.3s
Epoch [77/100], Step [300/320], Loss: 0.0009, Time: 16527.7s
Epoch [77/100], Step [320/320], Loss: 0.0009, Time: 16541.0s
Epoch [78/100], Step [20/320], Loss: 0.0008, Time: 16555.0s
Epoch [78/100], Step [40/320], Loss: 0.0009, Time: 16568.4s
Epoch [78/100], Step [60/320], Loss: 0.0006, Time: 16581.7s
Epoch [78/100], Step [80/320], Loss: 0.0007, Time: 16595.1s
Epoch [78/100], Step [100/320], Loss: 0.0007, Time: 16608.5s
Epoch [78/100], Step [120/320], Loss: 0.0006, Time: 16621.8s
Epoch [78/100], Step [140/320], Loss: 0.0017, Time: 16635.2s
Epoch [78/100], Step [160/320], Loss: 0.0008, Time: 16648.6s
Epoch [78/100], Step [180/320], Loss: 0.0009, Time: 16661.9s
Epoch [78/100], Step [200/320], Loss: 0.0013, Time: 16675.3s
Epoch [78/100], Step [220/320], Loss: 0.0003, Time: 16688.6s
Epoch [78/100], Step [240/320], Loss: 0.0007, Time: 16702.0s
Epoch [78/100], Step [260/320], Loss: 0.0010, Time: 16715.4s
Epoch [78/100], Step [280/320], Loss: 0.0008, Time: 16728.7s
Epoch [78/100], Step [300/320], Loss: 0.0007, Time: 16742.1s
Epoch [78/100], Step [320/320], Loss: 0.0006, Time: 16755.5s
Epoch [79/100], Step [20/320], Loss: 0.0007, Time: 16769.4s
Epoch [79/100], Step [40/320], Loss: 0.0007, Time: 16782.8s
Epoch [79/100], Step [60/320], Loss: 0.0008, Time: 16796.2s
Epoch [79/100], Step [80/320], Loss: 0.0006, Time: 16809.6s
Epoch [79/100], Step [100/320], Loss: 0.0010, Time: 16823.0s
Epoch [79/100], Step [120/320], Loss: 0.0010, Time: 16836.4s
Epoch [79/100], Step [140/320], Loss: 0.0008, Time: 16849.8s
Epoch [79/100], Step [160/320], Loss: 0.0005, Time: 16863.1s
Epoch [79/100], Step [180/320], Loss: 0.0007, Time: 16876.5s
Epoch [79/100], Step [200/320], Loss: 0.0009, Time: 16889.9s
Epoch [79/100], Step [220/320], Loss: 0.0009, Time: 16903.3s
Epoch [79/100], Step [240/320], Loss: 0.0006, Time: 16916.6s
Epoch [79/100], Step [260/320], Loss: 0.0006, Time: 16930.0s
Epoch [79/100], Step [280/320], Loss: 0.0008, Time: 16943.4s
Epoch [79/100], Step [300/320], Loss: 0.0008, Time: 16956.8s
Epoch [79/100], Step [320/320], Loss: 0.0007, Time: 16970.1s
Epoch [80/100], Step [20/320], Loss: 0.0005, Time: 16984.1s
Epoch [80/100], Step [40/320], Loss: 0.0008, Time: 16997.4s
Epoch [80/100], Step [60/320], Loss: 0.0008, Time: 17010.8s
Epoch [80/100], Step [80/320], Loss: 0.0010, Time: 17024.1s
Epoch [80/100], Step [100/320], Loss: 0.0009, Time: 17037.5s
Epoch [80/100], Step [120/320], Loss: 0.0009, Time: 17050.8s
Epoch [80/100], Step [140/320], Loss: 0.0012, Time: 17064.2s
Epoch [80/100], Step [160/320], Loss: 0.0008, Time: 17077.5s
Epoch [80/100], Step [180/320], Loss: 0.0006, Time: 17090.9s
Epoch [80/100], Step [200/320], Loss: 0.0007, Time: 17104.2s
Epoch [80/100], Step [220/320], Loss: 0.0007, Time: 17117.6s
Epoch [80/100], Step [240/320], Loss: 0.0007, Time: 17130.9s
Epoch [80/100], Step [260/320], Loss: 0.0009, Time: 17144.3s
Epoch [80/100], Step [280/320], Loss: 0.0010, Time: 17157.6s
Epoch [80/100], Step [300/320], Loss: 0.0007, Time: 17171.0s
Epoch [80/100], Step [320/320], Loss: 0.0007, Time: 17184.3s
Epoch [81/100], Step [20/320], Loss: 0.0012, Time: 17198.3s
Epoch [81/100], Step [40/320], Loss: 0.0006, Time: 17211.7s
Epoch [81/100], Step [60/320], Loss: 0.0008, Time: 17225.1s
Epoch [81/100], Step [80/320], Loss: 0.0009, Time: 17238.4s
Epoch [81/100], Step [100/320], Loss: 0.0008, Time: 17251.8s
Epoch [81/100], Step [120/320], Loss: 0.0008, Time: 17265.2s
Epoch [81/100], Step [140/320], Loss: 0.0010, Time: 17278.5s
Epoch [81/100], Step [160/320], Loss: 0.0010, Time: 17291.9s
Epoch [81/100], Step [180/320], Loss: 0.0006, Time: 17305.3s
Epoch [81/100], Step [200/320], Loss: 0.0007, Time: 17318.6s
Epoch [81/100], Step [220/320], Loss: 0.0007, Time: 17332.0s
Epoch [81/100], Step [240/320], Loss: 0.0008, Time: 17345.4s
Epoch [81/100], Step [260/320], Loss: 0.0009, Time: 17358.7s
Epoch [81/100], Step [280/320], Loss: 0.0007, Time: 17372.1s
Epoch [81/100], Step [300/320], Loss: 0.0012, Time: 17385.5s
Epoch [81/100], Step [320/320], Loss: 0.0011, Time: 17398.8s
Epoch [82/100], Step [20/320], Loss: 0.0007, Time: 17412.8s
Epoch [82/100], Step [40/320], Loss: 0.0005, Time: 17426.1s
Epoch [82/100], Step [60/320], Loss: 0.0007, Time: 17439.5s
Epoch [82/100], Step [80/320], Loss: 0.0010, Time: 17452.9s
Epoch [82/100], Step [100/320], Loss: 0.0010, Time: 17466.3s
Epoch [82/100], Step [120/320], Loss: 0.0009, Time: 17479.6s
Epoch [82/100], Step [140/320], Loss: 0.0007, Time: 17493.0s
Epoch [82/100], Step [160/320], Loss: 0.0007, Time: 17506.4s
Epoch [82/100], Step [180/320], Loss: 0.0007, Time: 17519.7s
Epoch [82/100], Step [200/320], Loss: 0.0015, Time: 17533.1s
Epoch [82/100], Step [220/320], Loss: 0.0008, Time: 17546.4s
Epoch [82/100], Step [240/320], Loss: 0.0006, Time: 17559.8s
Epoch [82/100], Step [260/320], Loss: 0.0010, Time: 17573.2s
Epoch [82/100], Step [280/320], Loss: 0.0008, Time: 17586.5s
Epoch [82/100], Step [300/320], Loss: 0.0009, Time: 17599.9s
Epoch [82/100], Step [320/320], Loss: 0.0007, Time: 17613.2s
Epoch [83/100], Step [20/320], Loss: 0.0010, Time: 17627.2s
Epoch [83/100], Step [40/320], Loss: 0.0007, Time: 17640.6s
Epoch [83/100], Step [60/320], Loss: 0.0008, Time: 17654.0s
Epoch [83/100], Step [80/320], Loss: 0.0008, Time: 17667.3s
Epoch [83/100], Step [100/320], Loss: 0.0009, Time: 17680.7s
Epoch [83/100], Step [120/320], Loss: 0.0007, Time: 17694.0s
Epoch [83/100], Step [140/320], Loss: 0.0007, Time: 17707.4s
Epoch [83/100], Step [160/320], Loss: 0.0006, Time: 17720.7s
Epoch [83/100], Step [180/320], Loss: 0.0006, Time: 17734.1s
Epoch [83/100], Step [200/320], Loss: 0.0009, Time: 17747.4s
Epoch [83/100], Step [220/320], Loss: 0.0008, Time: 17760.8s
Epoch [83/100], Step [240/320], Loss: 0.0008, Time: 17774.1s
Epoch [83/100], Step [260/320], Loss: 0.0006, Time: 17787.5s
Epoch [83/100], Step [280/320], Loss: 0.0007, Time: 17800.8s
Epoch [83/100], Step [300/320], Loss: 0.0008, Time: 17814.2s
Epoch [83/100], Step [320/320], Loss: 0.0009, Time: 17827.6s
Epoch [84/100], Step [20/320], Loss: 0.0009, Time: 17841.5s
Epoch [84/100], Step [40/320], Loss: 0.0007, Time: 17854.9s
Epoch [84/100], Step [60/320], Loss: 0.0009, Time: 17868.2s
Epoch [84/100], Step [80/320], Loss: 0.0005, Time: 17881.6s
Epoch [84/100], Step [100/320], Loss: 0.0007, Time: 17895.0s
Epoch [84/100], Step [120/320], Loss: 0.0010, Time: 17908.4s
Epoch [84/100], Step [140/320], Loss: 0.0007, Time: 17921.7s
Epoch [84/100], Step [160/320], Loss: 0.0006, Time: 17935.1s
Epoch [84/100], Step [180/320], Loss: 0.0008, Time: 17948.5s
Epoch [84/100], Step [200/320], Loss: 0.0008, Time: 17961.8s
Epoch [84/100], Step [220/320], Loss: 0.0006, Time: 17975.2s
Epoch [84/100], Step [240/320], Loss: 0.0009, Time: 17988.5s
Epoch [84/100], Step [260/320], Loss: 0.0006, Time: 18001.9s
Epoch [84/100], Step [280/320], Loss: 0.0008, Time: 18015.3s
Epoch [84/100], Step [300/320], Loss: 0.0006, Time: 18028.6s
Epoch [84/100], Step [320/320], Loss: 0.0010, Time: 18042.0s
Epoch [85/100], Step [20/320], Loss: 0.0008, Time: 18056.0s
Epoch [85/100], Step [40/320], Loss: 0.0010, Time: 18069.3s
Epoch [85/100], Step [60/320], Loss: 0.0008, Time: 18082.7s
Epoch [85/100], Step [80/320], Loss: 0.0005, Time: 18096.1s
Epoch [85/100], Step [100/320], Loss: 0.0006, Time: 18109.5s
Epoch [85/100], Step [120/320], Loss: 0.0013, Time: 18122.9s
Epoch [85/100], Step [140/320], Loss: 0.0007, Time: 18136.4s
Epoch [85/100], Step [160/320], Loss: 0.0009, Time: 18149.7s
Epoch [85/100], Step [180/320], Loss: 0.0007, Time: 18163.1s
Epoch [85/100], Step [200/320], Loss: 0.0008, Time: 18176.5s
Epoch [85/100], Step [220/320], Loss: 0.0007, Time: 18189.9s
Epoch [85/100], Step [240/320], Loss: 0.0012, Time: 18203.3s
Epoch [85/100], Step [260/320], Loss: 0.0007, Time: 18216.7s
Epoch [85/100], Step [280/320], Loss: 0.0013, Time: 18230.1s
Epoch [85/100], Step [300/320], Loss: 0.0006, Time: 18243.4s
Epoch [85/100], Step [320/320], Loss: 0.0007, Time: 18256.8s
Epoch [86/100], Step [20/320], Loss: 0.0009, Time: 18270.8s
Epoch [86/100], Step [40/320], Loss: 0.0010, Time: 18284.2s
Epoch [86/100], Step [60/320], Loss: 0.0006, Time: 18297.5s
Epoch [86/100], Step [80/320], Loss: 0.0008, Time: 18310.9s
Epoch [86/100], Step [100/320], Loss: 0.0008, Time: 18324.3s
Epoch [86/100], Step [120/320], Loss: 0.0010, Time: 18337.7s
Epoch [86/100], Step [140/320], Loss: 0.0007, Time: 18351.0s
Epoch [86/100], Step [160/320], Loss: 0.0008, Time: 18364.4s
Epoch [86/100], Step [180/320], Loss: 0.0013, Time: 18377.8s
Epoch [86/100], Step [200/320], Loss: 0.0010, Time: 18391.2s
Epoch [86/100], Step [220/320], Loss: 0.0008, Time: 18404.5s
Epoch [86/100], Step [240/320], Loss: 0.0007, Time: 18417.9s
Epoch [86/100], Step [260/320], Loss: 0.0007, Time: 18431.3s
Epoch [86/100], Step [280/320], Loss: 0.0007, Time: 18444.7s
Epoch [86/100], Step [300/320], Loss: 0.0007, Time: 18458.0s
Epoch [86/100], Step [320/320], Loss: 0.0008, Time: 18471.4s
Epoch [87/100], Step [20/320], Loss: 0.0008, Time: 18485.4s
Epoch [87/100], Step [40/320], Loss: 0.0007, Time: 18498.8s
Epoch [87/100], Step [60/320], Loss: 0.0008, Time: 18512.1s
Epoch [87/100], Step [80/320], Loss: 0.0006, Time: 18525.5s
Epoch [87/100], Step [100/320], Loss: 0.0007, Time: 18538.9s
Epoch [87/100], Step [120/320], Loss: 0.0010, Time: 18552.3s
Epoch [87/100], Step [140/320], Loss: 0.0009, Time: 18565.7s
Epoch [87/100], Step [160/320], Loss: 0.0006, Time: 18579.1s
Epoch [87/100], Step [180/320], Loss: 0.0008, Time: 18592.5s
Epoch [87/100], Step [200/320], Loss: 0.0014, Time: 18605.8s
Epoch [87/100], Step [220/320], Loss: 0.0009, Time: 18619.2s
Epoch [87/100], Step [240/320], Loss: 0.0007, Time: 18632.6s
Epoch [87/100], Step [260/320], Loss: 0.0010, Time: 18646.0s
Epoch [87/100], Step [280/320], Loss: 0.0006, Time: 18659.3s
Epoch [87/100], Step [300/320], Loss: 0.0006, Time: 18672.7s
Epoch [87/100], Step [320/320], Loss: 0.0009, Time: 18686.1s
Epoch [88/100], Step [20/320], Loss: 0.0009, Time: 18700.1s
Epoch [88/100], Step [40/320], Loss: 0.0009, Time: 18713.5s
Epoch [88/100], Step [60/320], Loss: 0.0009, Time: 18726.9s
Epoch [88/100], Step [80/320], Loss: 0.0009, Time: 18740.2s
Epoch [88/100], Step [100/320], Loss: 0.0009, Time: 18753.6s
Epoch [88/100], Step [120/320], Loss: 0.0008, Time: 18767.0s
Epoch [88/100], Step [140/320], Loss: 0.0010, Time: 18780.4s
Epoch [88/100], Step [160/320], Loss: 0.0007, Time: 18793.8s
Epoch [88/100], Step [180/320], Loss: 0.0010, Time: 18807.2s
Epoch [88/100], Step [200/320], Loss: 0.0006, Time: 18820.5s
Epoch [88/100], Step [220/320], Loss: 0.0008, Time: 18833.9s
Epoch [88/100], Step [240/320], Loss: 0.0008, Time: 18847.3s
Epoch [88/100], Step [260/320], Loss: 0.0007, Time: 18860.7s
Epoch [88/100], Step [280/320], Loss: 0.0006, Time: 18874.1s
Epoch [88/100], Step [300/320], Loss: 0.0007, Time: 18887.5s
Epoch [88/100], Step [320/320], Loss: 0.0006, Time: 18900.9s
Epoch [89/100], Step [20/320], Loss: 0.0010, Time: 18914.9s
Epoch [89/100], Step [40/320], Loss: 0.0011, Time: 18928.3s
Epoch [89/100], Step [60/320], Loss: 0.0006, Time: 18941.6s
Epoch [89/100], Step [80/320], Loss: 0.0009, Time: 18955.0s
Epoch [89/100], Step [100/320], Loss: 0.0007, Time: 18968.4s
Epoch [89/100], Step [120/320], Loss: 0.0009, Time: 18981.8s
Epoch [89/100], Step [140/320], Loss: 0.0005, Time: 18995.1s
Epoch [89/100], Step [160/320], Loss: 0.0008, Time: 19008.5s
Epoch [89/100], Step [180/320], Loss: 0.0009, Time: 19021.9s
Epoch [89/100], Step [200/320], Loss: 0.0007, Time: 19035.3s
Epoch [89/100], Step [220/320], Loss: 0.0009, Time: 19048.7s
Epoch [89/100], Step [240/320], Loss: 0.0008, Time: 19062.0s
Epoch [89/100], Step [260/320], Loss: 0.0008, Time: 19075.4s
Epoch [89/100], Step [280/320], Loss: 0.0006, Time: 19088.8s
Epoch [89/100], Step [300/320], Loss: 0.0006, Time: 19102.2s
Epoch [89/100], Step [320/320], Loss: 0.0006, Time: 19115.6s
Epoch [90/100], Step [20/320], Loss: 0.0006, Time: 19129.6s
Epoch [90/100], Step [40/320], Loss: 0.0006, Time: 19143.0s
Epoch [90/100], Step [60/320], Loss: 0.0009, Time: 19156.3s
Epoch [90/100], Step [80/320], Loss: 0.0011, Time: 19169.7s
Epoch [90/100], Step [100/320], Loss: 0.0010, Time: 19183.1s
Epoch [90/100], Step [120/320], Loss: 0.0005, Time: 19196.5s
Epoch [90/100], Step [140/320], Loss: 0.0010, Time: 19209.8s
Epoch [90/100], Step [160/320], Loss: 0.0005, Time: 19223.2s
Epoch [90/100], Step [180/320], Loss: 0.0009, Time: 19236.6s
Epoch [90/100], Step [200/320], Loss: 0.0008, Time: 19249.9s
Epoch [90/100], Step [220/320], Loss: 0.0005, Time: 19263.3s
Epoch [90/100], Step [240/320], Loss: 0.0010, Time: 19276.7s
Epoch [90/100], Step [260/320], Loss: 0.0007, Time: 19290.0s
Epoch [90/100], Step [280/320], Loss: 0.0006, Time: 19303.4s
Epoch [90/100], Step [300/320], Loss: 0.0012, Time: 19316.8s
Epoch [90/100], Step [320/320], Loss: 0.0007, Time: 19330.2s
Epoch [91/100], Step [20/320], Loss: 0.0009, Time: 19344.1s
Epoch [91/100], Step [40/320], Loss: 0.0008, Time: 19357.5s
Epoch [91/100], Step [60/320], Loss: 0.0008, Time: 19370.8s
Epoch [91/100], Step [80/320], Loss: 0.0006, Time: 19384.2s
Epoch [91/100], Step [100/320], Loss: 0.0007, Time: 19397.6s
Epoch [91/100], Step [120/320], Loss: 0.0008, Time: 19411.0s
Epoch [91/100], Step [140/320], Loss: 0.0011, Time: 19424.4s
Epoch [91/100], Step [160/320], Loss: 0.0005, Time: 19437.7s
Epoch [91/100], Step [180/320], Loss: 0.0005, Time: 19451.1s
Epoch [91/100], Step [200/320], Loss: 0.0010, Time: 19464.5s
Epoch [91/100], Step [220/320], Loss: 0.0009, Time: 19477.9s
Epoch [91/100], Step [240/320], Loss: 0.0009, Time: 19491.3s
Epoch [91/100], Step [260/320], Loss: 0.0007, Time: 19504.6s
Epoch [91/100], Step [280/320], Loss: 0.0009, Time: 19518.0s
Epoch [91/100], Step [300/320], Loss: 0.0005, Time: 19531.4s
Epoch [91/100], Step [320/320], Loss: 0.0011, Time: 19544.8s
Epoch [92/100], Step [20/320], Loss: 0.0011, Time: 19558.7s
Epoch [92/100], Step [40/320], Loss: 0.0006, Time: 19572.1s
Epoch [92/100], Step [60/320], Loss: 0.0008, Time: 19585.4s
Epoch [92/100], Step [80/320], Loss: 0.0009, Time: 19598.8s
Epoch [92/100], Step [100/320], Loss: 0.0008, Time: 19612.2s
Epoch [92/100], Step [120/320], Loss: 0.0010, Time: 19625.5s
Epoch [92/100], Step [140/320], Loss: 0.0007, Time: 19638.9s
Epoch [92/100], Step [160/320], Loss: 0.0008, Time: 19652.2s
Epoch [92/100], Step [180/320], Loss: 0.0009, Time: 19665.6s
Epoch [92/100], Step [200/320], Loss: 0.0012, Time: 19679.0s
Epoch [92/100], Step [220/320], Loss: 0.0007, Time: 19692.3s
Epoch [92/100], Step [240/320], Loss: 0.0005, Time: 19705.7s
Epoch [92/100], Step [260/320], Loss: 0.0006, Time: 19719.0s
Epoch [92/100], Step [280/320], Loss: 0.0008, Time: 19732.4s
Epoch [92/100], Step [300/320], Loss: 0.0011, Time: 19745.7s
Epoch [92/100], Step [320/320], Loss: 0.0009, Time: 19759.1s
Epoch [93/100], Step [20/320], Loss: 0.0006, Time: 19773.1s
Epoch [93/100], Step [40/320], Loss: 0.0006, Time: 19786.4s
Epoch [93/100], Step [60/320], Loss: 0.0008, Time: 19799.8s
Epoch [93/100], Step [80/320], Loss: 0.0013, Time: 19813.2s
Epoch [93/100], Step [100/320], Loss: 0.0008, Time: 19826.6s
Epoch [93/100], Step [120/320], Loss: 0.0007, Time: 19839.9s
Epoch [93/100], Step [140/320], Loss: 0.0006, Time: 19853.3s
Epoch [93/100], Step [160/320], Loss: 0.0011, Time: 19866.7s
Epoch [93/100], Step [180/320], Loss: 0.0008, Time: 19880.0s
Epoch [93/100], Step [200/320], Loss: 0.0012, Time: 19893.4s
Epoch [93/100], Step [220/320], Loss: 0.0008, Time: 19906.8s
Epoch [93/100], Step [240/320], Loss: 0.0008, Time: 19920.1s
Epoch [93/100], Step [260/320], Loss: 0.0005, Time: 19933.5s
Epoch [93/100], Step [280/320], Loss: 0.0005, Time: 19946.8s
Epoch [93/100], Step [300/320], Loss: 0.0009, Time: 19960.2s
Epoch [93/100], Step [320/320], Loss: 0.0007, Time: 19973.6s
Epoch [94/100], Step [20/320], Loss: 0.0007, Time: 19987.5s
Epoch [94/100], Step [40/320], Loss: 0.0005, Time: 20000.9s
Epoch [94/100], Step [60/320], Loss: 0.0008, Time: 20014.2s
Epoch [94/100], Step [80/320], Loss: 0.0007, Time: 20027.6s
Epoch [94/100], Step [100/320], Loss: 0.0008, Time: 20041.0s
Epoch [94/100], Step [120/320], Loss: 0.0010, Time: 20054.3s
Epoch [94/100], Step [140/320], Loss: 0.0006, Time: 20067.7s
Epoch [94/100], Step [160/320], Loss: 0.0005, Time: 20081.0s
Epoch [94/100], Step [180/320], Loss: 0.0006, Time: 20094.4s
Epoch [94/100], Step [200/320], Loss: 0.0007, Time: 20107.7s
Epoch [94/100], Step [220/320], Loss: 0.0010, Time: 20121.1s
Epoch [94/100], Step [240/320], Loss: 0.0011, Time: 20134.4s
Epoch [94/100], Step [260/320], Loss: 0.0007, Time: 20147.8s
Epoch [94/100], Step [280/320], Loss: 0.0012, Time: 20161.1s
Epoch [94/100], Step [300/320], Loss: 0.0007, Time: 20174.5s
Epoch [94/100], Step [320/320], Loss: 0.0007, Time: 20187.8s
Epoch [95/100], Step [20/320], Loss: 0.0005, Time: 20202.0s
Epoch [95/100], Step [40/320], Loss: 0.0006, Time: 20215.3s
Epoch [95/100], Step [60/320], Loss: 0.0005, Time: 20228.7s
Epoch [95/100], Step [80/320], Loss: 0.0008, Time: 20242.1s
Epoch [95/100], Step [100/320], Loss: 0.0006, Time: 20255.5s
Epoch [95/100], Step [120/320], Loss: 0.0008, Time: 20268.8s
Epoch [95/100], Step [140/320], Loss: 0.0007, Time: 20282.2s
Epoch [95/100], Step [160/320], Loss: 0.0009, Time: 20295.6s
Epoch [95/100], Step [180/320], Loss: 0.0009, Time: 20309.0s
Epoch [95/100], Step [200/320], Loss: 0.0008, Time: 20322.3s
Epoch [95/100], Step [220/320], Loss: 0.0011, Time: 20335.7s
Epoch [95/100], Step [240/320], Loss: 0.0008, Time: 20349.1s
Epoch [95/100], Step [260/320], Loss: 0.0005, Time: 20362.5s
Epoch [95/100], Step [280/320], Loss: 0.0006, Time: 20375.8s
Epoch [95/100], Step [300/320], Loss: 0.0006, Time: 20389.2s
Epoch [95/100], Step [320/320], Loss: 0.0005, Time: 20402.6s
Epoch [96/100], Step [20/320], Loss: 0.0007, Time: 20416.5s
Epoch [96/100], Step [40/320], Loss: 0.0006, Time: 20429.9s
Epoch [96/100], Step [60/320], Loss: 0.0010, Time: 20443.3s
Epoch [96/100], Step [80/320], Loss: 0.0007, Time: 20456.8s
Epoch [96/100], Step [100/320], Loss: 0.0008, Time: 20470.2s
Epoch [96/100], Step [120/320], Loss: 0.0016, Time: 20483.6s
Epoch [96/100], Step [140/320], Loss: 0.0010, Time: 20497.0s
Epoch [96/100], Step [160/320], Loss: 0.0006, Time: 20510.4s
Epoch [96/100], Step [180/320], Loss: 0.0007, Time: 20523.8s
Epoch [96/100], Step [200/320], Loss: 0.0006, Time: 20537.2s
Epoch [96/100], Step [220/320], Loss: 0.0008, Time: 20550.6s
Epoch [96/100], Step [240/320], Loss: 0.0006, Time: 20564.0s
Epoch [96/100], Step [260/320], Loss: 0.0009, Time: 20577.4s
Epoch [96/100], Step [280/320], Loss: 0.0009, Time: 20590.8s
Epoch [96/100], Step [300/320], Loss: 0.0008, Time: 20604.2s
Epoch [96/100], Step [320/320], Loss: 0.0006, Time: 20617.5s
Epoch [97/100], Step [20/320], Loss: 0.0009, Time: 20631.5s
Epoch [97/100], Step [40/320], Loss: 0.0009, Time: 20644.9s
Epoch [97/100], Step [60/320], Loss: 0.0005, Time: 20658.2s
Epoch [97/100], Step [80/320], Loss: 0.0009, Time: 20671.6s
Epoch [97/100], Step [100/320], Loss: 0.0009, Time: 20685.0s
Epoch [97/100], Step [120/320], Loss: 0.0007, Time: 20698.3s
Epoch [97/100], Step [140/320], Loss: 0.0007, Time: 20711.7s
Epoch [97/100], Step [160/320], Loss: 0.0008, Time: 20725.1s
Epoch [97/100], Step [180/320], Loss: 0.0004, Time: 20738.4s
Epoch [97/100], Step [200/320], Loss: 0.0006, Time: 20751.8s
Epoch [97/100], Step [220/320], Loss: 0.0011, Time: 20765.2s
Epoch [97/100], Step [240/320], Loss: 0.0011, Time: 20778.5s
Epoch [97/100], Step [260/320], Loss: 0.0007, Time: 20791.9s
Epoch [97/100], Step [280/320], Loss: 0.0010, Time: 20805.2s
Epoch [97/100], Step [300/320], Loss: 0.0009, Time: 20818.6s
Epoch [97/100], Step [320/320], Loss: 0.0008, Time: 20832.0s
Epoch [98/100], Step [20/320], Loss: 0.0008, Time: 20846.0s
Epoch [98/100], Step [40/320], Loss: 0.0005, Time: 20859.3s
Epoch [98/100], Step [60/320], Loss: 0.0009, Time: 20872.7s
Epoch [98/100], Step [80/320], Loss: 0.0010, Time: 20886.1s
Epoch [98/100], Step [100/320], Loss: 0.0007, Time: 20899.4s
Epoch [98/100], Step [120/320], Loss: 0.0012, Time: 20912.8s
Epoch [98/100], Step [140/320], Loss: 0.0009, Time: 20926.2s
Epoch [98/100], Step [160/320], Loss: 0.0008, Time: 20939.6s
Epoch [98/100], Step [180/320], Loss: 0.0010, Time: 20952.9s
Epoch [98/100], Step [200/320], Loss: 0.0006, Time: 20966.3s
Epoch [98/100], Step [220/320], Loss: 0.0008, Time: 20979.7s
Epoch [98/100], Step [240/320], Loss: 0.0008, Time: 20993.0s
Epoch [98/100], Step [260/320], Loss: 0.0010, Time: 21006.4s
Epoch [98/100], Step [280/320], Loss: 0.0007, Time: 21019.8s
Epoch [98/100], Step [300/320], Loss: 0.0005, Time: 21033.2s
Epoch [98/100], Step [320/320], Loss: 0.0009, Time: 21046.6s
Epoch [99/100], Step [20/320], Loss: 0.0009, Time: 21060.5s
Epoch [99/100], Step [40/320], Loss: 0.0008, Time: 21073.9s
Epoch [99/100], Step [60/320], Loss: 0.0014, Time: 21087.3s
Epoch [99/100], Step [80/320], Loss: 0.0006, Time: 21100.7s
Epoch [99/100], Step [100/320], Loss: 0.0005, Time: 21114.0s
Epoch [99/100], Step [120/320], Loss: 0.0008, Time: 21127.4s
Epoch [99/100], Step [140/320], Loss: 0.0006, Time: 21140.8s
Epoch [99/100], Step [160/320], Loss: 0.0007, Time: 21154.2s
Epoch [99/100], Step [180/320], Loss: 0.0008, Time: 21167.5s
Epoch [99/100], Step [200/320], Loss: 0.0008, Time: 21180.9s
Epoch [99/100], Step [220/320], Loss: 0.0009, Time: 21194.3s
Epoch [99/100], Step [240/320], Loss: 0.0009, Time: 21207.7s
Epoch [99/100], Step [260/320], Loss: 0.0004, Time: 21221.1s
Epoch [99/100], Step [280/320], Loss: 0.0009, Time: 21234.5s
Epoch [99/100], Step [300/320], Loss: 0.0007, Time: 21247.9s
Epoch [99/100], Step [320/320], Loss: 0.0007, Time: 21261.3s
Epoch [100/100], Step [20/320], Loss: 0.0009, Time: 21275.2s
Epoch [100/100], Step [40/320], Loss: 0.0006, Time: 21288.6s
Epoch [100/100], Step [60/320], Loss: 0.0008, Time: 21302.0s
Epoch [100/100], Step [80/320], Loss: 0.0006, Time: 21315.3s
Epoch [100/100], Step [100/320], Loss: 0.0008, Time: 21328.7s
Epoch [100/100], Step [120/320], Loss: 0.0008, Time: 21342.0s
Epoch [100/100], Step [140/320], Loss: 0.0006, Time: 21355.4s
Epoch [100/100], Step [160/320], Loss: 0.0011, Time: 21368.8s
Epoch [100/100], Step [180/320], Loss: 0.0008, Time: 21382.1s
Epoch [100/100], Step [200/320], Loss: 0.0007, Time: 21395.5s
Epoch [100/100], Step [220/320], Loss: 0.0005, Time: 21408.8s
Epoch [100/100], Step [240/320], Loss: 0.0009, Time: 21422.2s
Epoch [100/100], Step [260/320], Loss: 0.0008, Time: 21435.6s
Epoch [100/100], Step [280/320], Loss: 0.0007, Time: 21448.9s
Epoch [100/100], Step [300/320], Loss: 0.0007, Time: 21462.3s
Epoch [100/100], Step [320/320], Loss: 0.0005, Time: 21475.6s
Loss for this epoch: {train_losses[-1]:.4f}
done training
