Resetting modules to system default. Reseting $MODULEPATH back to system default. All extra directories will be removed from $MODULEPATH.
Create path : ./save4_batchsize32_lre4_epoch200/
Create path : ./save4_batchsize32_lre4_epoch200/fig
solver.train called here
Epoch [1/200], Step [20/160], Loss: 0.0041, Time: 57.7s
Epoch [1/200], Step [40/160], Loss: 0.0026, Time: 84.3s
Epoch [1/200], Step [60/160], Loss: 0.0028, Time: 110.8s
Epoch [1/200], Step [80/160], Loss: 0.0025, Time: 137.4s
Epoch [1/200], Step [100/160], Loss: 0.0028, Time: 163.9s
Epoch [1/200], Step [120/160], Loss: 0.0022, Time: 190.5s
Epoch [1/200], Step [140/160], Loss: 0.0022, Time: 217.1s
Epoch [1/200], Step [160/160], Loss: 0.0020, Time: 243.7s
Epoch [2/200], Step [20/160], Loss: 0.0021, Time: 271.0s
Epoch [2/200], Step [40/160], Loss: 0.0017, Time: 297.6s
Epoch [2/200], Step [60/160], Loss: 0.0016, Time: 324.2s
Epoch [2/200], Step [80/160], Loss: 0.0020, Time: 350.8s
Epoch [2/200], Step [100/160], Loss: 0.0015, Time: 377.4s
Epoch [2/200], Step [120/160], Loss: 0.0018, Time: 404.0s
Epoch [2/200], Step [140/160], Loss: 0.0017, Time: 430.6s
Epoch [2/200], Step [160/160], Loss: 0.0020, Time: 457.2s
Epoch [3/200], Step [20/160], Loss: 0.0017, Time: 484.5s
Epoch [3/200], Step [40/160], Loss: 0.0018, Time: 511.2s
Epoch [3/200], Step [60/160], Loss: 0.0018, Time: 537.8s
Epoch [3/200], Step [80/160], Loss: 0.0017, Time: 564.4s
Epoch [3/200], Step [100/160], Loss: 0.0021, Time: 591.0s
Epoch [3/200], Step [120/160], Loss: 0.0016, Time: 617.6s
Epoch [3/200], Step [140/160], Loss: 0.0018, Time: 644.3s
Epoch [3/200], Step [160/160], Loss: 0.0023, Time: 670.9s
Epoch [4/200], Step [20/160], Loss: 0.0015, Time: 698.2s
Epoch [4/200], Step [40/160], Loss: 0.0015, Time: 724.8s
Epoch [4/200], Step [60/160], Loss: 0.0014, Time: 751.4s
Epoch [4/200], Step [80/160], Loss: 0.0014, Time: 778.0s
Epoch [4/200], Step [100/160], Loss: 0.0013, Time: 804.6s
Epoch [4/200], Step [120/160], Loss: 0.0014, Time: 831.2s
Epoch [4/200], Step [140/160], Loss: 0.0011, Time: 857.8s
Epoch [4/200], Step [160/160], Loss: 0.0019, Time: 884.5s
Epoch [5/200], Step [20/160], Loss: 0.0015, Time: 911.9s
Epoch [5/200], Step [40/160], Loss: 0.0014, Time: 938.5s
Epoch [5/200], Step [60/160], Loss: 0.0013, Time: 965.2s
Epoch [5/200], Step [80/160], Loss: 0.0014, Time: 991.8s
Epoch [5/200], Step [100/160], Loss: 0.0015, Time: 1018.5s
Epoch [5/200], Step [120/160], Loss: 0.0025, Time: 1045.1s
Epoch [5/200], Step [140/160], Loss: 0.0017, Time: 1071.7s
Epoch [5/200], Step [160/160], Loss: 0.0018, Time: 1098.4s
Epoch [6/200], Step [20/160], Loss: 0.0013, Time: 1125.8s
Epoch [6/200], Step [40/160], Loss: 0.0013, Time: 1152.4s
Epoch [6/200], Step [60/160], Loss: 0.0015, Time: 1179.1s
Epoch [6/200], Step [80/160], Loss: 0.0016, Time: 1205.7s
Epoch [6/200], Step [100/160], Loss: 0.0018, Time: 1232.3s
Epoch [6/200], Step [120/160], Loss: 0.0012, Time: 1259.0s
Epoch [6/200], Step [140/160], Loss: 0.0009, Time: 1285.6s
Epoch [6/200], Step [160/160], Loss: 0.0012, Time: 1312.2s
Epoch [7/200], Step [20/160], Loss: 0.0011, Time: 1339.5s
Epoch [7/200], Step [40/160], Loss: 0.0010, Time: 1366.2s
Epoch [7/200], Step [60/160], Loss: 0.0014, Time: 1392.8s
Epoch [7/200], Step [80/160], Loss: 0.0011, Time: 1419.4s
Epoch [7/200], Step [100/160], Loss: 0.0012, Time: 1446.0s
Epoch [7/200], Step [120/160], Loss: 0.0013, Time: 1472.7s
Epoch [7/200], Step [140/160], Loss: 0.0011, Time: 1499.3s
Epoch [7/200], Step [160/160], Loss: 0.0011, Time: 1525.9s
Epoch [8/200], Step [20/160], Loss: 0.0011, Time: 1553.3s
Epoch [8/200], Step [40/160], Loss: 0.0010, Time: 1580.0s
Epoch [8/200], Step [60/160], Loss: 0.0013, Time: 1606.6s
Epoch [8/200], Step [80/160], Loss: 0.0012, Time: 1633.2s
Epoch [8/200], Step [100/160], Loss: 0.0013, Time: 1659.9s
Epoch [8/200], Step [120/160], Loss: 0.0011, Time: 1686.4s
Epoch [8/200], Step [140/160], Loss: 0.0012, Time: 1713.1s
Epoch [8/200], Step [160/160], Loss: 0.0010, Time: 1739.7s
Epoch [9/200], Step [20/160], Loss: 0.0014, Time: 1767.1s
Epoch [9/200], Step [40/160], Loss: 0.0010, Time: 1793.7s
Epoch [9/200], Step [60/160], Loss: 0.0010, Time: 1820.3s
Epoch [9/200], Step [80/160], Loss: 0.0010, Time: 1847.0s
Epoch [9/200], Step [100/160], Loss: 0.0010, Time: 1873.6s
Epoch [9/200], Step [120/160], Loss: 0.0012, Time: 1900.3s
Epoch [9/200], Step [140/160], Loss: 0.0008, Time: 1926.9s
Epoch [9/200], Step [160/160], Loss: 0.0015, Time: 1953.5s
Epoch [10/200], Step [20/160], Loss: 0.0011, Time: 1981.0s
Epoch [10/200], Step [40/160], Loss: 0.0008, Time: 2007.6s
Epoch [10/200], Step [60/160], Loss: 0.0010, Time: 2034.3s
Epoch [10/200], Step [80/160], Loss: 0.0011, Time: 2061.0s
Epoch [10/200], Step [100/160], Loss: 0.0014, Time: 2087.6s
Epoch [10/200], Step [120/160], Loss: 0.0010, Time: 2114.2s
Epoch [10/200], Step [140/160], Loss: 0.0010, Time: 2140.8s
Epoch [10/200], Step [160/160], Loss: 0.0012, Time: 2167.5s
Epoch [11/200], Step [20/160], Loss: 0.0009, Time: 2194.9s
Epoch [11/200], Step [40/160], Loss: 0.0009, Time: 2221.5s
Epoch [11/200], Step [60/160], Loss: 0.0011, Time: 2248.2s
Epoch [11/200], Step [80/160], Loss: 0.0013, Time: 2274.8s
Epoch [11/200], Step [100/160], Loss: 0.0010, Time: 2301.5s
Epoch [11/200], Step [120/160], Loss: 0.0012, Time: 2328.1s
Epoch [11/200], Step [140/160], Loss: 0.0010, Time: 2354.8s
Epoch [11/200], Step [160/160], Loss: 0.0013, Time: 2381.4s
Epoch [12/200], Step [20/160], Loss: 0.0011, Time: 2408.9s
Epoch [12/200], Step [40/160], Loss: 0.0008, Time: 2435.5s
Epoch [12/200], Step [60/160], Loss: 0.0010, Time: 2462.1s
Epoch [12/200], Step [80/160], Loss: 0.0007, Time: 2488.8s
Epoch [12/200], Step [100/160], Loss: 0.0009, Time: 2515.4s
Epoch [12/200], Step [120/160], Loss: 0.0006, Time: 2542.1s
Epoch [12/200], Step [140/160], Loss: 0.0012, Time: 2568.7s
Epoch [12/200], Step [160/160], Loss: 0.0010, Time: 2595.4s
Epoch [13/200], Step [20/160], Loss: 0.0009, Time: 2622.8s
Epoch [13/200], Step [40/160], Loss: 0.0012, Time: 2649.4s
Epoch [13/200], Step [60/160], Loss: 0.0011, Time: 2676.0s
Epoch [13/200], Step [80/160], Loss: 0.0008, Time: 2702.7s
Epoch [13/200], Step [100/160], Loss: 0.0010, Time: 2729.3s
Epoch [13/200], Step [120/160], Loss: 0.0010, Time: 2755.9s
Epoch [13/200], Step [140/160], Loss: 0.0010, Time: 2782.5s
Epoch [13/200], Step [160/160], Loss: 0.0008, Time: 2809.1s
Epoch [14/200], Step [20/160], Loss: 0.0007, Time: 2836.5s
Epoch [14/200], Step [40/160], Loss: 0.0010, Time: 2863.1s
Epoch [14/200], Step [60/160], Loss: 0.0011, Time: 2889.8s
Epoch [14/200], Step [80/160], Loss: 0.0009, Time: 2916.4s
Epoch [14/200], Step [100/160], Loss: 0.0011, Time: 2943.1s
Epoch [14/200], Step [120/160], Loss: 0.0014, Time: 2969.7s
Epoch [14/200], Step [140/160], Loss: 0.0008, Time: 2996.3s
Epoch [14/200], Step [160/160], Loss: 0.0011, Time: 3022.9s
Epoch [15/200], Step [20/160], Loss: 0.0009, Time: 3050.3s
Epoch [15/200], Step [40/160], Loss: 0.0012, Time: 3076.9s
Epoch [15/200], Step [60/160], Loss: 0.0007, Time: 3103.6s
Epoch [15/200], Step [80/160], Loss: 0.0010, Time: 3130.2s
Epoch [15/200], Step [100/160], Loss: 0.0009, Time: 3156.8s
Epoch [15/200], Step [120/160], Loss: 0.0008, Time: 3183.4s
Epoch [15/200], Step [140/160], Loss: 0.0009, Time: 3210.0s
Epoch [15/200], Step [160/160], Loss: 0.0011, Time: 3236.6s
Epoch [16/200], Step [20/160], Loss: 0.0009, Time: 3263.9s
Epoch [16/200], Step [40/160], Loss: 0.0010, Time: 3290.6s
Epoch [16/200], Step [60/160], Loss: 0.0010, Time: 3317.2s
Epoch [16/200], Step [80/160], Loss: 0.0008, Time: 3343.8s
Epoch [16/200], Step [100/160], Loss: 0.0011, Time: 3370.4s
Epoch [16/200], Step [120/160], Loss: 0.0010, Time: 3397.0s
Epoch [16/200], Step [140/160], Loss: 0.0009, Time: 3423.7s
Epoch [16/200], Step [160/160], Loss: 0.0013, Time: 3450.2s
Epoch [17/200], Step [20/160], Loss: 0.0007, Time: 3477.5s
Epoch [17/200], Step [40/160], Loss: 0.0012, Time: 3504.1s
Epoch [17/200], Step [60/160], Loss: 0.0006, Time: 3530.7s
Epoch [17/200], Step [80/160], Loss: 0.0009, Time: 3557.3s
Epoch [17/200], Step [100/160], Loss: 0.0007, Time: 3584.0s
Epoch [17/200], Step [120/160], Loss: 0.0006, Time: 3610.6s
Epoch [17/200], Step [140/160], Loss: 0.0008, Time: 3637.2s
Epoch [17/200], Step [160/160], Loss: 0.0009, Time: 3663.8s
Epoch [18/200], Step [20/160], Loss: 0.0010, Time: 3691.1s
Epoch [18/200], Step [40/160], Loss: 0.0009, Time: 3717.6s
Epoch [18/200], Step [60/160], Loss: 0.0009, Time: 3744.2s
Epoch [18/200], Step [80/160], Loss: 0.0014, Time: 3770.8s
Epoch [18/200], Step [100/160], Loss: 0.0009, Time: 3797.4s
Epoch [18/200], Step [120/160], Loss: 0.0012, Time: 3824.0s
Epoch [18/200], Step [140/160], Loss: 0.0008, Time: 3850.5s
Epoch [18/200], Step [160/160], Loss: 0.0010, Time: 3877.1s
Epoch [19/200], Step [20/160], Loss: 0.0006, Time: 3904.5s
Epoch [19/200], Step [40/160], Loss: 0.0006, Time: 3931.1s
Epoch [19/200], Step [60/160], Loss: 0.0009, Time: 3957.7s
Epoch [19/200], Step [80/160], Loss: 0.0011, Time: 3984.3s
Epoch [19/200], Step [100/160], Loss: 0.0010, Time: 4011.0s
Epoch [19/200], Step [120/160], Loss: 0.0009, Time: 4037.6s
Epoch [19/200], Step [140/160], Loss: 0.0005, Time: 4064.2s
Epoch [19/200], Step [160/160], Loss: 0.0006, Time: 4090.8s
Epoch [20/200], Step [20/160], Loss: 0.0008, Time: 4118.1s
Epoch [20/200], Step [40/160], Loss: 0.0009, Time: 4144.8s
Epoch [20/200], Step [60/160], Loss: 0.0007, Time: 4171.4s
Epoch [20/200], Step [80/160], Loss: 0.0007, Time: 4198.0s
Epoch [20/200], Step [100/160], Loss: 0.0006, Time: 4224.6s
Epoch [20/200], Step [120/160], Loss: 0.0009, Time: 4251.3s
Epoch [20/200], Step [140/160], Loss: 0.0006, Time: 4277.9s
Epoch [20/200], Step [160/160], Loss: 0.0008, Time: 4304.5s
Epoch [21/200], Step [20/160], Loss: 0.0008, Time: 4331.9s
Epoch [21/200], Step [40/160], Loss: 0.0009, Time: 4358.5s
Epoch [21/200], Step [60/160], Loss: 0.0011, Time: 4385.2s
Epoch [21/200], Step [80/160], Loss: 0.0008, Time: 4411.8s
Epoch [21/200], Step [100/160], Loss: 0.0008, Time: 4438.4s
Epoch [21/200], Step [120/160], Loss: 0.0008, Time: 4465.0s
Epoch [21/200], Step [140/160], Loss: 0.0007, Time: 4491.6s
Epoch [21/200], Step [160/160], Loss: 0.0008, Time: 4518.2s
Epoch [22/200], Step [20/160], Loss: 0.0010, Time: 4545.6s
Epoch [22/200], Step [40/160], Loss: 0.0008, Time: 4572.2s
Epoch [22/200], Step [60/160], Loss: 0.0008, Time: 4598.8s
Epoch [22/200], Step [80/160], Loss: 0.0005, Time: 4625.4s
Epoch [22/200], Step [100/160], Loss: 0.0007, Time: 4652.1s
Epoch [22/200], Step [120/160], Loss: 0.0010, Time: 4678.7s
Epoch [22/200], Step [140/160], Loss: 0.0011, Time: 4705.3s
Epoch [22/200], Step [160/160], Loss: 0.0009, Time: 4731.9s
Epoch [23/200], Step [20/160], Loss: 0.0006, Time: 4759.2s
Epoch [23/200], Step [40/160], Loss: 0.0006, Time: 4785.8s
Epoch [23/200], Step [60/160], Loss: 0.0011, Time: 4812.5s
Epoch [23/200], Step [80/160], Loss: 0.0009, Time: 4839.1s
Epoch [23/200], Step [100/160], Loss: 0.0007, Time: 4865.7s
Epoch [23/200], Step [120/160], Loss: 0.0009, Time: 4892.4s
Epoch [23/200], Step [140/160], Loss: 0.0010, Time: 4919.0s
Epoch [23/200], Step [160/160], Loss: 0.0008, Time: 4945.6s
Epoch [24/200], Step [20/160], Loss: 0.0007, Time: 4973.0s
Epoch [24/200], Step [40/160], Loss: 0.0007, Time: 4999.7s
Epoch [24/200], Step [60/160], Loss: 0.0010, Time: 5026.3s
Epoch [24/200], Step [80/160], Loss: 0.0008, Time: 5053.0s
Epoch [24/200], Step [100/160], Loss: 0.0007, Time: 5079.6s
Epoch [24/200], Step [120/160], Loss: 0.0008, Time: 5106.3s
Epoch [24/200], Step [140/160], Loss: 0.0009, Time: 5132.9s
Epoch [24/200], Step [160/160], Loss: 0.0007, Time: 5159.5s
Epoch [25/200], Step [20/160], Loss: 0.0009, Time: 5186.9s
Epoch [25/200], Step [40/160], Loss: 0.0008, Time: 5213.6s
Epoch [25/200], Step [60/160], Loss: 0.0006, Time: 5240.2s
Epoch [25/200], Step [80/160], Loss: 0.0008, Time: 5266.8s
Epoch [25/200], Step [100/160], Loss: 0.0010, Time: 5293.5s
Epoch [25/200], Step [120/160], Loss: 0.0007, Time: 5320.2s
Epoch [25/200], Step [140/160], Loss: 0.0008, Time: 5346.9s
Epoch [25/200], Step [160/160], Loss: 0.0007, Time: 5373.5s
Epoch [26/200], Step [20/160], Loss: 0.0008, Time: 5401.0s
Epoch [26/200], Step [40/160], Loss: 0.0007, Time: 5427.7s
Epoch [26/200], Step [60/160], Loss: 0.0007, Time: 5454.3s
Epoch [26/200], Step [80/160], Loss: 0.0008, Time: 5481.0s
Epoch [26/200], Step [100/160], Loss: 0.0010, Time: 5507.6s
Epoch [26/200], Step [120/160], Loss: 0.0008, Time: 5534.3s
Epoch [26/200], Step [140/160], Loss: 0.0007, Time: 5561.0s
Epoch [26/200], Step [160/160], Loss: 0.0006, Time: 5587.6s
Epoch [27/200], Step [20/160], Loss: 0.0006, Time: 5614.9s
Epoch [27/200], Step [40/160], Loss: 0.0006, Time: 5641.6s
Epoch [27/200], Step [60/160], Loss: 0.0008, Time: 5668.3s
Epoch [27/200], Step [80/160], Loss: 0.0007, Time: 5694.9s
Epoch [27/200], Step [100/160], Loss: 0.0011, Time: 5721.5s
Epoch [27/200], Step [120/160], Loss: 0.0004, Time: 5748.2s
Epoch [27/200], Step [140/160], Loss: 0.0007, Time: 5774.9s
Epoch [27/200], Step [160/160], Loss: 0.0009, Time: 5801.5s
Epoch [28/200], Step [20/160], Loss: 0.0010, Time: 5828.9s
Epoch [28/200], Step [40/160], Loss: 0.0007, Time: 5855.5s
Epoch [28/200], Step [60/160], Loss: 0.0010, Time: 5882.2s
Epoch [28/200], Step [80/160], Loss: 0.0008, Time: 5908.9s
Epoch [28/200], Step [100/160], Loss: 0.0008, Time: 5935.5s
Epoch [28/200], Step [120/160], Loss: 0.0006, Time: 5962.2s
Epoch [28/200], Step [140/160], Loss: 0.0008, Time: 5988.9s
Epoch [28/200], Step [160/160], Loss: 0.0007, Time: 6015.6s
Epoch [29/200], Step [20/160], Loss: 0.0009, Time: 6042.9s
Epoch [29/200], Step [40/160], Loss: 0.0009, Time: 6069.5s
Epoch [29/200], Step [60/160], Loss: 0.0010, Time: 6096.2s
Epoch [29/200], Step [80/160], Loss: 0.0008, Time: 6122.9s
Epoch [29/200], Step [100/160], Loss: 0.0006, Time: 6149.5s
Epoch [29/200], Step [120/160], Loss: 0.0007, Time: 6176.2s
Epoch [29/200], Step [140/160], Loss: 0.0008, Time: 6202.8s
Epoch [29/200], Step [160/160], Loss: 0.0006, Time: 6229.5s
Epoch [30/200], Step [20/160], Loss: 0.0007, Time: 6256.9s
Epoch [30/200], Step [40/160], Loss: 0.0006, Time: 6283.6s
Epoch [30/200], Step [60/160], Loss: 0.0011, Time: 6310.3s
Epoch [30/200], Step [80/160], Loss: 0.0008, Time: 6336.9s
Epoch [30/200], Step [100/160], Loss: 0.0010, Time: 6363.6s
Epoch [30/200], Step [120/160], Loss: 0.0009, Time: 6390.3s
Epoch [30/200], Step [140/160], Loss: 0.0007, Time: 6416.9s
Epoch [30/200], Step [160/160], Loss: 0.0009, Time: 6443.5s
Epoch [31/200], Step [20/160], Loss: 0.0008, Time: 6470.8s
Epoch [31/200], Step [40/160], Loss: 0.0010, Time: 6497.5s
Epoch [31/200], Step [60/160], Loss: 0.0008, Time: 6524.2s
Epoch [31/200], Step [80/160], Loss: 0.0009, Time: 6550.9s
Epoch [31/200], Step [100/160], Loss: 0.0010, Time: 6577.5s
Epoch [31/200], Step [120/160], Loss: 0.0007, Time: 6604.2s
Epoch [31/200], Step [140/160], Loss: 0.0007, Time: 6630.9s
Epoch [31/200], Step [160/160], Loss: 0.0007, Time: 6657.5s
Epoch [32/200], Step [20/160], Loss: 0.0009, Time: 6684.9s
Epoch [32/200], Step [40/160], Loss: 0.0009, Time: 6711.5s
Epoch [32/200], Step [60/160], Loss: 0.0006, Time: 6738.2s
Epoch [32/200], Step [80/160], Loss: 0.0007, Time: 6764.9s
Epoch [32/200], Step [100/160], Loss: 0.0011, Time: 6791.5s
Epoch [32/200], Step [120/160], Loss: 0.0007, Time: 6818.1s
Epoch [32/200], Step [140/160], Loss: 0.0007, Time: 6844.8s
Epoch [32/200], Step [160/160], Loss: 0.0006, Time: 6871.4s
Epoch [33/200], Step [20/160], Loss: 0.0007, Time: 6898.8s
Epoch [33/200], Step [40/160], Loss: 0.0007, Time: 6925.4s
Epoch [33/200], Step [60/160], Loss: 0.0007, Time: 6952.1s
Epoch [33/200], Step [80/160], Loss: 0.0007, Time: 6978.7s
Epoch [33/200], Step [100/160], Loss: 0.0008, Time: 7005.4s
Epoch [33/200], Step [120/160], Loss: 0.0009, Time: 7032.1s
Epoch [33/200], Step [140/160], Loss: 0.0009, Time: 7058.7s
Epoch [33/200], Step [160/160], Loss: 0.0008, Time: 7085.4s
Epoch [34/200], Step [20/160], Loss: 0.0008, Time: 7112.7s
Epoch [34/200], Step [40/160], Loss: 0.0006, Time: 7139.4s
Epoch [34/200], Step [60/160], Loss: 0.0006, Time: 7166.0s
Epoch [34/200], Step [80/160], Loss: 0.0005, Time: 7192.7s
Epoch [34/200], Step [100/160], Loss: 0.0009, Time: 7219.3s
Epoch [34/200], Step [120/160], Loss: 0.0006, Time: 7246.0s
Epoch [34/200], Step [140/160], Loss: 0.0009, Time: 7272.6s
Epoch [34/200], Step [160/160], Loss: 0.0009, Time: 7299.3s
Epoch [35/200], Step [20/160], Loss: 0.0014, Time: 7326.6s
Epoch [35/200], Step [40/160], Loss: 0.0006, Time: 7353.3s
Epoch [35/200], Step [60/160], Loss: 0.0010, Time: 7380.0s
Epoch [35/200], Step [80/160], Loss: 0.0008, Time: 7406.7s
Epoch [35/200], Step [100/160], Loss: 0.0006, Time: 7433.4s
Epoch [35/200], Step [120/160], Loss: 0.0008, Time: 7460.0s
Epoch [35/200], Step [140/160], Loss: 0.0009, Time: 7486.7s
Epoch [35/200], Step [160/160], Loss: 0.0010, Time: 7513.3s
Epoch [36/200], Step [20/160], Loss: 0.0008, Time: 7540.7s
Epoch [36/200], Step [40/160], Loss: 0.0006, Time: 7567.3s
Epoch [36/200], Step [60/160], Loss: 0.0009, Time: 7594.0s
Epoch [36/200], Step [80/160], Loss: 0.0009, Time: 7620.7s
Epoch [36/200], Step [100/160], Loss: 0.0008, Time: 7647.3s
Epoch [36/200], Step [120/160], Loss: 0.0009, Time: 7674.0s
Epoch [36/200], Step [140/160], Loss: 0.0005, Time: 7700.7s
Epoch [36/200], Step [160/160], Loss: 0.0007, Time: 7727.3s
Epoch [37/200], Step [20/160], Loss: 0.0008, Time: 7754.7s
Epoch [37/200], Step [40/160], Loss: 0.0008, Time: 7781.4s
Epoch [37/200], Step [60/160], Loss: 0.0010, Time: 7808.0s
Epoch [37/200], Step [80/160], Loss: 0.0007, Time: 7834.7s
Epoch [37/200], Step [100/160], Loss: 0.0007, Time: 7861.3s
Epoch [37/200], Step [120/160], Loss: 0.0009, Time: 7888.0s
Epoch [37/200], Step [140/160], Loss: 0.0007, Time: 7914.7s
Epoch [37/200], Step [160/160], Loss: 0.0006, Time: 7941.3s
Epoch [38/200], Step [20/160], Loss: 0.0006, Time: 7968.6s
Epoch [38/200], Step [40/160], Loss: 0.0006, Time: 7995.3s
Epoch [38/200], Step [60/160], Loss: 0.0010, Time: 8022.0s
Epoch [38/200], Step [80/160], Loss: 0.0005, Time: 8048.7s
Epoch [38/200], Step [100/160], Loss: 0.0009, Time: 8075.4s
Epoch [38/200], Step [120/160], Loss: 0.0007, Time: 8102.0s
Epoch [38/200], Step [140/160], Loss: 0.0009, Time: 8128.7s
Epoch [38/200], Step [160/160], Loss: 0.0007, Time: 8155.4s
Epoch [39/200], Step [20/160], Loss: 0.0010, Time: 8182.9s
Epoch [39/200], Step [40/160], Loss: 0.0009, Time: 8209.5s
Epoch [39/200], Step [60/160], Loss: 0.0006, Time: 8236.2s
Epoch [39/200], Step [80/160], Loss: 0.0005, Time: 8262.9s
Epoch [39/200], Step [100/160], Loss: 0.0006, Time: 8289.5s
Epoch [39/200], Step [120/160], Loss: 0.0010, Time: 8316.2s
Epoch [39/200], Step [140/160], Loss: 0.0007, Time: 8342.8s
Epoch [39/200], Step [160/160], Loss: 0.0005, Time: 8369.5s
Epoch [40/200], Step [20/160], Loss: 0.0006, Time: 8396.8s
Epoch [40/200], Step [40/160], Loss: 0.0008, Time: 8423.5s
Epoch [40/200], Step [60/160], Loss: 0.0007, Time: 8450.1s
Epoch [40/200], Step [80/160], Loss: 0.0010, Time: 8476.7s
Epoch [40/200], Step [100/160], Loss: 0.0007, Time: 8503.3s
Epoch [40/200], Step [120/160], Loss: 0.0008, Time: 8530.0s
Epoch [40/200], Step [140/160], Loss: 0.0008, Time: 8556.6s
Epoch [40/200], Step [160/160], Loss: 0.0007, Time: 8583.2s
Epoch [41/200], Step [20/160], Loss: 0.0009, Time: 8610.6s
Epoch [41/200], Step [40/160], Loss: 0.0007, Time: 8637.2s
Epoch [41/200], Step [60/160], Loss: 0.0005, Time: 8663.9s
Epoch [41/200], Step [80/160], Loss: 0.0008, Time: 8690.5s
Epoch [41/200], Step [100/160], Loss: 0.0007, Time: 8717.1s
Epoch [41/200], Step [120/160], Loss: 0.0008, Time: 8743.8s
Epoch [41/200], Step [140/160], Loss: 0.0008, Time: 8770.4s
Epoch [41/200], Step [160/160], Loss: 0.0010, Time: 8797.1s
Epoch [42/200], Step [20/160], Loss: 0.0006, Time: 8824.4s
Epoch [42/200], Step [40/160], Loss: 0.0009, Time: 8851.0s
Epoch [42/200], Step [60/160], Loss: 0.0012, Time: 8877.6s
Epoch [42/200], Step [80/160], Loss: 0.0009, Time: 8904.3s
Epoch [42/200], Step [100/160], Loss: 0.0006, Time: 8930.9s
Epoch [42/200], Step [120/160], Loss: 0.0007, Time: 8957.5s
Epoch [42/200], Step [140/160], Loss: 0.0008, Time: 8984.1s
Epoch [42/200], Step [160/160], Loss: 0.0005, Time: 9010.7s
Epoch [43/200], Step [20/160], Loss: 0.0008, Time: 9038.1s
Epoch [43/200], Step [40/160], Loss: 0.0011, Time: 9064.7s
Epoch [43/200], Step [60/160], Loss: 0.0007, Time: 9091.4s
Epoch [43/200], Step [80/160], Loss: 0.0008, Time: 9118.0s
Epoch [43/200], Step [100/160], Loss: 0.0007, Time: 9144.7s
Epoch [43/200], Step [120/160], Loss: 0.0006, Time: 9171.3s
Epoch [43/200], Step [140/160], Loss: 0.0007, Time: 9197.9s
Epoch [43/200], Step [160/160], Loss: 0.0008, Time: 9224.6s
Epoch [44/200], Step [20/160], Loss: 0.0010, Time: 9251.9s
Epoch [44/200], Step [40/160], Loss: 0.0005, Time: 9278.5s
Epoch [44/200], Step [60/160], Loss: 0.0006, Time: 9305.2s
Epoch [44/200], Step [80/160], Loss: 0.0005, Time: 9331.8s
Epoch [44/200], Step [100/160], Loss: 0.0006, Time: 9358.5s
Epoch [44/200], Step [120/160], Loss: 0.0005, Time: 9385.2s
Epoch [44/200], Step [140/160], Loss: 0.0010, Time: 9411.8s
Epoch [44/200], Step [160/160], Loss: 0.0006, Time: 9438.5s
Epoch [45/200], Step [20/160], Loss: 0.0009, Time: 9465.8s
Epoch [45/200], Step [40/160], Loss: 0.0006, Time: 9492.5s
Epoch [45/200], Step [60/160], Loss: 0.0009, Time: 9519.1s
Epoch [45/200], Step [80/160], Loss: 0.0006, Time: 9545.7s
Epoch [45/200], Step [100/160], Loss: 0.0010, Time: 9572.3s
Epoch [45/200], Step [120/160], Loss: 0.0007, Time: 9599.0s
Epoch [45/200], Step [140/160], Loss: 0.0006, Time: 9625.6s
Epoch [45/200], Step [160/160], Loss: 0.0007, Time: 9652.2s
Epoch [46/200], Step [20/160], Loss: 0.0006, Time: 9679.6s
Epoch [46/200], Step [40/160], Loss: 0.0007, Time: 9706.2s
Epoch [46/200], Step [60/160], Loss: 0.0005, Time: 9732.9s
Epoch [46/200], Step [80/160], Loss: 0.0007, Time: 9759.5s
Epoch [46/200], Step [100/160], Loss: 0.0007, Time: 9786.2s
Epoch [46/200], Step [120/160], Loss: 0.0008, Time: 9812.8s
Epoch [46/200], Step [140/160], Loss: 0.0009, Time: 9839.5s
Epoch [46/200], Step [160/160], Loss: 0.0006, Time: 9866.2s
Epoch [47/200], Step [20/160], Loss: 0.0008, Time: 9893.5s
Epoch [47/200], Step [40/160], Loss: 0.0008, Time: 9920.1s
Epoch [47/200], Step [60/160], Loss: 0.0007, Time: 9946.8s
Epoch [47/200], Step [80/160], Loss: 0.0005, Time: 9973.4s
Epoch [47/200], Step [100/160], Loss: 0.0006, Time: 10000.0s
Epoch [47/200], Step [120/160], Loss: 0.0007, Time: 10026.7s
Epoch [47/200], Step [140/160], Loss: 0.0007, Time: 10053.3s
Epoch [47/200], Step [160/160], Loss: 0.0007, Time: 10079.9s
Epoch [48/200], Step [20/160], Loss: 0.0006, Time: 10107.2s
Epoch [48/200], Step [40/160], Loss: 0.0007, Time: 10133.8s
Epoch [48/200], Step [60/160], Loss: 0.0006, Time: 10160.4s
Epoch [48/200], Step [80/160], Loss: 0.0005, Time: 10187.1s
Epoch [48/200], Step [100/160], Loss: 0.0007, Time: 10213.7s
Epoch [48/200], Step [120/160], Loss: 0.0007, Time: 10240.3s
Epoch [48/200], Step [140/160], Loss: 0.0007, Time: 10266.9s
Epoch [48/200], Step [160/160], Loss: 0.0008, Time: 10293.5s
Epoch [49/200], Step [20/160], Loss: 0.0008, Time: 10320.8s
Epoch [49/200], Step [40/160], Loss: 0.0007, Time: 10347.5s
Epoch [49/200], Step [60/160], Loss: 0.0007, Time: 10374.1s
Epoch [49/200], Step [80/160], Loss: 0.0006, Time: 10400.7s
Epoch [49/200], Step [100/160], Loss: 0.0007, Time: 10427.4s
Epoch [49/200], Step [120/160], Loss: 0.0007, Time: 10453.9s
Epoch [49/200], Step [140/160], Loss: 0.0007, Time: 10480.5s
Epoch [49/200], Step [160/160], Loss: 0.0005, Time: 10507.1s
Epoch [50/200], Step [20/160], Loss: 0.0008, Time: 10534.5s
Epoch [50/200], Step [40/160], Loss: 0.0005, Time: 10561.1s
Epoch [50/200], Step [60/160], Loss: 0.0005, Time: 10587.7s
Epoch [50/200], Step [80/160], Loss: 0.0007, Time: 10614.4s
Epoch [50/200], Step [100/160], Loss: 0.0004, Time: 10641.0s
Epoch [50/200], Step [120/160], Loss: 0.0008, Time: 10667.6s
Epoch [50/200], Step [140/160], Loss: 0.0008, Time: 10694.3s
Epoch [50/200], Step [160/160], Loss: 0.0006, Time: 10720.9s
Epoch [51/200], Step [20/160], Loss: 0.0006, Time: 10748.3s
Epoch [51/200], Step [40/160], Loss: 0.0008, Time: 10774.9s
Epoch [51/200], Step [60/160], Loss: 0.0007, Time: 10801.5s
Epoch [51/200], Step [80/160], Loss: 0.0005, Time: 10828.1s
Epoch [51/200], Step [100/160], Loss: 0.0007, Time: 10854.7s
Epoch [51/200], Step [120/160], Loss: 0.0009, Time: 10881.3s
Epoch [51/200], Step [140/160], Loss: 0.0007, Time: 10907.9s
Epoch [51/200], Step [160/160], Loss: 0.0005, Time: 10934.5s
Epoch [52/200], Step [20/160], Loss: 0.0006, Time: 10961.8s
Epoch [52/200], Step [40/160], Loss: 0.0007, Time: 10988.4s
Epoch [52/200], Step [60/160], Loss: 0.0006, Time: 11015.0s
Epoch [52/200], Step [80/160], Loss: 0.0007, Time: 11041.7s
Epoch [52/200], Step [100/160], Loss: 0.0007, Time: 11068.3s
Epoch [52/200], Step [120/160], Loss: 0.0005, Time: 11095.0s
Epoch [52/200], Step [140/160], Loss: 0.0008, Time: 11121.6s
Epoch [52/200], Step [160/160], Loss: 0.0007, Time: 11148.2s
Epoch [53/200], Step [20/160], Loss: 0.0005, Time: 11175.6s
Epoch [53/200], Step [40/160], Loss: 0.0007, Time: 11202.1s
Epoch [53/200], Step [60/160], Loss: 0.0013, Time: 11228.7s
Epoch [53/200], Step [80/160], Loss: 0.0005, Time: 11255.4s
Epoch [53/200], Step [100/160], Loss: 0.0010, Time: 11282.0s
Epoch [53/200], Step [120/160], Loss: 0.0006, Time: 11308.6s
Epoch [53/200], Step [140/160], Loss: 0.0007, Time: 11335.2s
Epoch [53/200], Step [160/160], Loss: 0.0006, Time: 11361.9s
Epoch [54/200], Step [20/160], Loss: 0.0006, Time: 11389.2s
Epoch [54/200], Step [40/160], Loss: 0.0008, Time: 11415.9s
Epoch [54/200], Step [60/160], Loss: 0.0007, Time: 11442.5s
Epoch [54/200], Step [80/160], Loss: 0.0008, Time: 11469.1s
Epoch [54/200], Step [100/160], Loss: 0.0008, Time: 11495.7s
Epoch [54/200], Step [120/160], Loss: 0.0007, Time: 11522.3s
Epoch [54/200], Step [140/160], Loss: 0.0007, Time: 11548.9s
Epoch [54/200], Step [160/160], Loss: 0.0006, Time: 11575.5s
Epoch [55/200], Step [20/160], Loss: 0.0006, Time: 11602.8s
Epoch [55/200], Step [40/160], Loss: 0.0006, Time: 11629.4s
Epoch [55/200], Step [60/160], Loss: 0.0007, Time: 11656.0s
Epoch [55/200], Step [80/160], Loss: 0.0007, Time: 11682.6s
Epoch [55/200], Step [100/160], Loss: 0.0005, Time: 11709.3s
Epoch [55/200], Step [120/160], Loss: 0.0006, Time: 11735.9s
Epoch [55/200], Step [140/160], Loss: 0.0010, Time: 11762.5s
Epoch [55/200], Step [160/160], Loss: 0.0007, Time: 11789.1s
Epoch [56/200], Step [20/160], Loss: 0.0006, Time: 11816.5s
Epoch [56/200], Step [40/160], Loss: 0.0007, Time: 11843.1s
Epoch [56/200], Step [60/160], Loss: 0.0007, Time: 11869.7s
Epoch [56/200], Step [80/160], Loss: 0.0005, Time: 11896.4s
Epoch [56/200], Step [100/160], Loss: 0.0007, Time: 11923.0s
Epoch [56/200], Step [120/160], Loss: 0.0008, Time: 11949.6s
Epoch [56/200], Step [140/160], Loss: 0.0008, Time: 11976.2s
Epoch [56/200], Step [160/160], Loss: 0.0006, Time: 12002.8s
Epoch [57/200], Step [20/160], Loss: 0.0007, Time: 12030.1s
Epoch [57/200], Step [40/160], Loss: 0.0008, Time: 12056.7s
Epoch [57/200], Step [60/160], Loss: 0.0007, Time: 12083.5s
Epoch [57/200], Step [80/160], Loss: 0.0005, Time: 12110.1s
Epoch [57/200], Step [100/160], Loss: 0.0007, Time: 12136.8s
Epoch [57/200], Step [120/160], Loss: 0.0007, Time: 12163.4s
Epoch [57/200], Step [140/160], Loss: 0.0011, Time: 12190.0s
Epoch [57/200], Step [160/160], Loss: 0.0005, Time: 12216.7s
Epoch [58/200], Step [20/160], Loss: 0.0007, Time: 12244.0s
Epoch [58/200], Step [40/160], Loss: 0.0006, Time: 12270.6s
Epoch [58/200], Step [60/160], Loss: 0.0009, Time: 12297.2s
Epoch [58/200], Step [80/160], Loss: 0.0005, Time: 12323.8s
Epoch [58/200], Step [100/160], Loss: 0.0006, Time: 12350.5s
Epoch [58/200], Step [120/160], Loss: 0.0005, Time: 12377.1s
Epoch [58/200], Step [140/160], Loss: 0.0008, Time: 12403.7s
Epoch [58/200], Step [160/160], Loss: 0.0005, Time: 12430.3s
Epoch [59/200], Step [20/160], Loss: 0.0005, Time: 12457.6s
Epoch [59/200], Step [40/160], Loss: 0.0008, Time: 12484.2s
Epoch [59/200], Step [60/160], Loss: 0.0007, Time: 12510.9s
Epoch [59/200], Step [80/160], Loss: 0.0007, Time: 12537.5s
Epoch [59/200], Step [100/160], Loss: 0.0007, Time: 12564.1s
Epoch [59/200], Step [120/160], Loss: 0.0005, Time: 12590.7s
Epoch [59/200], Step [140/160], Loss: 0.0005, Time: 12617.4s
Epoch [59/200], Step [160/160], Loss: 0.0006, Time: 12644.0s
Epoch [60/200], Step [20/160], Loss: 0.0007, Time: 12671.2s
Epoch [60/200], Step [40/160], Loss: 0.0006, Time: 12697.8s
Epoch [60/200], Step [60/160], Loss: 0.0006, Time: 12724.5s
Epoch [60/200], Step [80/160], Loss: 0.0006, Time: 12751.1s
Epoch [60/200], Step [100/160], Loss: 0.0006, Time: 12777.7s
Epoch [60/200], Step [120/160], Loss: 0.0006, Time: 12804.3s
Epoch [60/200], Step [140/160], Loss: 0.0007, Time: 12830.9s
Epoch [60/200], Step [160/160], Loss: 0.0005, Time: 12857.5s
Epoch [61/200], Step [20/160], Loss: 0.0007, Time: 12884.8s
Epoch [61/200], Step [40/160], Loss: 0.0005, Time: 12911.5s
Epoch [61/200], Step [60/160], Loss: 0.0005, Time: 12938.1s
Epoch [61/200], Step [80/160], Loss: 0.0004, Time: 12964.8s
Epoch [61/200], Step [100/160], Loss: 0.0007, Time: 12991.4s
Epoch [61/200], Step [120/160], Loss: 0.0006, Time: 13018.0s
Epoch [61/200], Step [140/160], Loss: 0.0007, Time: 13044.6s
Epoch [61/200], Step [160/160], Loss: 0.0005, Time: 13071.2s
Epoch [62/200], Step [20/160], Loss: 0.0007, Time: 13098.5s
Epoch [62/200], Step [40/160], Loss: 0.0008, Time: 13125.2s
Epoch [62/200], Step [60/160], Loss: 0.0008, Time: 13151.8s
Epoch [62/200], Step [80/160], Loss: 0.0006, Time: 13178.4s
Epoch [62/200], Step [100/160], Loss: 0.0006, Time: 13205.1s
Epoch [62/200], Step [120/160], Loss: 0.0007, Time: 13231.7s
Epoch [62/200], Step [140/160], Loss: 0.0008, Time: 13258.3s
Epoch [62/200], Step [160/160], Loss: 0.0008, Time: 13284.9s
Epoch [63/200], Step [20/160], Loss: 0.0005, Time: 13312.2s
Epoch [63/200], Step [40/160], Loss: 0.0007, Time: 13338.9s
Epoch [63/200], Step [60/160], Loss: 0.0008, Time: 13365.5s
Epoch [63/200], Step [80/160], Loss: 0.0005, Time: 13392.1s
Epoch [63/200], Step [100/160], Loss: 0.0008, Time: 13418.7s
Epoch [63/200], Step [120/160], Loss: 0.0005, Time: 13445.4s
Epoch [63/200], Step [140/160], Loss: 0.0005, Time: 13472.0s
Epoch [63/200], Step [160/160], Loss: 0.0005, Time: 13498.6s
Epoch [64/200], Step [20/160], Loss: 0.0007, Time: 13526.1s
Epoch [64/200], Step [40/160], Loss: 0.0006, Time: 13552.7s
Epoch [64/200], Step [60/160], Loss: 0.0005, Time: 13579.3s
Epoch [64/200], Step [80/160], Loss: 0.0005, Time: 13605.9s
Epoch [64/200], Step [100/160], Loss: 0.0007, Time: 13632.5s
Epoch [64/200], Step [120/160], Loss: 0.0006, Time: 13659.1s
Epoch [64/200], Step [140/160], Loss: 0.0006, Time: 13685.8s
Epoch [64/200], Step [160/160], Loss: 0.0005, Time: 13712.4s
Epoch [65/200], Step [20/160], Loss: 0.0005, Time: 13739.7s
Epoch [65/200], Step [40/160], Loss: 0.0006, Time: 13766.4s
Epoch [65/200], Step [60/160], Loss: 0.0009, Time: 13793.0s
Epoch [65/200], Step [80/160], Loss: 0.0006, Time: 13819.7s
Epoch [65/200], Step [100/160], Loss: 0.0006, Time: 13846.3s
Epoch [65/200], Step [120/160], Loss: 0.0004, Time: 13872.9s
Epoch [65/200], Step [140/160], Loss: 0.0007, Time: 13899.6s
Epoch [65/200], Step [160/160], Loss: 0.0007, Time: 13926.2s
Epoch [66/200], Step [20/160], Loss: 0.0006, Time: 13953.4s
Epoch [66/200], Step [40/160], Loss: 0.0006, Time: 13980.0s
Epoch [66/200], Step [60/160], Loss: 0.0006, Time: 14006.6s
Epoch [66/200], Step [80/160], Loss: 0.0007, Time: 14033.3s
Epoch [66/200], Step [100/160], Loss: 0.0006, Time: 14059.9s
Epoch [66/200], Step [120/160], Loss: 0.0008, Time: 14086.5s
Epoch [66/200], Step [140/160], Loss: 0.0005, Time: 14113.1s
Epoch [66/200], Step [160/160], Loss: 0.0007, Time: 14139.7s
Epoch [67/200], Step [20/160], Loss: 0.0006, Time: 14167.0s
Epoch [67/200], Step [40/160], Loss: 0.0007, Time: 14193.6s
Epoch [67/200], Step [60/160], Loss: 0.0004, Time: 14220.2s
Epoch [67/200], Step [80/160], Loss: 0.0005, Time: 14246.9s
Epoch [67/200], Step [100/160], Loss: 0.0006, Time: 14273.5s
Epoch [67/200], Step [120/160], Loss: 0.0008, Time: 14300.1s
Epoch [67/200], Step [140/160], Loss: 0.0007, Time: 14326.7s
Epoch [67/200], Step [160/160], Loss: 0.0008, Time: 14353.3s
Epoch [68/200], Step [20/160], Loss: 0.0005, Time: 14380.6s
Epoch [68/200], Step [40/160], Loss: 0.0005, Time: 14407.2s
Epoch [68/200], Step [60/160], Loss: 0.0008, Time: 14433.8s
Epoch [68/200], Step [80/160], Loss: 0.0009, Time: 14460.4s
Epoch [68/200], Step [100/160], Loss: 0.0005, Time: 14487.0s
Epoch [68/200], Step [120/160], Loss: 0.0006, Time: 14513.6s
Epoch [68/200], Step [140/160], Loss: 0.0007, Time: 14540.2s
Epoch [68/200], Step [160/160], Loss: 0.0006, Time: 14566.8s
Epoch [69/200], Step [20/160], Loss: 0.0007, Time: 14594.2s
Epoch [69/200], Step [40/160], Loss: 0.0007, Time: 14620.8s
Epoch [69/200], Step [60/160], Loss: 0.0006, Time: 14647.4s
Epoch [69/200], Step [80/160], Loss: 0.0007, Time: 14674.0s
Epoch [69/200], Step [100/160], Loss: 0.0006, Time: 14700.7s
Epoch [69/200], Step [120/160], Loss: 0.0007, Time: 14727.3s
Epoch [69/200], Step [140/160], Loss: 0.0008, Time: 14753.9s
Epoch [69/200], Step [160/160], Loss: 0.0007, Time: 14780.5s
Epoch [70/200], Step [20/160], Loss: 0.0005, Time: 14807.8s
Epoch [70/200], Step [40/160], Loss: 0.0007, Time: 14834.4s
Epoch [70/200], Step [60/160], Loss: 0.0008, Time: 14861.0s
Epoch [70/200], Step [80/160], Loss: 0.0006, Time: 14887.6s
Epoch [70/200], Step [100/160], Loss: 0.0007, Time: 14914.2s
Epoch [70/200], Step [120/160], Loss: 0.0007, Time: 14940.8s
Epoch [70/200], Step [140/160], Loss: 0.0005, Time: 14967.4s
Epoch [70/200], Step [160/160], Loss: 0.0006, Time: 14994.0s
Epoch [71/200], Step [20/160], Loss: 0.0007, Time: 15021.3s
Epoch [71/200], Step [40/160], Loss: 0.0006, Time: 15048.0s
Epoch [71/200], Step [60/160], Loss: 0.0005, Time: 15074.6s
Epoch [71/200], Step [80/160], Loss: 0.0006, Time: 15101.2s
Epoch [71/200], Step [100/160], Loss: 0.0006, Time: 15127.9s
Epoch [71/200], Step [120/160], Loss: 0.0004, Time: 15154.5s
Epoch [71/200], Step [140/160], Loss: 0.0005, Time: 15181.1s
Epoch [71/200], Step [160/160], Loss: 0.0007, Time: 15207.7s
Epoch [72/200], Step [20/160], Loss: 0.0006, Time: 15235.1s
Epoch [72/200], Step [40/160], Loss: 0.0004, Time: 15261.7s
Epoch [72/200], Step [60/160], Loss: 0.0006, Time: 15288.4s
Epoch [72/200], Step [80/160], Loss: 0.0005, Time: 15315.0s
Epoch [72/200], Step [100/160], Loss: 0.0007, Time: 15341.6s
Epoch [72/200], Step [120/160], Loss: 0.0006, Time: 15368.2s
Epoch [72/200], Step [140/160], Loss: 0.0008, Time: 15394.9s
Epoch [72/200], Step [160/160], Loss: 0.0006, Time: 15421.5s
Epoch [73/200], Step [20/160], Loss: 0.0007, Time: 15448.8s
Epoch [73/200], Step [40/160], Loss: 0.0006, Time: 15475.4s
Epoch [73/200], Step [60/160], Loss: 0.0005, Time: 15502.0s
Epoch [73/200], Step [80/160], Loss: 0.0006, Time: 15528.6s
Epoch [73/200], Step [100/160], Loss: 0.0005, Time: 15555.2s
Epoch [73/200], Step [120/160], Loss: 0.0006, Time: 15581.8s
Epoch [73/200], Step [140/160], Loss: 0.0007, Time: 15608.4s
Epoch [73/200], Step [160/160], Loss: 0.0006, Time: 15635.0s
Epoch [74/200], Step [20/160], Loss: 0.0007, Time: 15662.3s
Epoch [74/200], Step [40/160], Loss: 0.0005, Time: 15689.0s
Epoch [74/200], Step [60/160], Loss: 0.0007, Time: 15715.6s
Epoch [74/200], Step [80/160], Loss: 0.0005, Time: 15742.2s
Epoch [74/200], Step [100/160], Loss: 0.0004, Time: 15768.8s
Epoch [74/200], Step [120/160], Loss: 0.0006, Time: 15795.5s
Epoch [74/200], Step [140/160], Loss: 0.0005, Time: 15822.1s
Epoch [74/200], Step [160/160], Loss: 0.0007, Time: 15848.7s
Epoch [75/200], Step [20/160], Loss: 0.0006, Time: 15876.0s
Epoch [75/200], Step [40/160], Loss: 0.0008, Time: 15902.6s
Epoch [75/200], Step [60/160], Loss: 0.0006, Time: 15929.3s
Epoch [75/200], Step [80/160], Loss: 0.0005, Time: 15955.9s
Epoch [75/200], Step [100/160], Loss: 0.0004, Time: 15982.5s
Epoch [75/200], Step [120/160], Loss: 0.0004, Time: 16009.1s
Epoch [75/200], Step [140/160], Loss: 0.0004, Time: 16035.7s
Epoch [75/200], Step [160/160], Loss: 0.0004, Time: 16062.3s
Epoch [76/200], Step [20/160], Loss: 0.0006, Time: 16089.7s
Epoch [76/200], Step [40/160], Loss: 0.0006, Time: 16116.3s
Epoch [76/200], Step [60/160], Loss: 0.0006, Time: 16143.0s
Epoch [76/200], Step [80/160], Loss: 0.0007, Time: 16169.6s
Epoch [76/200], Step [100/160], Loss: 0.0005, Time: 16196.2s
Epoch [76/200], Step [120/160], Loss: 0.0006, Time: 16222.9s
Epoch [76/200], Step [140/160], Loss: 0.0005, Time: 16249.5s
Epoch [76/200], Step [160/160], Loss: 0.0007, Time: 16276.1s
Epoch [77/200], Step [20/160], Loss: 0.0005, Time: 16303.4s
Epoch [77/200], Step [40/160], Loss: 0.0006, Time: 16330.0s
Epoch [77/200], Step [60/160], Loss: 0.0007, Time: 16356.6s
Epoch [77/200], Step [80/160], Loss: 0.0006, Time: 16383.2s
Epoch [77/200], Step [100/160], Loss: 0.0007, Time: 16409.8s
Epoch [77/200], Step [120/160], Loss: 0.0004, Time: 16436.4s
Epoch [77/200], Step [140/160], Loss: 0.0005, Time: 16463.0s
Epoch [77/200], Step [160/160], Loss: 0.0007, Time: 16489.7s
Epoch [78/200], Step [20/160], Loss: 0.0006, Time: 16516.9s
Epoch [78/200], Step [40/160], Loss: 0.0007, Time: 16543.6s
Epoch [78/200], Step [60/160], Loss: 0.0006, Time: 16570.2s
Epoch [78/200], Step [80/160], Loss: 0.0005, Time: 16596.8s
Epoch [78/200], Step [100/160], Loss: 0.0004, Time: 16623.4s
Epoch [78/200], Step [120/160], Loss: 0.0006, Time: 16650.0s
Epoch [78/200], Step [140/160], Loss: 0.0005, Time: 16676.6s
Epoch [78/200], Step [160/160], Loss: 0.0005, Time: 16703.2s
Epoch [79/200], Step [20/160], Loss: 0.0005, Time: 16730.6s
Epoch [79/200], Step [40/160], Loss: 0.0005, Time: 16757.2s
Epoch [79/200], Step [60/160], Loss: 0.0006, Time: 16783.8s
Epoch [79/200], Step [80/160], Loss: 0.0007, Time: 16810.4s
Epoch [79/200], Step [100/160], Loss: 0.0003, Time: 16837.1s
Epoch [79/200], Step [120/160], Loss: 0.0005, Time: 16863.7s
Epoch [79/200], Step [140/160], Loss: 0.0006, Time: 16890.3s
Epoch [79/200], Step [160/160], Loss: 0.0004, Time: 16916.9s
Epoch [80/200], Step [20/160], Loss: 0.0008, Time: 16944.2s
Epoch [80/200], Step [40/160], Loss: 0.0005, Time: 16970.8s
Epoch [80/200], Step [60/160], Loss: 0.0007, Time: 16997.4s
Epoch [80/200], Step [80/160], Loss: 0.0005, Time: 17024.0s
Epoch [80/200], Step [100/160], Loss: 0.0006, Time: 17050.7s
Epoch [80/200], Step [120/160], Loss: 0.0005, Time: 17077.3s
Epoch [80/200], Step [140/160], Loss: 0.0006, Time: 17103.9s
Epoch [80/200], Step [160/160], Loss: 0.0007, Time: 17130.5s
Epoch [81/200], Step [20/160], Loss: 0.0007, Time: 17157.9s
Epoch [81/200], Step [40/160], Loss: 0.0005, Time: 17184.5s
Epoch [81/200], Step [60/160], Loss: 0.0005, Time: 17211.2s
Epoch [81/200], Step [80/160], Loss: 0.0006, Time: 17237.8s
Epoch [81/200], Step [100/160], Loss: 0.0004, Time: 17264.4s
Epoch [81/200], Step [120/160], Loss: 0.0005, Time: 17291.0s
Epoch [81/200], Step [140/160], Loss: 0.0005, Time: 17317.6s
Epoch [81/200], Step [160/160], Loss: 0.0006, Time: 17344.2s
Epoch [82/200], Step [20/160], Loss: 0.0006, Time: 17371.6s
Epoch [82/200], Step [40/160], Loss: 0.0006, Time: 17398.2s
Epoch [82/200], Step [60/160], Loss: 0.0005, Time: 17424.8s
Epoch [82/200], Step [80/160], Loss: 0.0005, Time: 17451.4s
Epoch [82/200], Step [100/160], Loss: 0.0006, Time: 17478.0s
Epoch [82/200], Step [120/160], Loss: 0.0004, Time: 17504.6s
Epoch [82/200], Step [140/160], Loss: 0.0007, Time: 17531.2s
Epoch [82/200], Step [160/160], Loss: 0.0005, Time: 17557.8s
Epoch [83/200], Step [20/160], Loss: 0.0005, Time: 17585.2s
Epoch [83/200], Step [40/160], Loss: 0.0005, Time: 17611.8s
Epoch [83/200], Step [60/160], Loss: 0.0005, Time: 17638.4s
Epoch [83/200], Step [80/160], Loss: 0.0008, Time: 17665.0s
Epoch [83/200], Step [100/160], Loss: 0.0005, Time: 17691.7s
Epoch [83/200], Step [120/160], Loss: 0.0005, Time: 17718.3s
Epoch [83/200], Step [140/160], Loss: 0.0006, Time: 17744.8s
Epoch [83/200], Step [160/160], Loss: 0.0007, Time: 17771.5s
Epoch [84/200], Step [20/160], Loss: 0.0008, Time: 17798.7s
Epoch [84/200], Step [40/160], Loss: 0.0007, Time: 17825.3s
Epoch [84/200], Step [60/160], Loss: 0.0005, Time: 17851.9s
Epoch [84/200], Step [80/160], Loss: 0.0005, Time: 17878.5s
Epoch [84/200], Step [100/160], Loss: 0.0003, Time: 17905.2s
Epoch [84/200], Step [120/160], Loss: 0.0006, Time: 17931.8s
Epoch [84/200], Step [140/160], Loss: 0.0007, Time: 17958.4s
Epoch [84/200], Step [160/160], Loss: 0.0004, Time: 17985.0s
Epoch [85/200], Step [20/160], Loss: 0.0008, Time: 18012.3s
Epoch [85/200], Step [40/160], Loss: 0.0006, Time: 18038.9s
Epoch [85/200], Step [60/160], Loss: 0.0006, Time: 18065.5s
Epoch [85/200], Step [80/160], Loss: 0.0007, Time: 18092.1s
Epoch [85/200], Step [100/160], Loss: 0.0005, Time: 18118.7s
Epoch [85/200], Step [120/160], Loss: 0.0006, Time: 18145.3s
Epoch [85/200], Step [140/160], Loss: 0.0005, Time: 18171.9s
Epoch [85/200], Step [160/160], Loss: 0.0004, Time: 18198.5s
Epoch [86/200], Step [20/160], Loss: 0.0005, Time: 18225.8s
Epoch [86/200], Step [40/160], Loss: 0.0007, Time: 18252.4s
Epoch [86/200], Step [60/160], Loss: 0.0005, Time: 18278.9s
Epoch [86/200], Step [80/160], Loss: 0.0004, Time: 18305.5s
Epoch [86/200], Step [100/160], Loss: 0.0006, Time: 18332.1s
Epoch [86/200], Step [120/160], Loss: 0.0005, Time: 18358.7s
Epoch [86/200], Step [140/160], Loss: 0.0004, Time: 18385.3s
Epoch [86/200], Step [160/160], Loss: 0.0005, Time: 18411.9s
Epoch [87/200], Step [20/160], Loss: 0.0005, Time: 18439.2s
Epoch [87/200], Step [40/160], Loss: 0.0006, Time: 18465.8s
Epoch [87/200], Step [60/160], Loss: 0.0010, Time: 18492.3s
Epoch [87/200], Step [80/160], Loss: 0.0006, Time: 18519.0s
Epoch [87/200], Step [100/160], Loss: 0.0005, Time: 18545.5s
Epoch [87/200], Step [120/160], Loss: 0.0005, Time: 18572.2s
Epoch [87/200], Step [140/160], Loss: 0.0004, Time: 18598.8s
Epoch [87/200], Step [160/160], Loss: 0.0005, Time: 18625.4s
Epoch [88/200], Step [20/160], Loss: 0.0007, Time: 18652.7s
Epoch [88/200], Step [40/160], Loss: 0.0006, Time: 18679.3s
Epoch [88/200], Step [60/160], Loss: 0.0007, Time: 18705.9s
Epoch [88/200], Step [80/160], Loss: 0.0005, Time: 18732.4s
Epoch [88/200], Step [100/160], Loss: 0.0006, Time: 18759.0s
Epoch [88/200], Step [120/160], Loss: 0.0005, Time: 18785.6s
Epoch [88/200], Step [140/160], Loss: 0.0007, Time: 18812.2s
Epoch [88/200], Step [160/160], Loss: 0.0005, Time: 18838.8s
Epoch [89/200], Step [20/160], Loss: 0.0007, Time: 18866.1s
Epoch [89/200], Step [40/160], Loss: 0.0005, Time: 18892.7s
Epoch [89/200], Step [60/160], Loss: 0.0006, Time: 18919.3s
Epoch [89/200], Step [80/160], Loss: 0.0005, Time: 18945.9s
Epoch [89/200], Step [100/160], Loss: 0.0005, Time: 18972.5s
Epoch [89/200], Step [120/160], Loss: 0.0005, Time: 18999.1s
Epoch [89/200], Step [140/160], Loss: 0.0005, Time: 19025.7s
Epoch [89/200], Step [160/160], Loss: 0.0004, Time: 19052.3s
Epoch [90/200], Step [20/160], Loss: 0.0004, Time: 19079.7s
Epoch [90/200], Step [40/160], Loss: 0.0005, Time: 19106.3s
Epoch [90/200], Step [60/160], Loss: 0.0007, Time: 19132.9s
Epoch [90/200], Step [80/160], Loss: 0.0005, Time: 19159.5s
Epoch [90/200], Step [100/160], Loss: 0.0004, Time: 19186.1s
Epoch [90/200], Step [120/160], Loss: 0.0005, Time: 19212.7s
Epoch [90/200], Step [140/160], Loss: 0.0005, Time: 19239.4s
Epoch [90/200], Step [160/160], Loss: 0.0006, Time: 19265.9s
Epoch [91/200], Step [20/160], Loss: 0.0006, Time: 19293.3s
Epoch [91/200], Step [40/160], Loss: 0.0004, Time: 19319.9s
Epoch [91/200], Step [60/160], Loss: 0.0005, Time: 19346.5s
Epoch [91/200], Step [80/160], Loss: 0.0005, Time: 19373.1s
Epoch [91/200], Step [100/160], Loss: 0.0005, Time: 19399.8s
Epoch [91/200], Step [120/160], Loss: 0.0005, Time: 19426.4s
Epoch [91/200], Step [140/160], Loss: 0.0004, Time: 19453.0s
Epoch [91/200], Step [160/160], Loss: 0.0004, Time: 19479.6s
Epoch [92/200], Step [20/160], Loss: 0.0006, Time: 19506.9s
Epoch [92/200], Step [40/160], Loss: 0.0006, Time: 19533.5s
Epoch [92/200], Step [60/160], Loss: 0.0005, Time: 19560.1s
Epoch [92/200], Step [80/160], Loss: 0.0006, Time: 19586.8s
Epoch [92/200], Step [100/160], Loss: 0.0005, Time: 19613.4s
Epoch [92/200], Step [120/160], Loss: 0.0005, Time: 19640.0s
Epoch [92/200], Step [140/160], Loss: 0.0005, Time: 19666.6s
Epoch [92/200], Step [160/160], Loss: 0.0005, Time: 19693.2s
Epoch [93/200], Step [20/160], Loss: 0.0005, Time: 19720.5s
Epoch [93/200], Step [40/160], Loss: 0.0006, Time: 19747.1s
Epoch [93/200], Step [60/160], Loss: 0.0005, Time: 19773.7s
Epoch [93/200], Step [80/160], Loss: 0.0006, Time: 19800.3s
Epoch [93/200], Step [100/160], Loss: 0.0004, Time: 19827.0s
Epoch [93/200], Step [120/160], Loss: 0.0003, Time: 19853.6s
Epoch [93/200], Step [140/160], Loss: 0.0005, Time: 19880.2s
Epoch [93/200], Step [160/160], Loss: 0.0004, Time: 19906.8s
Epoch [94/200], Step [20/160], Loss: 0.0004, Time: 19934.1s
Epoch [94/200], Step [40/160], Loss: 0.0006, Time: 19960.7s
Epoch [94/200], Step [60/160], Loss: 0.0004, Time: 19987.3s
Epoch [94/200], Step [80/160], Loss: 0.0004, Time: 20013.9s
Epoch [94/200], Step [100/160], Loss: 0.0005, Time: 20040.5s
Epoch [94/200], Step [120/160], Loss: 0.0004, Time: 20067.1s
Epoch [94/200], Step [140/160], Loss: 0.0005, Time: 20093.7s
Epoch [94/200], Step [160/160], Loss: 0.0004, Time: 20120.3s
Epoch [95/200], Step [20/160], Loss: 0.0005, Time: 20147.6s
Epoch [95/200], Step [40/160], Loss: 0.0006, Time: 20174.3s
Epoch [95/200], Step [60/160], Loss: 0.0004, Time: 20200.9s
Epoch [95/200], Step [80/160], Loss: 0.0006, Time: 20227.5s
Epoch [95/200], Step [100/160], Loss: 0.0005, Time: 20254.1s
Epoch [95/200], Step [120/160], Loss: 0.0004, Time: 20280.7s
Epoch [95/200], Step [140/160], Loss: 0.0006, Time: 20307.3s
Epoch [95/200], Step [160/160], Loss: 0.0004, Time: 20333.9s
Epoch [96/200], Step [20/160], Loss: 0.0007, Time: 20361.3s
Epoch [96/200], Step [40/160], Loss: 0.0006, Time: 20387.9s
Epoch [96/200], Step [60/160], Loss: 0.0005, Time: 20414.5s
Epoch [96/200], Step [80/160], Loss: 0.0005, Time: 20441.2s
Epoch [96/200], Step [100/160], Loss: 0.0003, Time: 20467.8s
Epoch [96/200], Step [120/160], Loss: 0.0005, Time: 20494.4s
Epoch [96/200], Step [140/160], Loss: 0.0004, Time: 20521.0s
Epoch [96/200], Step [160/160], Loss: 0.0004, Time: 20547.6s
Epoch [97/200], Step [20/160], Loss: 0.0004, Time: 20574.9s
Epoch [97/200], Step [40/160], Loss: 0.0005, Time: 20601.5s
Epoch [97/200], Step [60/160], Loss: 0.0005, Time: 20628.1s
Epoch [97/200], Step [80/160], Loss: 0.0003, Time: 20654.7s
Epoch [97/200], Step [100/160], Loss: 0.0004, Time: 20681.4s
Epoch [97/200], Step [120/160], Loss: 0.0004, Time: 20708.0s
Epoch [97/200], Step [140/160], Loss: 0.0005, Time: 20734.6s
Epoch [97/200], Step [160/160], Loss: 0.0005, Time: 20761.2s
Epoch [98/200], Step [20/160], Loss: 0.0005, Time: 20788.4s
Epoch [98/200], Step [40/160], Loss: 0.0005, Time: 20815.0s
Epoch [98/200], Step [60/160], Loss: 0.0004, Time: 20841.6s
Epoch [98/200], Step [80/160], Loss: 0.0005, Time: 20868.2s
Epoch [98/200], Step [100/160], Loss: 0.0004, Time: 20894.8s
Epoch [98/200], Step [120/160], Loss: 0.0003, Time: 20921.4s
Epoch [98/200], Step [140/160], Loss: 0.0008, Time: 20947.9s
Epoch [98/200], Step [160/160], Loss: 0.0005, Time: 20974.5s
Epoch [99/200], Step [20/160], Loss: 0.0006, Time: 21001.9s
Epoch [99/200], Step [40/160], Loss: 0.0003, Time: 21028.5s
Epoch [99/200], Step [60/160], Loss: 0.0004, Time: 21055.1s
Epoch [99/200], Step [80/160], Loss: 0.0004, Time: 21081.7s
Epoch [99/200], Step [100/160], Loss: 0.0005, Time: 21108.3s
Epoch [99/200], Step [120/160], Loss: 0.0003, Time: 21135.0s
Epoch [99/200], Step [140/160], Loss: 0.0004, Time: 21161.5s
Epoch [99/200], Step [160/160], Loss: 0.0005, Time: 21188.2s
Epoch [100/200], Step [20/160], Loss: 0.0004, Time: 21215.5s
Epoch [100/200], Step [40/160], Loss: 0.0004, Time: 21242.1s
Epoch [100/200], Step [60/160], Loss: 0.0005, Time: 21268.7s
Epoch [100/200], Step [80/160], Loss: 0.0004, Time: 21295.3s
Epoch [100/200], Step [100/160], Loss: 0.0004, Time: 21321.9s
Epoch [100/200], Step [120/160], Loss: 0.0004, Time: 21348.5s
Epoch [100/200], Step [140/160], Loss: 0.0004, Time: 21375.1s
Epoch [100/200], Step [160/160], Loss: 0.0006, Time: 21401.7s
Epoch [101/200], Step [20/160], Loss: 0.0003, Time: 21429.2s
Epoch [101/200], Step [40/160], Loss: 0.0005, Time: 21455.8s
Epoch [101/200], Step [60/160], Loss: 0.0003, Time: 21482.4s
Epoch [101/200], Step [80/160], Loss: 0.0005, Time: 21509.0s
Epoch [101/200], Step [100/160], Loss: 0.0004, Time: 21535.6s
Epoch [101/200], Step [120/160], Loss: 0.0004, Time: 21562.3s
Epoch [101/200], Step [140/160], Loss: 0.0005, Time: 21588.9s
Epoch [101/200], Step [160/160], Loss: 0.0004, Time: 21615.4s
Epoch [102/200], Step [20/160], Loss: 0.0004, Time: 21642.7s
Epoch [102/200], Step [40/160], Loss: 0.0004, Time: 21669.3s
Epoch [102/200], Step [60/160], Loss: 0.0004, Time: 21695.9s
Epoch [102/200], Step [80/160], Loss: 0.0005, Time: 21722.5s
Epoch [102/200], Step [100/160], Loss: 0.0006, Time: 21749.2s
Epoch [102/200], Step [120/160], Loss: 0.0003, Time: 21775.8s
Epoch [102/200], Step [140/160], Loss: 0.0003, Time: 21802.4s
Epoch [102/200], Step [160/160], Loss: 0.0005, Time: 21829.0s
Epoch [103/200], Step [20/160], Loss: 0.0004, Time: 21856.3s
Epoch [103/200], Step [40/160], Loss: 0.0005, Time: 21883.0s
Epoch [103/200], Step [60/160], Loss: 0.0005, Time: 21909.6s
Epoch [103/200], Step [80/160], Loss: 0.0003, Time: 21936.3s
Epoch [103/200], Step [100/160], Loss: 0.0004, Time: 21962.9s
Epoch [103/200], Step [120/160], Loss: 0.0003, Time: 21989.6s
Epoch [103/200], Step [140/160], Loss: 0.0005, Time: 22016.2s
Epoch [103/200], Step [160/160], Loss: 0.0004, Time: 22042.8s
Epoch [104/200], Step [20/160], Loss: 0.0004, Time: 22070.1s
Epoch [104/200], Step [40/160], Loss: 0.0004, Time: 22096.7s
Epoch [104/200], Step [60/160], Loss: 0.0004, Time: 22123.3s
Epoch [104/200], Step [80/160], Loss: 0.0003, Time: 22149.9s
Epoch [104/200], Step [100/160], Loss: 0.0005, Time: 22176.5s
Epoch [104/200], Step [120/160], Loss: 0.0005, Time: 22203.2s
Epoch [104/200], Step [140/160], Loss: 0.0005, Time: 22229.8s
Epoch [104/200], Step [160/160], Loss: 0.0005, Time: 22256.4s
Epoch [105/200], Step [20/160], Loss: 0.0005, Time: 22283.7s
Epoch [105/200], Step [40/160], Loss: 0.0002, Time: 22310.3s
Epoch [105/200], Step [60/160], Loss: 0.0004, Time: 22336.9s
Epoch [105/200], Step [80/160], Loss: 0.0005, Time: 22363.5s
Epoch [105/200], Step [100/160], Loss: 0.0003, Time: 22390.1s
Epoch [105/200], Step [120/160], Loss: 0.0003, Time: 22416.7s
Epoch [105/200], Step [140/160], Loss: 0.0004, Time: 22443.3s
Epoch [105/200], Step [160/160], Loss: 0.0004, Time: 22469.9s
Epoch [106/200], Step [20/160], Loss: 0.0004, Time: 22497.3s
Epoch [106/200], Step [40/160], Loss: 0.0005, Time: 22523.9s
Epoch [106/200], Step [60/160], Loss: 0.0004, Time: 22550.5s
Epoch [106/200], Step [80/160], Loss: 0.0004, Time: 22577.1s
Epoch [106/200], Step [100/160], Loss: 0.0004, Time: 22603.7s
Epoch [106/200], Step [120/160], Loss: 0.0003, Time: 22630.4s
Epoch [106/200], Step [140/160], Loss: 0.0003, Time: 22657.0s
Epoch [106/200], Step [160/160], Loss: 0.0003, Time: 22683.6s
Epoch [107/200], Step [20/160], Loss: 0.0003, Time: 22710.9s
Epoch [107/200], Step [40/160], Loss: 0.0004, Time: 22737.5s
Epoch [107/200], Step [60/160], Loss: 0.0003, Time: 22764.1s
Epoch [107/200], Step [80/160], Loss: 0.0004, Time: 22790.8s
Epoch [107/200], Step [100/160], Loss: 0.0005, Time: 22817.4s
Epoch [107/200], Step [120/160], Loss: 0.0004, Time: 22844.0s
Epoch [107/200], Step [140/160], Loss: 0.0005, Time: 22870.6s
Epoch [107/200], Step [160/160], Loss: 0.0005, Time: 22897.2s
Epoch [108/200], Step [20/160], Loss: 0.0004, Time: 22924.5s
Epoch [108/200], Step [40/160], Loss: 0.0005, Time: 22951.2s
Epoch [108/200], Step [60/160], Loss: 0.0004, Time: 22977.8s
Epoch [108/200], Step [80/160], Loss: 0.0004, Time: 23004.4s
Epoch [108/200], Step [100/160], Loss: 0.0003, Time: 23031.1s
Epoch [108/200], Step [120/160], Loss: 0.0004, Time: 23057.7s
Epoch [108/200], Step [140/160], Loss: 0.0005, Time: 23084.4s
Epoch [108/200], Step [160/160], Loss: 0.0005, Time: 23111.0s
Epoch [109/200], Step [20/160], Loss: 0.0005, Time: 23138.3s
Epoch [109/200], Step [40/160], Loss: 0.0003, Time: 23165.0s
Epoch [109/200], Step [60/160], Loss: 0.0005, Time: 23191.6s
Epoch [109/200], Step [80/160], Loss: 0.0004, Time: 23218.2s
Epoch [109/200], Step [100/160], Loss: 0.0004, Time: 23244.8s
Epoch [109/200], Step [120/160], Loss: 0.0004, Time: 23271.4s
Epoch [109/200], Step [140/160], Loss: 0.0005, Time: 23298.0s
Epoch [109/200], Step [160/160], Loss: 0.0005, Time: 23324.6s
Epoch [110/200], Step [20/160], Loss: 0.0003, Time: 23352.0s
Epoch [110/200], Step [40/160], Loss: 0.0004, Time: 23378.6s
Epoch [110/200], Step [60/160], Loss: 0.0004, Time: 23405.3s
Epoch [110/200], Step [80/160], Loss: 0.0004, Time: 23431.9s
Epoch [110/200], Step [100/160], Loss: 0.0005, Time: 23458.5s
Epoch [110/200], Step [120/160], Loss: 0.0004, Time: 23485.1s
Epoch [110/200], Step [140/160], Loss: 0.0004, Time: 23511.8s
Epoch [110/200], Step [160/160], Loss: 0.0004, Time: 23538.4s
Epoch [111/200], Step [20/160], Loss: 0.0004, Time: 23565.8s
Epoch [111/200], Step [40/160], Loss: 0.0004, Time: 23592.4s
Epoch [111/200], Step [60/160], Loss: 0.0004, Time: 23619.0s
Epoch [111/200], Step [80/160], Loss: 0.0004, Time: 23645.6s
Epoch [111/200], Step [100/160], Loss: 0.0003, Time: 23672.2s
Epoch [111/200], Step [120/160], Loss: 0.0004, Time: 23698.8s
Epoch [111/200], Step [140/160], Loss: 0.0004, Time: 23725.4s
Epoch [111/200], Step [160/160], Loss: 0.0003, Time: 23752.0s
Epoch [112/200], Step [20/160], Loss: 0.0004, Time: 23779.3s
Epoch [112/200], Step [40/160], Loss: 0.0004, Time: 23805.9s
Epoch [112/200], Step [60/160], Loss: 0.0004, Time: 23832.5s
Epoch [112/200], Step [80/160], Loss: 0.0004, Time: 23859.1s
Epoch [112/200], Step [100/160], Loss: 0.0004, Time: 23885.7s
Epoch [112/200], Step [120/160], Loss: 0.0004, Time: 23912.3s
Epoch [112/200], Step [140/160], Loss: 0.0004, Time: 23938.9s
Epoch [112/200], Step [160/160], Loss: 0.0004, Time: 23965.5s
Epoch [113/200], Step [20/160], Loss: 0.0004, Time: 23992.8s
Epoch [113/200], Step [40/160], Loss: 0.0004, Time: 24019.4s
Epoch [113/200], Step [60/160], Loss: 0.0004, Time: 24046.0s
Epoch [113/200], Step [80/160], Loss: 0.0004, Time: 24072.7s
Epoch [113/200], Step [100/160], Loss: 0.0003, Time: 24099.6s
Epoch [113/200], Step [120/160], Loss: 0.0003, Time: 24126.2s
Epoch [113/200], Step [140/160], Loss: 0.0004, Time: 24152.8s
Epoch [113/200], Step [160/160], Loss: 0.0004, Time: 24179.3s
Epoch [114/200], Step [20/160], Loss: 0.0003, Time: 24206.7s
Epoch [114/200], Step [40/160], Loss: 0.0006, Time: 24233.3s
Epoch [114/200], Step [60/160], Loss: 0.0004, Time: 24259.8s
Epoch [114/200], Step [80/160], Loss: 0.0004, Time: 24286.4s
Epoch [114/200], Step [100/160], Loss: 0.0003, Time: 24313.0s
Epoch [114/200], Step [120/160], Loss: 0.0005, Time: 24339.6s
Epoch [114/200], Step [140/160], Loss: 0.0004, Time: 24366.2s
Epoch [114/200], Step [160/160], Loss: 0.0005, Time: 24392.8s
Epoch [115/200], Step [20/160], Loss: 0.0004, Time: 24420.1s
Epoch [115/200], Step [40/160], Loss: 0.0004, Time: 24446.7s
Epoch [115/200], Step [60/160], Loss: 0.0003, Time: 24473.4s
Epoch [115/200], Step [80/160], Loss: 0.0005, Time: 24500.0s
Epoch [115/200], Step [100/160], Loss: 0.0004, Time: 24526.6s
Epoch [115/200], Step [120/160], Loss: 0.0003, Time: 24553.2s
Epoch [115/200], Step [140/160], Loss: 0.0004, Time: 24579.8s
Epoch [115/200], Step [160/160], Loss: 0.0004, Time: 24606.4s
Epoch [116/200], Step [20/160], Loss: 0.0005, Time: 24633.7s
Epoch [116/200], Step [40/160], Loss: 0.0003, Time: 24660.4s
Epoch [116/200], Step [60/160], Loss: 0.0004, Time: 24687.0s
Epoch [116/200], Step [80/160], Loss: 0.0003, Time: 24713.6s
Epoch [116/200], Step [100/160], Loss: 0.0004, Time: 24740.2s
Epoch [116/200], Step [120/160], Loss: 0.0004, Time: 24766.8s
Epoch [116/200], Step [140/160], Loss: 0.0003, Time: 24793.4s
Epoch [116/200], Step [160/160], Loss: 0.0004, Time: 24820.0s
Epoch [117/200], Step [20/160], Loss: 0.0004, Time: 24847.3s
Epoch [117/200], Step [40/160], Loss: 0.0004, Time: 24873.9s
Epoch [117/200], Step [60/160], Loss: 0.0004, Time: 24900.6s
Epoch [117/200], Step [80/160], Loss: 0.0005, Time: 24927.2s
Epoch [117/200], Step [100/160], Loss: 0.0004, Time: 24953.8s
Epoch [117/200], Step [120/160], Loss: 0.0003, Time: 24980.4s
Epoch [117/200], Step [140/160], Loss: 0.0003, Time: 25007.0s
Epoch [117/200], Step [160/160], Loss: 0.0003, Time: 25033.6s
Epoch [118/200], Step [20/160], Loss: 0.0003, Time: 25060.9s
Epoch [118/200], Step [40/160], Loss: 0.0004, Time: 25087.6s
Epoch [118/200], Step [60/160], Loss: 0.0005, Time: 25114.2s
Epoch [118/200], Step [80/160], Loss: 0.0004, Time: 25140.8s
Epoch [118/200], Step [100/160], Loss: 0.0005, Time: 25167.4s
Epoch [118/200], Step [120/160], Loss: 0.0004, Time: 25194.0s
Epoch [118/200], Step [140/160], Loss: 0.0004, Time: 25220.6s
Epoch [118/200], Step [160/160], Loss: 0.0005, Time: 25247.2s
Epoch [119/200], Step [20/160], Loss: 0.0003, Time: 25274.6s
Epoch [119/200], Step [40/160], Loss: 0.0003, Time: 25301.2s
Epoch [119/200], Step [60/160], Loss: 0.0004, Time: 25327.8s
Epoch [119/200], Step [80/160], Loss: 0.0004, Time: 25354.4s
Epoch [119/200], Step [100/160], Loss: 0.0004, Time: 25381.0s
Epoch [119/200], Step [120/160], Loss: 0.0003, Time: 25407.6s
Epoch [119/200], Step [140/160], Loss: 0.0005, Time: 25434.2s
Epoch [119/200], Step [160/160], Loss: 0.0004, Time: 25460.8s
Epoch [120/200], Step [20/160], Loss: 0.0005, Time: 25488.1s
Epoch [120/200], Step [40/160], Loss: 0.0003, Time: 25514.7s
Epoch [120/200], Step [60/160], Loss: 0.0004, Time: 25541.3s
Epoch [120/200], Step [80/160], Loss: 0.0003, Time: 25567.9s
Epoch [120/200], Step [100/160], Loss: 0.0005, Time: 25594.4s
Epoch [120/200], Step [120/160], Loss: 0.0003, Time: 25621.0s
Epoch [120/200], Step [140/160], Loss: 0.0003, Time: 25647.6s
Epoch [120/200], Step [160/160], Loss: 0.0004, Time: 25674.2s
Epoch [121/200], Step [20/160], Loss: 0.0005, Time: 25701.5s
Epoch [121/200], Step [40/160], Loss: 0.0004, Time: 25728.1s
Epoch [121/200], Step [60/160], Loss: 0.0004, Time: 25754.7s
Epoch [121/200], Step [80/160], Loss: 0.0004, Time: 25781.3s
Epoch [121/200], Step [100/160], Loss: 0.0005, Time: 25807.9s
Epoch [121/200], Step [120/160], Loss: 0.0004, Time: 25834.5s
Epoch [121/200], Step [140/160], Loss: 0.0004, Time: 25861.1s
Epoch [121/200], Step [160/160], Loss: 0.0003, Time: 25887.7s
Epoch [122/200], Step [20/160], Loss: 0.0005, Time: 25915.0s
Epoch [122/200], Step [40/160], Loss: 0.0004, Time: 25941.6s
Epoch [122/200], Step [60/160], Loss: 0.0005, Time: 25968.2s
Epoch [122/200], Step [80/160], Loss: 0.0004, Time: 25994.8s
Epoch [122/200], Step [100/160], Loss: 0.0003, Time: 26021.5s
Epoch [122/200], Step [120/160], Loss: 0.0003, Time: 26048.1s
Epoch [122/200], Step [140/160], Loss: 0.0004, Time: 26074.7s
Epoch [122/200], Step [160/160], Loss: 0.0003, Time: 26101.3s
Epoch [123/200], Step [20/160], Loss: 0.0004, Time: 26128.6s
Epoch [123/200], Step [40/160], Loss: 0.0006, Time: 26155.2s
Epoch [123/200], Step [60/160], Loss: 0.0005, Time: 26181.8s
Epoch [123/200], Step [80/160], Loss: 0.0004, Time: 26208.4s
Epoch [123/200], Step [100/160], Loss: 0.0004, Time: 26235.0s
Epoch [123/200], Step [120/160], Loss: 0.0005, Time: 26261.6s
Epoch [123/200], Step [140/160], Loss: 0.0004, Time: 26288.1s
Epoch [123/200], Step [160/160], Loss: 0.0003, Time: 26314.7s
Epoch [124/200], Step [20/160], Loss: 0.0004, Time: 26342.0s
Epoch [124/200], Step [40/160], Loss: 0.0004, Time: 26368.6s
Epoch [124/200], Step [60/160], Loss: 0.0003, Time: 26395.2s
Epoch [124/200], Step [80/160], Loss: 0.0004, Time: 26421.8s
Epoch [124/200], Step [100/160], Loss: 0.0005, Time: 26448.4s
Epoch [124/200], Step [120/160], Loss: 0.0005, Time: 26475.0s
Epoch [124/200], Step [140/160], Loss: 0.0005, Time: 26501.6s
Epoch [124/200], Step [160/160], Loss: 0.0002, Time: 26528.2s
Epoch [125/200], Step [20/160], Loss: 0.0004, Time: 26555.5s
Epoch [125/200], Step [40/160], Loss: 0.0004, Time: 26582.1s
Epoch [125/200], Step [60/160], Loss: 0.0005, Time: 26608.6s
Epoch [125/200], Step [80/160], Loss: 0.0003, Time: 26635.2s
Epoch [125/200], Step [100/160], Loss: 0.0004, Time: 26661.8s
Epoch [125/200], Step [120/160], Loss: 0.0005, Time: 26688.4s
Epoch [125/200], Step [140/160], Loss: 0.0003, Time: 26715.0s
Epoch [125/200], Step [160/160], Loss: 0.0005, Time: 26741.6s
Epoch [126/200], Step [20/160], Loss: 0.0005, Time: 26768.9s
Epoch [126/200], Step [40/160], Loss: 0.0004, Time: 26795.6s
Epoch [126/200], Step [60/160], Loss: 0.0004, Time: 26822.2s
Epoch [126/200], Step [80/160], Loss: 0.0004, Time: 26848.8s
Epoch [126/200], Step [100/160], Loss: 0.0004, Time: 26875.4s
Epoch [126/200], Step [120/160], Loss: 0.0004, Time: 26902.0s
Epoch [126/200], Step [140/160], Loss: 0.0003, Time: 26928.7s
Epoch [126/200], Step [160/160], Loss: 0.0004, Time: 26955.3s
Epoch [127/200], Step [20/160], Loss: 0.0004, Time: 26982.6s
Epoch [127/200], Step [40/160], Loss: 0.0004, Time: 27009.2s
Epoch [127/200], Step [60/160], Loss: 0.0004, Time: 27035.8s
Epoch [127/200], Step [80/160], Loss: 0.0003, Time: 27062.4s
Epoch [127/200], Step [100/160], Loss: 0.0005, Time: 27089.0s
Epoch [127/200], Step [120/160], Loss: 0.0003, Time: 27115.6s
Epoch [127/200], Step [140/160], Loss: 0.0003, Time: 27142.2s
Epoch [127/200], Step [160/160], Loss: 0.0004, Time: 27168.8s
Epoch [128/200], Step [20/160], Loss: 0.0004, Time: 27196.0s
Epoch [128/200], Step [40/160], Loss: 0.0004, Time: 27222.6s
Epoch [128/200], Step [60/160], Loss: 0.0004, Time: 27249.2s
Epoch [128/200], Step [80/160], Loss: 0.0004, Time: 27275.8s
Epoch [128/200], Step [100/160], Loss: 0.0004, Time: 27302.4s
Epoch [128/200], Step [120/160], Loss: 0.0005, Time: 27329.0s
Epoch [128/200], Step [140/160], Loss: 0.0004, Time: 27355.7s
Epoch [128/200], Step [160/160], Loss: 0.0004, Time: 27382.2s
Epoch [129/200], Step [20/160], Loss: 0.0005, Time: 27409.6s
Epoch [129/200], Step [40/160], Loss: 0.0003, Time: 27436.1s
Epoch [129/200], Step [60/160], Loss: 0.0004, Time: 27462.7s
Epoch [129/200], Step [80/160], Loss: 0.0003, Time: 27489.3s
Epoch [129/200], Step [100/160], Loss: 0.0005, Time: 27515.9s
Epoch [129/200], Step [120/160], Loss: 0.0004, Time: 27542.5s
Epoch [129/200], Step [140/160], Loss: 0.0004, Time: 27569.1s
Epoch [129/200], Step [160/160], Loss: 0.0003, Time: 27595.7s
Epoch [130/200], Step [20/160], Loss: 0.0003, Time: 27623.0s
Epoch [130/200], Step [40/160], Loss: 0.0004, Time: 27649.6s
Epoch [130/200], Step [60/160], Loss: 0.0004, Time: 27676.2s
Epoch [130/200], Step [80/160], Loss: 0.0004, Time: 27702.7s
Epoch [130/200], Step [100/160], Loss: 0.0003, Time: 27729.3s
Epoch [130/200], Step [120/160], Loss: 0.0005, Time: 27755.9s
Epoch [130/200], Step [140/160], Loss: 0.0004, Time: 27782.5s
Epoch [130/200], Step [160/160], Loss: 0.0004, Time: 27809.1s
Epoch [131/200], Step [20/160], Loss: 0.0004, Time: 27836.4s
Epoch [131/200], Step [40/160], Loss: 0.0003, Time: 27863.0s
Epoch [131/200], Step [60/160], Loss: 0.0003, Time: 27889.5s
Epoch [131/200], Step [80/160], Loss: 0.0004, Time: 27916.1s
Epoch [131/200], Step [100/160], Loss: 0.0004, Time: 27942.7s
Epoch [131/200], Step [120/160], Loss: 0.0005, Time: 27969.3s
Epoch [131/200], Step [140/160], Loss: 0.0004, Time: 27995.9s
Epoch [131/200], Step [160/160], Loss: 0.0004, Time: 28022.5s
Epoch [132/200], Step [20/160], Loss: 0.0004, Time: 28050.0s
Epoch [132/200], Step [40/160], Loss: 0.0003, Time: 28076.6s
Epoch [132/200], Step [60/160], Loss: 0.0004, Time: 28103.2s
Epoch [132/200], Step [80/160], Loss: 0.0004, Time: 28129.8s
Epoch [132/200], Step [100/160], Loss: 0.0005, Time: 28156.4s
Epoch [132/200], Step [120/160], Loss: 0.0004, Time: 28183.0s
Epoch [132/200], Step [140/160], Loss: 0.0003, Time: 28209.6s
Epoch [132/200], Step [160/160], Loss: 0.0005, Time: 28236.2s
Epoch [133/200], Step [20/160], Loss: 0.0003, Time: 28263.5s
Epoch [133/200], Step [40/160], Loss: 0.0004, Time: 28290.1s
Epoch [133/200], Step [60/160], Loss: 0.0004, Time: 28316.7s
Epoch [133/200], Step [80/160], Loss: 0.0003, Time: 28343.3s
Epoch [133/200], Step [100/160], Loss: 0.0004, Time: 28369.9s
Epoch [133/200], Step [120/160], Loss: 0.0004, Time: 28396.5s
Epoch [133/200], Step [140/160], Loss: 0.0004, Time: 28423.1s
Epoch [133/200], Step [160/160], Loss: 0.0004, Time: 28449.7s
Epoch [134/200], Step [20/160], Loss: 0.0004, Time: 28477.0s
Epoch [134/200], Step [40/160], Loss: 0.0004, Time: 28503.6s
Epoch [134/200], Step [60/160], Loss: 0.0003, Time: 28530.2s
Epoch [134/200], Step [80/160], Loss: 0.0005, Time: 28556.8s
Epoch [134/200], Step [100/160], Loss: 0.0004, Time: 28583.4s
Epoch [134/200], Step [120/160], Loss: 0.0004, Time: 28610.0s
Epoch [134/200], Step [140/160], Loss: 0.0004, Time: 28636.6s
Epoch [134/200], Step [160/160], Loss: 0.0005, Time: 28663.1s
Epoch [135/200], Step [20/160], Loss: 0.0004, Time: 28690.4s
Epoch [135/200], Step [40/160], Loss: 0.0004, Time: 28717.0s
Epoch [135/200], Step [60/160], Loss: 0.0003, Time: 28743.6s
Epoch [135/200], Step [80/160], Loss: 0.0005, Time: 28770.2s
Epoch [135/200], Step [100/160], Loss: 0.0004, Time: 28796.8s
Epoch [135/200], Step [120/160], Loss: 0.0003, Time: 28823.4s
Epoch [135/200], Step [140/160], Loss: 0.0004, Time: 28850.0s
Epoch [135/200], Step [160/160], Loss: 0.0005, Time: 28876.6s
Epoch [136/200], Step [20/160], Loss: 0.0003, Time: 28903.8s
Epoch [136/200], Step [40/160], Loss: 0.0004, Time: 28930.4s
Epoch [136/200], Step [60/160], Loss: 0.0004, Time: 28957.0s
Epoch [136/200], Step [80/160], Loss: 0.0005, Time: 28983.6s
Epoch [136/200], Step [100/160], Loss: 0.0004, Time: 29010.2s
Epoch [136/200], Step [120/160], Loss: 0.0004, Time: 29036.7s
Epoch [136/200], Step [140/160], Loss: 0.0004, Time: 29063.3s
Epoch [136/200], Step [160/160], Loss: 0.0004, Time: 29089.9s
Epoch [137/200], Step [20/160], Loss: 0.0005, Time: 29117.2s
Epoch [137/200], Step [40/160], Loss: 0.0003, Time: 29143.8s
Epoch [137/200], Step [60/160], Loss: 0.0003, Time: 29170.4s
Epoch [137/200], Step [80/160], Loss: 0.0003, Time: 29197.0s
Epoch [137/200], Step [100/160], Loss: 0.0004, Time: 29223.6s
Epoch [137/200], Step [120/160], Loss: 0.0004, Time: 29250.2s
Epoch [137/200], Step [140/160], Loss: 0.0004, Time: 29276.8s
Epoch [137/200], Step [160/160], Loss: 0.0003, Time: 29303.4s
Epoch [138/200], Step [20/160], Loss: 0.0004, Time: 29330.6s
Epoch [138/200], Step [40/160], Loss: 0.0003, Time: 29357.2s
Epoch [138/200], Step [60/160], Loss: 0.0003, Time: 29383.8s
Epoch [138/200], Step [80/160], Loss: 0.0004, Time: 29410.3s
Epoch [138/200], Step [100/160], Loss: 0.0004, Time: 29436.8s
Epoch [138/200], Step [120/160], Loss: 0.0005, Time: 29463.4s
Epoch [138/200], Step [140/160], Loss: 0.0005, Time: 29489.8s
Epoch [138/200], Step [160/160], Loss: 0.0004, Time: 29516.3s
Epoch [139/200], Step [20/160], Loss: 0.0003, Time: 29543.4s
Epoch [139/200], Step [40/160], Loss: 0.0004, Time: 29569.8s
Epoch [139/200], Step [60/160], Loss: 0.0004, Time: 29596.3s
Epoch [139/200], Step [80/160], Loss: 0.0004, Time: 29622.8s
Epoch [139/200], Step [100/160], Loss: 0.0004, Time: 29649.3s
Epoch [139/200], Step [120/160], Loss: 0.0004, Time: 29675.8s
Epoch [139/200], Step [140/160], Loss: 0.0004, Time: 29702.3s
Epoch [139/200], Step [160/160], Loss: 0.0004, Time: 29728.8s
Epoch [140/200], Step [20/160], Loss: 0.0004, Time: 29755.9s
Epoch [140/200], Step [40/160], Loss: 0.0004, Time: 29782.4s
Epoch [140/200], Step [60/160], Loss: 0.0004, Time: 29808.9s
Epoch [140/200], Step [80/160], Loss: 0.0003, Time: 29835.4s
Epoch [140/200], Step [100/160], Loss: 0.0006, Time: 29861.8s
Epoch [140/200], Step [120/160], Loss: 0.0003, Time: 29888.3s
Epoch [140/200], Step [140/160], Loss: 0.0003, Time: 29914.7s
Epoch [140/200], Step [160/160], Loss: 0.0003, Time: 29941.2s
Epoch [141/200], Step [20/160], Loss: 0.0005, Time: 29968.4s
Epoch [141/200], Step [40/160], Loss: 0.0003, Time: 29994.8s
Epoch [141/200], Step [60/160], Loss: 0.0004, Time: 30021.3s
Epoch [141/200], Step [80/160], Loss: 0.0003, Time: 30047.8s
Epoch [141/200], Step [100/160], Loss: 0.0005, Time: 30074.3s
Epoch [141/200], Step [120/160], Loss: 0.0004, Time: 30100.8s
Epoch [141/200], Step [140/160], Loss: 0.0004, Time: 30127.3s
Epoch [141/200], Step [160/160], Loss: 0.0003, Time: 30153.7s
Epoch [142/200], Step [20/160], Loss: 0.0004, Time: 30180.9s
Epoch [142/200], Step [40/160], Loss: 0.0005, Time: 30207.4s
Epoch [142/200], Step [60/160], Loss: 0.0004, Time: 30233.9s
Epoch [142/200], Step [80/160], Loss: 0.0004, Time: 30260.3s
Epoch [142/200], Step [100/160], Loss: 0.0004, Time: 30286.8s
Epoch [142/200], Step [120/160], Loss: 0.0005, Time: 30313.2s
Epoch [142/200], Step [140/160], Loss: 0.0004, Time: 30339.7s
Epoch [142/200], Step [160/160], Loss: 0.0004, Time: 30366.1s
Epoch [143/200], Step [20/160], Loss: 0.0003, Time: 30393.2s
Epoch [143/200], Step [40/160], Loss: 0.0003, Time: 30419.7s
Epoch [143/200], Step [60/160], Loss: 0.0004, Time: 30446.2s
Epoch [143/200], Step [80/160], Loss: 0.0005, Time: 30472.8s
Epoch [143/200], Step [100/160], Loss: 0.0004, Time: 30499.3s
Epoch [143/200], Step [120/160], Loss: 0.0005, Time: 30525.8s
Epoch [143/200], Step [140/160], Loss: 0.0003, Time: 30552.3s
Epoch [143/200], Step [160/160], Loss: 0.0003, Time: 30578.8s
Epoch [144/200], Step [20/160], Loss: 0.0004, Time: 30605.9s
Epoch [144/200], Step [40/160], Loss: 0.0004, Time: 30632.4s
Epoch [144/200], Step [60/160], Loss: 0.0004, Time: 30658.9s
Epoch [144/200], Step [80/160], Loss: 0.0003, Time: 30685.4s
Epoch [144/200], Step [100/160], Loss: 0.0005, Time: 30711.9s
Epoch [144/200], Step [120/160], Loss: 0.0003, Time: 30738.4s
Epoch [144/200], Step [140/160], Loss: 0.0005, Time: 30764.9s
Epoch [144/200], Step [160/160], Loss: 0.0004, Time: 30791.4s
Epoch [145/200], Step [20/160], Loss: 0.0004, Time: 30819.0s
Epoch [145/200], Step [40/160], Loss: 0.0004, Time: 30845.4s
Epoch [145/200], Step [60/160], Loss: 0.0003, Time: 30871.9s
Epoch [145/200], Step [80/160], Loss: 0.0003, Time: 30898.4s
Epoch [145/200], Step [100/160], Loss: 0.0006, Time: 30924.9s
Epoch [145/200], Step [120/160], Loss: 0.0003, Time: 30951.4s
Epoch [145/200], Step [140/160], Loss: 0.0003, Time: 30977.8s
Epoch [145/200], Step [160/160], Loss: 0.0003, Time: 31004.3s
Epoch [146/200], Step [20/160], Loss: 0.0004, Time: 31031.5s
Epoch [146/200], Step [40/160], Loss: 0.0004, Time: 31057.9s
Epoch [146/200], Step [60/160], Loss: 0.0003, Time: 31084.4s
Epoch [146/200], Step [80/160], Loss: 0.0003, Time: 31110.8s
Epoch [146/200], Step [100/160], Loss: 0.0004, Time: 31137.3s
Epoch [146/200], Step [120/160], Loss: 0.0003, Time: 31163.7s
Epoch [146/200], Step [140/160], Loss: 0.0003, Time: 31190.1s
Epoch [146/200], Step [160/160], Loss: 0.0005, Time: 31216.6s
Epoch [147/200], Step [20/160], Loss: 0.0002, Time: 31243.8s
Epoch [147/200], Step [40/160], Loss: 0.0004, Time: 31270.2s
Epoch [147/200], Step [60/160], Loss: 0.0005, Time: 31296.7s
Epoch [147/200], Step [80/160], Loss: 0.0004, Time: 31323.1s
Epoch [147/200], Step [100/160], Loss: 0.0004, Time: 31349.6s
Epoch [147/200], Step [120/160], Loss: 0.0005, Time: 31376.0s
Epoch [147/200], Step [140/160], Loss: 0.0003, Time: 31402.5s
Epoch [147/200], Step [160/160], Loss: 0.0004, Time: 31428.9s
Epoch [148/200], Step [20/160], Loss: 0.0005, Time: 31456.1s
Epoch [148/200], Step [40/160], Loss: 0.0005, Time: 31482.5s
Epoch [148/200], Step [60/160], Loss: 0.0005, Time: 31509.0s
Epoch [148/200], Step [80/160], Loss: 0.0004, Time: 31535.5s
Epoch [148/200], Step [100/160], Loss: 0.0004, Time: 31561.9s
Epoch [148/200], Step [120/160], Loss: 0.0004, Time: 31588.4s
Epoch [148/200], Step [140/160], Loss: 0.0004, Time: 31614.8s
Epoch [148/200], Step [160/160], Loss: 0.0002, Time: 31641.2s
Epoch [149/200], Step [20/160], Loss: 0.0004, Time: 31668.3s
Epoch [149/200], Step [40/160], Loss: 0.0003, Time: 31694.7s
Epoch [149/200], Step [60/160], Loss: 0.0004, Time: 31721.2s
Epoch [149/200], Step [80/160], Loss: 0.0003, Time: 31747.6s
Epoch [149/200], Step [100/160], Loss: 0.0004, Time: 31774.0s
Epoch [149/200], Step [120/160], Loss: 0.0004, Time: 31800.5s
Epoch [149/200], Step [140/160], Loss: 0.0004, Time: 31826.9s
Epoch [149/200], Step [160/160], Loss: 0.0005, Time: 31853.4s
Epoch [150/200], Step [20/160], Loss: 0.0002, Time: 31880.5s
Epoch [150/200], Step [40/160], Loss: 0.0003, Time: 31907.0s
Epoch [150/200], Step [60/160], Loss: 0.0004, Time: 31933.4s
Epoch [150/200], Step [80/160], Loss: 0.0004, Time: 31959.9s
Epoch [150/200], Step [100/160], Loss: 0.0005, Time: 31986.3s
Epoch [150/200], Step [120/160], Loss: 0.0004, Time: 32012.8s
Epoch [150/200], Step [140/160], Loss: 0.0002, Time: 32039.2s
Epoch [150/200], Step [160/160], Loss: 0.0003, Time: 32065.7s
Epoch [151/200], Step [20/160], Loss: 0.0004, Time: 32092.9s
Epoch [151/200], Step [40/160], Loss: 0.0006, Time: 32119.3s
Epoch [151/200], Step [60/160], Loss: 0.0004, Time: 32145.7s
Epoch [151/200], Step [80/160], Loss: 0.0004, Time: 32172.2s
Epoch [151/200], Step [100/160], Loss: 0.0004, Time: 32198.7s
Epoch [151/200], Step [120/160], Loss: 0.0004, Time: 32225.1s
Epoch [151/200], Step [140/160], Loss: 0.0003, Time: 32251.6s
Epoch [151/200], Step [160/160], Loss: 0.0005, Time: 32278.0s
Epoch [152/200], Step [20/160], Loss: 0.0004, Time: 32305.1s
Epoch [152/200], Step [40/160], Loss: 0.0004, Time: 32331.6s
Epoch [152/200], Step [60/160], Loss: 0.0003, Time: 32358.0s
Epoch [152/200], Step [80/160], Loss: 0.0003, Time: 32384.5s
Epoch [152/200], Step [100/160], Loss: 0.0004, Time: 32411.0s
Epoch [152/200], Step [120/160], Loss: 0.0004, Time: 32437.5s
Epoch [152/200], Step [140/160], Loss: 0.0003, Time: 32464.0s
Epoch [152/200], Step [160/160], Loss: 0.0003, Time: 32490.5s
Epoch [153/200], Step [20/160], Loss: 0.0003, Time: 32517.7s
Epoch [153/200], Step [40/160], Loss: 0.0003, Time: 32544.2s
Epoch [153/200], Step [60/160], Loss: 0.0003, Time: 32570.7s
Epoch [153/200], Step [80/160], Loss: 0.0004, Time: 32597.2s
Epoch [153/200], Step [100/160], Loss: 0.0004, Time: 32623.6s
Epoch [153/200], Step [120/160], Loss: 0.0004, Time: 32650.1s
Epoch [153/200], Step [140/160], Loss: 0.0004, Time: 32676.6s
Epoch [153/200], Step [160/160], Loss: 0.0005, Time: 32703.1s
Epoch [154/200], Step [20/160], Loss: 0.0003, Time: 32730.2s
Epoch [154/200], Step [40/160], Loss: 0.0004, Time: 32756.7s
Epoch [154/200], Step [60/160], Loss: 0.0005, Time: 32783.2s
Epoch [154/200], Step [80/160], Loss: 0.0003, Time: 32809.7s
Epoch [154/200], Step [100/160], Loss: 0.0003, Time: 32836.2s
Epoch [154/200], Step [120/160], Loss: 0.0004, Time: 32862.7s
Epoch [154/200], Step [140/160], Loss: 0.0004, Time: 32889.2s
Epoch [154/200], Step [160/160], Loss: 0.0003, Time: 32915.6s
Epoch [155/200], Step [20/160], Loss: 0.0005, Time: 32942.8s
Epoch [155/200], Step [40/160], Loss: 0.0005, Time: 32969.3s
Epoch [155/200], Step [60/160], Loss: 0.0004, Time: 32995.8s
Epoch [155/200], Step [80/160], Loss: 0.0004, Time: 33022.3s
Epoch [155/200], Step [100/160], Loss: 0.0003, Time: 33048.7s
Epoch [155/200], Step [120/160], Loss: 0.0003, Time: 33075.2s
Epoch [155/200], Step [140/160], Loss: 0.0003, Time: 33101.7s
Epoch [155/200], Step [160/160], Loss: 0.0004, Time: 33128.2s
Epoch [156/200], Step [20/160], Loss: 0.0005, Time: 33155.4s
Epoch [156/200], Step [40/160], Loss: 0.0003, Time: 33181.8s
Epoch [156/200], Step [60/160], Loss: 0.0003, Time: 33208.3s
Epoch [156/200], Step [80/160], Loss: 0.0005, Time: 33234.8s
Epoch [156/200], Step [100/160], Loss: 0.0004, Time: 33261.2s
Epoch [156/200], Step [120/160], Loss: 0.0005, Time: 33287.6s
Epoch [156/200], Step [140/160], Loss: 0.0004, Time: 33314.1s
Epoch [156/200], Step [160/160], Loss: 0.0004, Time: 33340.5s
Epoch [157/200], Step [20/160], Loss: 0.0003, Time: 33367.7s
Epoch [157/200], Step [40/160], Loss: 0.0004, Time: 33394.2s
Epoch [157/200], Step [60/160], Loss: 0.0004, Time: 33420.7s
Epoch [157/200], Step [80/160], Loss: 0.0003, Time: 33447.1s
Epoch [157/200], Step [100/160], Loss: 0.0004, Time: 33473.6s
Epoch [157/200], Step [120/160], Loss: 0.0005, Time: 33500.0s
Epoch [157/200], Step [140/160], Loss: 0.0005, Time: 33526.5s
Epoch [157/200], Step [160/160], Loss: 0.0004, Time: 33552.9s
Epoch [158/200], Step [20/160], Loss: 0.0003, Time: 33580.0s
Epoch [158/200], Step [40/160], Loss: 0.0003, Time: 33606.5s
Epoch [158/200], Step [60/160], Loss: 0.0005, Time: 33633.0s
Epoch [158/200], Step [80/160], Loss: 0.0004, Time: 33659.4s
Epoch [158/200], Step [100/160], Loss: 0.0004, Time: 33685.9s
Epoch [158/200], Step [120/160], Loss: 0.0004, Time: 33712.3s
Epoch [158/200], Step [140/160], Loss: 0.0005, Time: 33738.8s
Epoch [158/200], Step [160/160], Loss: 0.0004, Time: 33765.2s
Epoch [159/200], Step [20/160], Loss: 0.0004, Time: 33792.4s
Epoch [159/200], Step [40/160], Loss: 0.0002, Time: 33818.8s
Epoch [159/200], Step [60/160], Loss: 0.0003, Time: 33845.3s
Epoch [159/200], Step [80/160], Loss: 0.0004, Time: 33871.7s
Epoch [159/200], Step [100/160], Loss: 0.0004, Time: 33898.1s
Epoch [159/200], Step [120/160], Loss: 0.0004, Time: 33924.6s
Epoch [159/200], Step [140/160], Loss: 0.0004, Time: 33951.0s
Epoch [159/200], Step [160/160], Loss: 0.0004, Time: 33977.4s
Epoch [160/200], Step [20/160], Loss: 0.0005, Time: 34004.6s
Epoch [160/200], Step [40/160], Loss: 0.0004, Time: 34031.1s
Epoch [160/200], Step [60/160], Loss: 0.0003, Time: 34057.5s
Epoch [160/200], Step [80/160], Loss: 0.0003, Time: 34083.9s
Epoch [160/200], Step [100/160], Loss: 0.0004, Time: 34110.3s
Epoch [160/200], Step [120/160], Loss: 0.0003, Time: 34136.8s
Epoch [160/200], Step [140/160], Loss: 0.0003, Time: 34163.2s
Epoch [160/200], Step [160/160], Loss: 0.0003, Time: 34189.5s
Epoch [161/200], Step [20/160], Loss: 0.0003, Time: 34216.7s
Epoch [161/200], Step [40/160], Loss: 0.0004, Time: 34243.1s
Epoch [161/200], Step [60/160], Loss: 0.0003, Time: 34269.6s
Epoch [161/200], Step [80/160], Loss: 0.0004, Time: 34296.1s
Epoch [161/200], Step [100/160], Loss: 0.0004, Time: 34322.5s
Epoch [161/200], Step [120/160], Loss: 0.0003, Time: 34349.0s
Epoch [161/200], Step [140/160], Loss: 0.0003, Time: 34375.4s
Epoch [161/200], Step [160/160], Loss: 0.0005, Time: 34401.8s
Epoch [162/200], Step [20/160], Loss: 0.0004, Time: 34429.0s
Epoch [162/200], Step [40/160], Loss: 0.0004, Time: 34455.5s
Epoch [162/200], Step [60/160], Loss: 0.0005, Time: 34481.9s
Epoch [162/200], Step [80/160], Loss: 0.0003, Time: 34508.4s
Epoch [162/200], Step [100/160], Loss: 0.0004, Time: 34534.9s
Epoch [162/200], Step [120/160], Loss: 0.0003, Time: 34561.4s
Epoch [162/200], Step [140/160], Loss: 0.0005, Time: 34587.9s
Epoch [162/200], Step [160/160], Loss: 0.0003, Time: 34614.3s
Epoch [163/200], Step [20/160], Loss: 0.0003, Time: 34641.5s
Epoch [163/200], Step [40/160], Loss: 0.0003, Time: 34667.9s
Epoch [163/200], Step [60/160], Loss: 0.0004, Time: 34694.4s
Epoch [163/200], Step [80/160], Loss: 0.0004, Time: 34720.9s
Epoch [163/200], Step [100/160], Loss: 0.0003, Time: 34747.4s
Epoch [163/200], Step [120/160], Loss: 0.0003, Time: 34773.8s
Epoch [163/200], Step [140/160], Loss: 0.0004, Time: 34800.3s
Epoch [163/200], Step [160/160], Loss: 0.0004, Time: 34826.7s
Epoch [164/200], Step [20/160], Loss: 0.0004, Time: 34853.9s
Epoch [164/200], Step [40/160], Loss: 0.0002, Time: 34880.4s
Epoch [164/200], Step [60/160], Loss: 0.0005, Time: 34906.9s
Epoch [164/200], Step [80/160], Loss: 0.0005, Time: 34933.3s
Epoch [164/200], Step [100/160], Loss: 0.0003, Time: 34959.8s
Epoch [164/200], Step [120/160], Loss: 0.0004, Time: 34986.3s
Epoch [164/200], Step [140/160], Loss: 0.0004, Time: 35012.8s
Epoch [164/200], Step [160/160], Loss: 0.0004, Time: 35039.2s
Epoch [165/200], Step [20/160], Loss: 0.0003, Time: 35066.3s
Epoch [165/200], Step [40/160], Loss: 0.0005, Time: 35092.8s
Epoch [165/200], Step [60/160], Loss: 0.0005, Time: 35119.3s
Epoch [165/200], Step [80/160], Loss: 0.0004, Time: 35145.8s
Epoch [165/200], Step [100/160], Loss: 0.0004, Time: 35172.3s
Epoch [165/200], Step [120/160], Loss: 0.0004, Time: 35198.7s
Epoch [165/200], Step [140/160], Loss: 0.0004, Time: 35225.2s
Epoch [165/200], Step [160/160], Loss: 0.0005, Time: 35251.7s
Epoch [166/200], Step [20/160], Loss: 0.0004, Time: 35278.8s
Epoch [166/200], Step [40/160], Loss: 0.0005, Time: 35305.2s
Epoch [166/200], Step [60/160], Loss: 0.0003, Time: 35331.7s
Epoch [166/200], Step [80/160], Loss: 0.0005, Time: 35358.2s
Epoch [166/200], Step [100/160], Loss: 0.0005, Time: 35384.7s
Epoch [166/200], Step [120/160], Loss: 0.0005, Time: 35411.2s
Epoch [166/200], Step [140/160], Loss: 0.0004, Time: 35437.7s
Epoch [166/200], Step [160/160], Loss: 0.0003, Time: 35464.2s
Epoch [167/200], Step [20/160], Loss: 0.0005, Time: 35491.3s
Epoch [167/200], Step [40/160], Loss: 0.0004, Time: 35517.8s
Epoch [167/200], Step [60/160], Loss: 0.0005, Time: 35544.3s
Epoch [167/200], Step [80/160], Loss: 0.0002, Time: 35570.7s
Epoch [167/200], Step [100/160], Loss: 0.0005, Time: 35597.2s
Epoch [167/200], Step [120/160], Loss: 0.0002, Time: 35623.7s
Epoch [167/200], Step [140/160], Loss: 0.0004, Time: 35650.1s
Epoch [167/200], Step [160/160], Loss: 0.0004, Time: 35676.6s
Epoch [168/200], Step [20/160], Loss: 0.0005, Time: 35703.7s
Epoch [168/200], Step [40/160], Loss: 0.0004, Time: 35730.2s
Epoch [168/200], Step [60/160], Loss: 0.0004, Time: 35756.6s
Epoch [168/200], Step [80/160], Loss: 0.0006, Time: 35783.1s
Epoch [168/200], Step [100/160], Loss: 0.0004, Time: 35809.6s
Epoch [168/200], Step [120/160], Loss: 0.0004, Time: 35836.0s
Epoch [168/200], Step [140/160], Loss: 0.0004, Time: 35862.5s
Epoch [168/200], Step [160/160], Loss: 0.0004, Time: 35888.9s
Epoch [169/200], Step [20/160], Loss: 0.0003, Time: 35916.1s
Epoch [169/200], Step [40/160], Loss: 0.0005, Time: 35942.5s
Epoch [169/200], Step [60/160], Loss: 0.0003, Time: 35969.0s
Epoch [169/200], Step [80/160], Loss: 0.0003, Time: 35995.5s
Epoch [169/200], Step [100/160], Loss: 0.0005, Time: 36022.0s
Epoch [169/200], Step [120/160], Loss: 0.0003, Time: 36048.5s
Epoch [169/200], Step [140/160], Loss: 0.0005, Time: 36075.0s
Epoch [169/200], Step [160/160], Loss: 0.0004, Time: 36101.5s
Epoch [170/200], Step [20/160], Loss: 0.0003, Time: 36128.7s
Epoch [170/200], Step [40/160], Loss: 0.0004, Time: 36155.1s
Epoch [170/200], Step [60/160], Loss: 0.0004, Time: 36181.6s
Epoch [170/200], Step [80/160], Loss: 0.0004, Time: 36208.1s
Epoch [170/200], Step [100/160], Loss: 0.0003, Time: 36234.5s
Epoch [170/200], Step [120/160], Loss: 0.0004, Time: 36261.0s
Epoch [170/200], Step [140/160], Loss: 0.0004, Time: 36287.4s
Epoch [170/200], Step [160/160], Loss: 0.0004, Time: 36313.9s
Epoch [171/200], Step [20/160], Loss: 0.0004, Time: 36341.0s
Epoch [171/200], Step [40/160], Loss: 0.0003, Time: 36367.5s
Epoch [171/200], Step [60/160], Loss: 0.0005, Time: 36393.9s
Epoch [171/200], Step [80/160], Loss: 0.0003, Time: 36420.4s
Epoch [171/200], Step [100/160], Loss: 0.0004, Time: 36446.8s
Epoch [171/200], Step [120/160], Loss: 0.0004, Time: 36473.2s
Epoch [171/200], Step [140/160], Loss: 0.0006, Time: 36499.7s
Epoch [171/200], Step [160/160], Loss: 0.0003, Time: 36526.2s
Epoch [172/200], Step [20/160], Loss: 0.0003, Time: 36553.3s
Epoch [172/200], Step [40/160], Loss: 0.0004, Time: 36579.7s
Epoch [172/200], Step [60/160], Loss: 0.0004, Time: 36606.2s
Epoch [172/200], Step [80/160], Loss: 0.0003, Time: 36632.6s
Epoch [172/200], Step [100/160], Loss: 0.0005, Time: 36659.1s
Epoch [172/200], Step [120/160], Loss: 0.0003, Time: 36685.5s
Epoch [172/200], Step [140/160], Loss: 0.0004, Time: 36711.9s
Epoch [172/200], Step [160/160], Loss: 0.0003, Time: 36738.4s
Epoch [173/200], Step [20/160], Loss: 0.0004, Time: 36765.5s
Epoch [173/200], Step [40/160], Loss: 0.0004, Time: 36792.0s
Epoch [173/200], Step [60/160], Loss: 0.0003, Time: 36818.5s
Epoch [173/200], Step [80/160], Loss: 0.0003, Time: 36845.0s
Epoch [173/200], Step [100/160], Loss: 0.0003, Time: 36871.5s
Epoch [173/200], Step [120/160], Loss: 0.0003, Time: 36898.0s
Epoch [173/200], Step [140/160], Loss: 0.0005, Time: 36924.5s
Epoch [173/200], Step [160/160], Loss: 0.0004, Time: 36951.0s
Epoch [174/200], Step [20/160], Loss: 0.0003, Time: 36978.1s
Epoch [174/200], Step [40/160], Loss: 0.0004, Time: 37004.5s
Epoch [174/200], Step [60/160], Loss: 0.0004, Time: 37031.0s
Epoch [174/200], Step [80/160], Loss: 0.0004, Time: 37057.4s
Epoch [174/200], Step [100/160], Loss: 0.0005, Time: 37083.8s
Epoch [174/200], Step [120/160], Loss: 0.0003, Time: 37110.3s
Epoch [174/200], Step [140/160], Loss: 0.0004, Time: 37136.7s
Epoch [174/200], Step [160/160], Loss: 0.0003, Time: 37163.1s
Epoch [175/200], Step [20/160], Loss: 0.0004, Time: 37190.3s
Epoch [175/200], Step [40/160], Loss: 0.0003, Time: 37216.8s
Epoch [175/200], Step [60/160], Loss: 0.0004, Time: 37243.2s
Epoch [175/200], Step [80/160], Loss: 0.0003, Time: 37269.7s
Epoch [175/200], Step [100/160], Loss: 0.0003, Time: 37296.2s
Epoch [175/200], Step [120/160], Loss: 0.0003, Time: 37322.7s
Epoch [175/200], Step [140/160], Loss: 0.0003, Time: 37349.2s
Epoch [175/200], Step [160/160], Loss: 0.0004, Time: 37375.7s
Epoch [176/200], Step [20/160], Loss: 0.0005, Time: 37402.9s
Epoch [176/200], Step [40/160], Loss: 0.0003, Time: 37429.4s
Epoch [176/200], Step [60/160], Loss: 0.0002, Time: 37456.0s
Epoch [176/200], Step [80/160], Loss: 0.0004, Time: 37482.5s
Epoch [176/200], Step [100/160], Loss: 0.0005, Time: 37509.0s
Epoch [176/200], Step [120/160], Loss: 0.0003, Time: 37535.5s
Epoch [176/200], Step [140/160], Loss: 0.0003, Time: 37562.0s
Epoch [176/200], Step [160/160], Loss: 0.0004, Time: 37588.5s
Epoch [177/200], Step [20/160], Loss: 0.0004, Time: 37615.6s
Epoch [177/200], Step [40/160], Loss: 0.0003, Time: 37642.1s
Epoch [177/200], Step [60/160], Loss: 0.0003, Time: 37668.6s
Epoch [177/200], Step [80/160], Loss: 0.0005, Time: 37695.1s
Epoch [177/200], Step [100/160], Loss: 0.0004, Time: 37721.5s
Epoch [177/200], Step [120/160], Loss: 0.0004, Time: 37748.0s
Epoch [177/200], Step [140/160], Loss: 0.0004, Time: 37774.5s
Epoch [177/200], Step [160/160], Loss: 0.0004, Time: 37800.9s
Epoch [178/200], Step [20/160], Loss: 0.0004, Time: 37828.1s
Epoch [178/200], Step [40/160], Loss: 0.0003, Time: 37854.6s
Epoch [178/200], Step [60/160], Loss: 0.0004, Time: 37881.0s
Epoch [178/200], Step [80/160], Loss: 0.0004, Time: 37907.5s
Epoch [178/200], Step [100/160], Loss: 0.0003, Time: 37933.9s
Epoch [178/200], Step [120/160], Loss: 0.0003, Time: 37960.4s
Epoch [178/200], Step [140/160], Loss: 0.0004, Time: 37986.9s
Epoch [178/200], Step [160/160], Loss: 0.0003, Time: 38013.3s
Epoch [179/200], Step [20/160], Loss: 0.0003, Time: 38040.5s
Epoch [179/200], Step [40/160], Loss: 0.0005, Time: 38066.9s
Epoch [179/200], Step [60/160], Loss: 0.0004, Time: 38093.4s
Epoch [179/200], Step [80/160], Loss: 0.0005, Time: 38119.9s
Epoch [179/200], Step [100/160], Loss: 0.0003, Time: 38146.4s
Epoch [179/200], Step [120/160], Loss: 0.0006, Time: 38172.8s
Epoch [179/200], Step [140/160], Loss: 0.0003, Time: 38199.3s
Epoch [179/200], Step [160/160], Loss: 0.0003, Time: 38225.8s
Epoch [180/200], Step [20/160], Loss: 0.0005, Time: 38252.9s
Epoch [180/200], Step [40/160], Loss: 0.0004, Time: 38279.4s
Epoch [180/200], Step [60/160], Loss: 0.0005, Time: 38305.8s
Epoch [180/200], Step [80/160], Loss: 0.0005, Time: 38332.2s
Epoch [180/200], Step [100/160], Loss: 0.0003, Time: 38358.7s
Epoch [180/200], Step [120/160], Loss: 0.0003, Time: 38385.1s
Epoch [180/200], Step [140/160], Loss: 0.0003, Time: 38411.6s
Epoch [180/200], Step [160/160], Loss: 0.0003, Time: 38438.0s
Epoch [181/200], Step [20/160], Loss: 0.0003, Time: 38465.2s
Epoch [181/200], Step [40/160], Loss: 0.0003, Time: 38491.7s
Epoch [181/200], Step [60/160], Loss: 0.0005, Time: 38518.1s
Epoch [181/200], Step [80/160], Loss: 0.0004, Time: 38544.6s
Epoch [181/200], Step [100/160], Loss: 0.0004, Time: 38571.1s
Epoch [181/200], Step [120/160], Loss: 0.0003, Time: 38597.6s
Epoch [181/200], Step [140/160], Loss: 0.0004, Time: 38624.1s
Epoch [181/200], Step [160/160], Loss: 0.0003, Time: 38650.5s
Epoch [182/200], Step [20/160], Loss: 0.0003, Time: 38677.7s
Epoch [182/200], Step [40/160], Loss: 0.0004, Time: 38704.1s
Epoch [182/200], Step [60/160], Loss: 0.0005, Time: 38730.6s
Epoch [182/200], Step [80/160], Loss: 0.0004, Time: 38757.1s
Epoch [182/200], Step [100/160], Loss: 0.0003, Time: 38783.5s
Epoch [182/200], Step [120/160], Loss: 0.0004, Time: 38809.9s
Epoch [182/200], Step [140/160], Loss: 0.0004, Time: 38836.4s
Epoch [182/200], Step [160/160], Loss: 0.0003, Time: 38862.8s
Epoch [183/200], Step [20/160], Loss: 0.0004, Time: 38890.0s
Epoch [183/200], Step [40/160], Loss: 0.0004, Time: 38916.5s
Epoch [183/200], Step [60/160], Loss: 0.0003, Time: 38942.9s
Epoch [183/200], Step [80/160], Loss: 0.0004, Time: 38969.3s
Epoch [183/200], Step [100/160], Loss: 0.0005, Time: 38995.8s
Epoch [183/200], Step [120/160], Loss: 0.0003, Time: 39022.2s
Epoch [183/200], Step [140/160], Loss: 0.0003, Time: 39048.6s
Epoch [183/200], Step [160/160], Loss: 0.0005, Time: 39075.0s
Epoch [184/200], Step [20/160], Loss: 0.0004, Time: 39102.1s
Epoch [184/200], Step [40/160], Loss: 0.0004, Time: 39128.6s
Epoch [184/200], Step [60/160], Loss: 0.0003, Time: 39155.1s
Epoch [184/200], Step [80/160], Loss: 0.0003, Time: 39181.5s
Epoch [184/200], Step [100/160], Loss: 0.0006, Time: 39208.0s
Epoch [184/200], Step [120/160], Loss: 0.0004, Time: 39234.4s
Epoch [184/200], Step [140/160], Loss: 0.0003, Time: 39260.9s
Epoch [184/200], Step [160/160], Loss: 0.0003, Time: 39287.3s
Epoch [185/200], Step [20/160], Loss: 0.0003, Time: 39314.5s
Epoch [185/200], Step [40/160], Loss: 0.0004, Time: 39340.9s
Epoch [185/200], Step [60/160], Loss: 0.0004, Time: 39367.4s
Epoch [185/200], Step [80/160], Loss: 0.0004, Time: 39393.9s
Epoch [185/200], Step [100/160], Loss: 0.0004, Time: 39420.3s
Epoch [185/200], Step [120/160], Loss: 0.0004, Time: 39446.8s
Epoch [185/200], Step [140/160], Loss: 0.0004, Time: 39473.3s
Epoch [185/200], Step [160/160], Loss: 0.0005, Time: 39499.7s
Epoch [186/200], Step [20/160], Loss: 0.0004, Time: 39527.0s
Epoch [186/200], Step [40/160], Loss: 0.0003, Time: 39553.4s
Epoch [186/200], Step [60/160], Loss: 0.0003, Time: 39579.8s
Epoch [186/200], Step [80/160], Loss: 0.0003, Time: 39606.3s
Epoch [186/200], Step [100/160], Loss: 0.0003, Time: 39632.7s
Epoch [186/200], Step [120/160], Loss: 0.0004, Time: 39659.1s
Epoch [186/200], Step [140/160], Loss: 0.0004, Time: 39685.6s
Epoch [186/200], Step [160/160], Loss: 0.0004, Time: 39712.0s
Epoch [187/200], Step [20/160], Loss: 0.0003, Time: 39739.2s
Epoch [187/200], Step [40/160], Loss: 0.0004, Time: 39765.6s
Epoch [187/200], Step [60/160], Loss: 0.0005, Time: 39792.1s
Epoch [187/200], Step [80/160], Loss: 0.0003, Time: 39818.6s
Epoch [187/200], Step [100/160], Loss: 0.0004, Time: 39845.1s
Epoch [187/200], Step [120/160], Loss: 0.0004, Time: 39871.6s
Epoch [187/200], Step [140/160], Loss: 0.0004, Time: 39898.1s
Epoch [187/200], Step [160/160], Loss: 0.0004, Time: 39924.5s
Epoch [188/200], Step [20/160], Loss: 0.0003, Time: 39951.7s
Epoch [188/200], Step [40/160], Loss: 0.0003, Time: 39978.2s
Epoch [188/200], Step [60/160], Loss: 0.0003, Time: 40004.6s
Epoch [188/200], Step [80/160], Loss: 0.0004, Time: 40031.1s
Epoch [188/200], Step [100/160], Loss: 0.0004, Time: 40057.5s
Epoch [188/200], Step [120/160], Loss: 0.0004, Time: 40084.0s
Epoch [188/200], Step [140/160], Loss: 0.0004, Time: 40110.4s
Epoch [188/200], Step [160/160], Loss: 0.0006, Time: 40136.8s
Epoch [189/200], Step [20/160], Loss: 0.0003, Time: 40163.9s
Epoch [189/200], Step [40/160], Loss: 0.0004, Time: 40190.4s
Epoch [189/200], Step [60/160], Loss: 0.0003, Time: 40216.9s
Epoch [189/200], Step [80/160], Loss: 0.0003, Time: 40243.4s
Epoch [189/200], Step [100/160], Loss: 0.0004, Time: 40269.9s
Epoch [189/200], Step [120/160], Loss: 0.0003, Time: 40296.4s
Epoch [189/200], Step [140/160], Loss: 0.0004, Time: 40322.9s
Epoch [189/200], Step [160/160], Loss: 0.0004, Time: 40349.3s
Epoch [190/200], Step [20/160], Loss: 0.0004, Time: 40376.4s
Epoch [190/200], Step [40/160], Loss: 0.0005, Time: 40402.8s
Epoch [190/200], Step [60/160], Loss: 0.0004, Time: 40429.3s
Epoch [190/200], Step [80/160], Loss: 0.0003, Time: 40455.7s
Epoch [190/200], Step [100/160], Loss: 0.0002, Time: 40482.1s
Epoch [190/200], Step [120/160], Loss: 0.0004, Time: 40508.5s
Epoch [190/200], Step [140/160], Loss: 0.0003, Time: 40535.0s
Epoch [190/200], Step [160/160], Loss: 0.0004, Time: 40561.4s
Epoch [191/200], Step [20/160], Loss: 0.0004, Time: 40588.6s
Epoch [191/200], Step [40/160], Loss: 0.0004, Time: 40615.0s
Epoch [191/200], Step [60/160], Loss: 0.0003, Time: 40641.5s
Epoch [191/200], Step [80/160], Loss: 0.0003, Time: 40667.9s
Epoch [191/200], Step [100/160], Loss: 0.0004, Time: 40694.4s
Epoch [191/200], Step [120/160], Loss: 0.0003, Time: 40720.8s
Epoch [191/200], Step [140/160], Loss: 0.0003, Time: 40747.2s
Epoch [191/200], Step [160/160], Loss: 0.0002, Time: 40773.7s
Epoch [192/200], Step [20/160], Loss: 0.0004, Time: 40800.8s
Epoch [192/200], Step [40/160], Loss: 0.0004, Time: 40827.2s
Epoch [192/200], Step [60/160], Loss: 0.0003, Time: 40853.6s
Epoch [192/200], Step [80/160], Loss: 0.0003, Time: 40880.1s
Epoch [192/200], Step [100/160], Loss: 0.0004, Time: 40906.6s
Epoch [192/200], Step [120/160], Loss: 0.0004, Time: 40933.1s
Epoch [192/200], Step [140/160], Loss: 0.0003, Time: 40959.6s
Epoch [192/200], Step [160/160], Loss: 0.0003, Time: 40986.0s
Epoch [193/200], Step [20/160], Loss: 0.0004, Time: 41013.1s
Epoch [193/200], Step [40/160], Loss: 0.0004, Time: 41039.5s
Epoch [193/200], Step [60/160], Loss: 0.0003, Time: 41066.0s
Epoch [193/200], Step [80/160], Loss: 0.0003, Time: 41092.4s
Epoch [193/200], Step [100/160], Loss: 0.0004, Time: 41118.8s
Epoch [193/200], Step [120/160], Loss: 0.0003, Time: 41145.2s
Epoch [193/200], Step [140/160], Loss: 0.0004, Time: 41171.7s
Epoch [193/200], Step [160/160], Loss: 0.0003, Time: 41198.1s
Epoch [194/200], Step [20/160], Loss: 0.0003, Time: 41225.3s
Epoch [194/200], Step [40/160], Loss: 0.0004, Time: 41251.7s
Epoch [194/200], Step [60/160], Loss: 0.0003, Time: 41278.1s
Epoch [194/200], Step [80/160], Loss: 0.0005, Time: 41304.5s
Epoch [194/200], Step [100/160], Loss: 0.0003, Time: 41331.0s
Epoch [194/200], Step [120/160], Loss: 0.0003, Time: 41357.4s
Epoch [194/200], Step [140/160], Loss: 0.0003, Time: 41383.8s
Epoch [194/200], Step [160/160], Loss: 0.0003, Time: 41410.3s
Epoch [195/200], Step [20/160], Loss: 0.0004, Time: 41437.4s
Epoch [195/200], Step [40/160], Loss: 0.0003, Time: 41463.9s
Epoch [195/200], Step [60/160], Loss: 0.0003, Time: 41490.3s
Epoch [195/200], Step [80/160], Loss: 0.0003, Time: 41516.8s
Epoch [195/200], Step [100/160], Loss: 0.0005, Time: 41543.2s
Epoch [195/200], Step [120/160], Loss: 0.0003, Time: 41569.6s
Epoch [195/200], Step [140/160], Loss: 0.0003, Time: 41596.1s
Epoch [195/200], Step [160/160], Loss: 0.0004, Time: 41622.6s
Epoch [196/200], Step [20/160], Loss: 0.0003, Time: 41649.8s
Epoch [196/200], Step [40/160], Loss: 0.0003, Time: 41676.2s
Epoch [196/200], Step [60/160], Loss: 0.0004, Time: 41702.7s
Epoch [196/200], Step [80/160], Loss: 0.0003, Time: 41729.2s
Epoch [196/200], Step [100/160], Loss: 0.0004, Time: 41755.6s
Epoch [196/200], Step [120/160], Loss: 0.0004, Time: 41782.1s
Epoch [196/200], Step [140/160], Loss: 0.0003, Time: 41808.6s
Epoch [196/200], Step [160/160], Loss: 0.0003, Time: 41835.0s
Epoch [197/200], Step [20/160], Loss: 0.0004, Time: 41862.1s
Epoch [197/200], Step [40/160], Loss: 0.0004, Time: 41888.6s
Epoch [197/200], Step [60/160], Loss: 0.0002, Time: 41915.1s
Epoch [197/200], Step [80/160], Loss: 0.0003, Time: 41941.5s
Epoch [197/200], Step [100/160], Loss: 0.0003, Time: 41968.0s
Epoch [197/200], Step [120/160], Loss: 0.0003, Time: 41994.5s
Epoch [197/200], Step [140/160], Loss: 0.0004, Time: 42020.9s
Epoch [197/200], Step [160/160], Loss: 0.0004, Time: 42047.3s
Epoch [198/200], Step [20/160], Loss: 0.0004, Time: 42074.4s
Epoch [198/200], Step [40/160], Loss: 0.0004, Time: 42100.9s
Epoch [198/200], Step [60/160], Loss: 0.0004, Time: 42127.3s
Epoch [198/200], Step [80/160], Loss: 0.0003, Time: 42153.8s
Epoch [198/200], Step [100/160], Loss: 0.0003, Time: 42180.2s
Epoch [198/200], Step [120/160], Loss: 0.0004, Time: 42206.6s
Epoch [198/200], Step [140/160], Loss: 0.0004, Time: 42233.0s
Epoch [198/200], Step [160/160], Loss: 0.0004, Time: 42259.5s
Epoch [199/200], Step [20/160], Loss: 0.0003, Time: 42286.6s
Epoch [199/200], Step [40/160], Loss: 0.0004, Time: 42313.1s
Epoch [199/200], Step [60/160], Loss: 0.0005, Time: 42339.5s
Epoch [199/200], Step [80/160], Loss: 0.0003, Time: 42366.0s
Epoch [199/200], Step [100/160], Loss: 0.0004, Time: 42392.5s
Epoch [199/200], Step [120/160], Loss: 0.0004, Time: 42419.0s
Epoch [199/200], Step [140/160], Loss: 0.0004, Time: 42445.5s
Epoch [199/200], Step [160/160], Loss: 0.0005, Time: 42472.0s
Epoch [200/200], Step [20/160], Loss: 0.0003, Time: 42499.1s
Epoch [200/200], Step [40/160], Loss: 0.0003, Time: 42525.6s
Epoch [200/200], Step [60/160], Loss: 0.0004, Time: 42552.0s
Epoch [200/200], Step [80/160], Loss: 0.0003, Time: 42578.5s
Epoch [200/200], Step [100/160], Loss: 0.0005, Time: 42604.9s
Epoch [200/200], Step [120/160], Loss: 0.0004, Time: 42631.3s
Epoch [200/200], Step [140/160], Loss: 0.0003, Time: 42657.8s
Epoch [200/200], Step [160/160], Loss: 0.0003, Time: 42684.2s
done training
